ARM GAS  C:\Users\Klukk-TP\AppData\Local\Temp\ccavpENj.s 			page 1


   1              		.syntax unified
   2              		.cpu cortex-m3
   3              		.fpu softvfp
   4              		.eabi_attribute 20, 1
   5              		.eabi_attribute 21, 1
   6              		.eabi_attribute 23, 3
   7              		.eabi_attribute 24, 1
   8              		.eabi_attribute 25, 1
   9              		.eabi_attribute 26, 1
  10              		.eabi_attribute 30, 1
  11              		.eabi_attribute 34, 1
  12              		.eabi_attribute 18, 4
  13              		.thumb
  14              		.syntax unified
  15              		.file	"cymetadata.c"
  16              		.text
  17              	.Ltext0:
  18              		.cfi_sections	.debug_frame
  19              		.global	cy_metadata
  20              		.global	cy_meta_flashprotect
  21              		.global	cy_meta_wonvl
  22              		.global	cy_meta_custnvl
  23              		.global	cy_meta_configecc
  24              		.section	.cyconfigecc,"a",%progbits
  25              		.align	2
  26              		.type	cy_meta_configecc, %object
  27              		.size	cy_meta_configecc, 1580
  28              	cy_meta_configecc:
  29 0000 01       		.byte	1
  30 0001 52       		.byte	82
  31 0002 00       		.byte	0
  32 0003 40       		.byte	64
  33 0004 01       		.byte	1
  34 0005 64       		.byte	100
  35 0006 00       		.byte	0
  36 0007 40       		.byte	64
  37 0008 03       		.byte	3
  38 0009 65       		.byte	101
  39 000a 00       		.byte	0
  40 000b 40       		.byte	64
  41 000c 03       		.byte	3
  42 000d 03       		.byte	3
  43 000e 01       		.byte	1
  44 000f 40       		.byte	64
  45 0010 4B       		.byte	75
  46 0011 04       		.byte	4
  47 0012 01       		.byte	1
  48 0013 40       		.byte	64
  49 0014 38       		.byte	56
  50 0015 05       		.byte	5
  51 0016 01       		.byte	1
  52 0017 40       		.byte	64
  53 0018 13       		.byte	19
  54 0019 07       		.byte	7
  55 001a 01       		.byte	1
  56 001b 40       		.byte	64
  57 001c 40       		.byte	64
ARM GAS  C:\Users\Klukk-TP\AppData\Local\Temp\ccavpENj.s 			page 2


  58 001d 14       		.byte	20
  59 001e 01       		.byte	1
  60 001f 40       		.byte	64
  61 0020 53       		.byte	83
  62 0021 15       		.byte	21
  63 0022 01       		.byte	1
  64 0023 40       		.byte	64
  65 0024 0B       		.byte	11
  66 0025 17       		.byte	23
  67 0026 01       		.byte	1
  68 0027 40       		.byte	64
  69 0028 69       		.byte	105
  70 0029 18       		.byte	24
  71 002a 01       		.byte	1
  72 002b 40       		.byte	64
  73 002c 33       		.byte	51
  74 002d 19       		.byte	25
  75 002e 01       		.byte	1
  76 002f 40       		.byte	64
  77 0030 51       		.byte	81
  78 0031 1A       		.byte	26
  79 0032 01       		.byte	1
  80 0033 40       		.byte	64
  81 0034 52       		.byte	82
  82 0035 1B       		.byte	27
  83 0036 01       		.byte	1
  84 0037 40       		.byte	64
  85 0038 09       		.byte	9
  86 0039 40       		.byte	64
  87 003a 01       		.byte	1
  88 003b 40       		.byte	64
  89 003c 0F       		.byte	15
  90 003d 41       		.byte	65
  91 003e 01       		.byte	1
  92 003f 40       		.byte	64
  93 0040 08       		.byte	8
  94 0041 42       		.byte	66
  95 0042 01       		.byte	1
  96 0043 40       		.byte	64
  97 0044 0D       		.byte	13
  98 0045 43       		.byte	67
  99 0046 01       		.byte	1
 100 0047 40       		.byte	64
 101 0048 06       		.byte	6
 102 0049 48       		.byte	72
 103 004a 01       		.byte	1
 104 004b 40       		.byte	64
 105 004c 11       		.byte	17
 106 004d 49       		.byte	73
 107 004e 01       		.byte	1
 108 004f 40       		.byte	64
 109 0050 01       		.byte	1
 110 0051 4C       		.byte	76
 111 0052 01       		.byte	1
 112 0053 40       		.byte	64
 113 0054 07       		.byte	7
 114 0055 4D       		.byte	77
ARM GAS  C:\Users\Klukk-TP\AppData\Local\Temp\ccavpENj.s 			page 3


 115 0056 01       		.byte	1
 116 0057 40       		.byte	64
 117 0058 05       		.byte	5
 118 0059 50       		.byte	80
 119 005a 01       		.byte	1
 120 005b 40       		.byte	64
 121 005c 03       		.byte	3
 122 005d 51       		.byte	81
 123 005e 01       		.byte	1
 124 005f 40       		.byte	64
 125 0060 01       		.byte	1
 126 0061 02       		.byte	2
 127 0062 84       		.byte	-124
 128 0063 0F       		.byte	15
 129 0064 84       		.byte	-124
 130 0065 0F       		.byte	15
 131 0066 85       		.byte	-123
 132 0067 38       		.byte	56
 133 0068 8B       		.byte	-117
 134 0069 72       		.byte	114
 135 006a 87       		.byte	-121
 136 006b 10       		.byte	16
 137 006c 8C       		.byte	-116
 138 006d 01       		.byte	1
 139 006e E6       		.byte	-26
 140 006f 10       		.byte	16
 141 0070 04       		.byte	4
 142 0071 02       		.byte	2
 143 0072 06       		.byte	6
 144 0073 04       		.byte	4
 145 0074 0B       		.byte	11
 146 0075 04       		.byte	4
 147 0076 0F       		.byte	15
 148 0077 04       		.byte	4
 149 0078 13       		.byte	19
 150 0079 01       		.byte	1
 151 007a 15       		.byte	21
 152 007b 02       		.byte	2
 153 007c 16       		.byte	22
 154 007d 01       		.byte	1
 155 007e 1C       		.byte	28
 156 007f 01       		.byte	1
 157 0080 22       		.byte	34
 158 0081 08       		.byte	8
 159 0082 23       		.byte	35
 160 0083 02       		.byte	2
 161 0084 26       		.byte	38
 162 0085 08       		.byte	8
 163 0086 28       		.byte	40
 164 0087 04       		.byte	4
 165 0088 2A       		.byte	42
 166 0089 02       		.byte	2
 167 008a 2B       		.byte	43
 168 008b 01       		.byte	1
 169 008c 30       		.byte	48
 170 008d 06       		.byte	6
 171 008e 31       		.byte	49
ARM GAS  C:\Users\Klukk-TP\AppData\Local\Temp\ccavpENj.s 			page 4


 172 008f 04       		.byte	4
 173 0090 34       		.byte	52
 174 0091 08       		.byte	8
 175 0092 35       		.byte	53
 176 0093 02       		.byte	2
 177 0094 36       		.byte	54
 178 0095 01       		.byte	1
 179 0096 37       		.byte	55
 180 0097 01       		.byte	1
 181 0098 3C       		.byte	60
 182 0099 80       		.byte	-128
 183 009a 3E       		.byte	62
 184 009b 01       		.byte	1
 185 009c 3F       		.byte	63
 186 009d 41       		.byte	65
 187 009e 40       		.byte	64
 188 009f 41       		.byte	65
 189 00a0 41       		.byte	65
 190 00a1 02       		.byte	2
 191 00a2 45       		.byte	69
 192 00a3 D5       		.byte	-43
 193 00a4 46       		.byte	70
 194 00a5 20       		.byte	32
 195 00a6 47       		.byte	71
 196 00a7 01       		.byte	1
 197 00a8 48       		.byte	72
 198 00a9 1B       		.byte	27
 199 00aa 49       		.byte	73
 200 00ab FF       		.byte	-1
 201 00ac 4A       		.byte	74
 202 00ad FF       		.byte	-1
 203 00ae 4B       		.byte	75
 204 00af FF       		.byte	-1
 205 00b0 4D       		.byte	77
 206 00b1 A0       		.byte	-96
 207 00b2 4F       		.byte	79
 208 00b3 04       		.byte	4
 209 00b4 50       		.byte	80
 210 00b5 18       		.byte	24
 211 00b6 54       		.byte	84
 212 00b7 07       		.byte	7
 213 00b8 58       		.byte	88
 214 00b9 04       		.byte	4
 215 00ba 59       		.byte	89
 216 00bb 04       		.byte	4
 217 00bc 5A       		.byte	90
 218 00bd 04       		.byte	4
 219 00be 5B       		.byte	91
 220 00bf 04       		.byte	4
 221 00c0 5C       		.byte	92
 222 00c1 80       		.byte	-128
 223 00c2 5F       		.byte	95
 224 00c3 05       		.byte	5
 225 00c4 60       		.byte	96
 226 00c5 40       		.byte	64
 227 00c6 62       		.byte	98
 228 00c7 C0       		.byte	-64
ARM GAS  C:\Users\Klukk-TP\AppData\Local\Temp\ccavpENj.s 			page 5


 229 00c8 64       		.byte	100
 230 00c9 40       		.byte	64
 231 00ca 65       		.byte	101
 232 00cb 40       		.byte	64
 233 00cc 66       		.byte	102
 234 00cd C0       		.byte	-64
 235 00ce 68       		.byte	104
 236 00cf C0       		.byte	-64
 237 00d0 6A       		.byte	106
 238 00d1 C0       		.byte	-64
 239 00d2 6C       		.byte	108
 240 00d3 C0       		.byte	-64
 241 00d4 6E       		.byte	110
 242 00d5 C0       		.byte	-64
 243 00d6 80       		.byte	-128
 244 00d7 01       		.byte	1
 245 00d8 83       		.byte	-125
 246 00d9 02       		.byte	2
 247 00da 85       		.byte	-123
 248 00db 01       		.byte	1
 249 00dc 88       		.byte	-120
 250 00dd 01       		.byte	1
 251 00de 8E       		.byte	-114
 252 00df 02       		.byte	2
 253 00e0 96       		.byte	-106
 254 00e1 06       		.byte	6
 255 00e2 9A       		.byte	-102
 256 00e3 01       		.byte	1
 257 00e4 A5       		.byte	-91
 258 00e5 01       		.byte	1
 259 00e6 A9       		.byte	-87
 260 00e7 01       		.byte	1
 261 00e8 B0       		.byte	-80
 262 00e9 04       		.byte	4
 263 00ea B1       		.byte	-79
 264 00eb 02       		.byte	2
 265 00ec B2       		.byte	-78
 266 00ed 02       		.byte	2
 267 00ee B4       		.byte	-76
 268 00ef 01       		.byte	1
 269 00f0 B7       		.byte	-73
 270 00f1 01       		.byte	1
 271 00f2 B8       		.byte	-72
 272 00f3 20       		.byte	32
 273 00f4 B9       		.byte	-71
 274 00f5 80       		.byte	-128
 275 00f6 BD       		.byte	-67
 276 00f7 02       		.byte	2
 277 00f8 BE       		.byte	-66
 278 00f9 10       		.byte	16
 279 00fa BF       		.byte	-65
 280 00fb 40       		.byte	64
 281 00fc D2       		.byte	-46
 282 00fd 80       		.byte	-128
 283 00fe D8       		.byte	-40
 284 00ff 04       		.byte	4
 285 0100 D9       		.byte	-39
ARM GAS  C:\Users\Klukk-TP\AppData\Local\Temp\ccavpENj.s 			page 6


 286 0101 04       		.byte	4
 287 0102 DB       		.byte	-37
 288 0103 04       		.byte	4
 289 0104 DF       		.byte	-33
 290 0105 01       		.byte	1
 291 0106 03       		.byte	3
 292 0107 20       		.byte	32
 293 0108 04       		.byte	4
 294 0109 40       		.byte	64
 295 010a 05       		.byte	5
 296 010b 22       		.byte	34
 297 010c 09       		.byte	9
 298 010d 08       		.byte	8
 299 010e 0B       		.byte	11
 300 010f 02       		.byte	2
 301 0110 0D       		.byte	13
 302 0111 18       		.byte	24
 303 0112 10       		.byte	16
 304 0113 28       		.byte	40
 305 0114 11       		.byte	17
 306 0115 02       		.byte	2
 307 0116 16       		.byte	22
 308 0117 40       		.byte	64
 309 0118 17       		.byte	23
 310 0119 02       		.byte	2
 311 011a 19       		.byte	25
 312 011b 40       		.byte	64
 313 011c 1B       		.byte	27
 314 011d 11       		.byte	17
 315 011e 1E       		.byte	30
 316 011f 10       		.byte	16
 317 0120 1F       		.byte	31
 318 0121 11       		.byte	17
 319 0122 20       		.byte	32
 320 0123 08       		.byte	8
 321 0124 21       		.byte	33
 322 0125 12       		.byte	18
 323 0126 23       		.byte	35
 324 0127 02       		.byte	2
 325 0128 24       		.byte	36
 326 0129 41       		.byte	65
 327 012a 25       		.byte	37
 328 012b 01       		.byte	1
 329 012c 28       		.byte	40
 330 012d 08       		.byte	8
 331 012e 29       		.byte	41
 332 012f 02       		.byte	2
 333 0130 2C       		.byte	44
 334 0131 08       		.byte	8
 335 0132 2D       		.byte	45
 336 0133 20       		.byte	32
 337 0134 2F       		.byte	47
 338 0135 20       		.byte	32
 339 0136 30       		.byte	48
 340 0137 08       		.byte	8
 341 0138 33       		.byte	51
 342 0139 02       		.byte	2
ARM GAS  C:\Users\Klukk-TP\AppData\Local\Temp\ccavpENj.s 			page 7


 343 013a 38       		.byte	56
 344 013b 60       		.byte	96
 345 013c 3C       		.byte	60
 346 013d 0A       		.byte	10
 347 013e 40       		.byte	64
 348 013f 40       		.byte	64
 349 0140 41       		.byte	65
 350 0141 20       		.byte	32
 351 0142 42       		.byte	66
 352 0143 02       		.byte	2
 353 0144 48       		.byte	72
 354 0145 20       		.byte	32
 355 0146 49       		.byte	73
 356 0147 01       		.byte	1
 357 0148 50       		.byte	80
 358 0149 10       		.byte	16
 359 014a 51       		.byte	81
 360 014b 28       		.byte	40
 361 014c 59       		.byte	89
 362 014d 41       		.byte	65
 363 014e 5A       		.byte	90
 364 014f 24       		.byte	36
 365 0150 74       		.byte	116
 366 0151 01       		.byte	1
 367 0152 7B       		.byte	123
 368 0153 05       		.byte	5
 369 0154 7C       		.byte	124
 370 0155 20       		.byte	32
 371 0156 94       		.byte	-108
 372 0157 01       		.byte	1
 373 0158 96       		.byte	-106
 374 0159 10       		.byte	16
 375 015a 97       		.byte	-105
 376 015b 20       		.byte	32
 377 015c A7       		.byte	-89
 378 015d 10       		.byte	16
 379 015e AA       		.byte	-86
 380 015f 10       		.byte	16
 381 0160 B7       		.byte	-73
 382 0161 10       		.byte	16
 383 0162 C0       		.byte	-64
 384 0163 D4       		.byte	-44
 385 0164 C2       		.byte	-62
 386 0165 65       		.byte	101
 387 0166 C4       		.byte	-60
 388 0167 0E       		.byte	14
 389 0168 CA       		.byte	-54
 390 0169 65       		.byte	101
 391 016a CC       		.byte	-52
 392 016b 03       		.byte	3
 393 016c CE       		.byte	-50
 394 016d CC       		.byte	-52
 395 016e D0       		.byte	-48
 396 016f 0D       		.byte	13
 397 0170 D6       		.byte	-42
 398 0171 0F       		.byte	15
 399 0172 DE       		.byte	-34
ARM GAS  C:\Users\Klukk-TP\AppData\Local\Temp\ccavpENj.s 			page 8


 400 0173 2C       		.byte	44
 401 0174 EA       		.byte	-22
 402 0175 10       		.byte	16
 403 0176 80       		.byte	-128
 404 0177 08       		.byte	8
 405 0178 84       		.byte	-124
 406 0179 01       		.byte	1
 407 017a 8C       		.byte	-116
 408 017b 04       		.byte	4
 409 017c 96       		.byte	-106
 410 017d 20       		.byte	32
 411 017e 9A       		.byte	-102
 412 017f 40       		.byte	64
 413 0180 9C       		.byte	-100
 414 0181 08       		.byte	8
 415 0182 A0       		.byte	-96
 416 0183 20       		.byte	32
 417 0184 A3       		.byte	-93
 418 0185 04       		.byte	4
 419 0186 A4       		.byte	-92
 420 0187 08       		.byte	8
 421 0188 A7       		.byte	-89
 422 0189 02       		.byte	2
 423 018a A8       		.byte	-88
 424 018b 20       		.byte	32
 425 018c AA       		.byte	-86
 426 018d 02       		.byte	2
 427 018e AB       		.byte	-85
 428 018f 04       		.byte	4
 429 0190 AD       		.byte	-83
 430 0191 02       		.byte	2
 431 0192 AE       		.byte	-82
 432 0193 04       		.byte	4
 433 0194 B1       		.byte	-79
 434 0195 02       		.byte	2
 435 0196 B3       		.byte	-77
 436 0197 20       		.byte	32
 437 0198 E6       		.byte	-26
 438 0199 40       		.byte	64
 439 019a E8       		.byte	-24
 440 019b 80       		.byte	-128
 441 019c 00       		.byte	0
 442 019d 10       		.byte	16
 443 019e 04       		.byte	4
 444 019f 19       		.byte	25
 445 01a0 06       		.byte	6
 446 01a1 06       		.byte	6
 447 01a2 08       		.byte	8
 448 01a3 06       		.byte	6
 449 01a4 0A       		.byte	10
 450 01a5 19       		.byte	25
 451 01a6 0C       		.byte	12
 452 01a7 04       		.byte	4
 453 01a8 10       		.byte	16
 454 01a9 02       		.byte	2
 455 01aa 11       		.byte	17
 456 01ab 01       		.byte	1
ARM GAS  C:\Users\Klukk-TP\AppData\Local\Temp\ccavpENj.s 			page 9


 457 01ac 14       		.byte	20
 458 01ad 06       		.byte	6
 459 01ae 18       		.byte	24
 460 01af 1F       		.byte	31
 461 01b0 1B       		.byte	27
 462 01b1 03       		.byte	3
 463 01b2 1C       		.byte	28
 464 01b3 06       		.byte	6
 465 01b4 1E       		.byte	30
 466 01b5 19       		.byte	25
 467 01b6 20       		.byte	32
 468 01b7 08       		.byte	8
 469 01b8 21       		.byte	33
 470 01b9 04       		.byte	4
 471 01ba 26       		.byte	38
 472 01bb 19       		.byte	25
 473 01bc 2C       		.byte	44
 474 01bd 18       		.byte	24
 475 01be 31       		.byte	49
 476 01bf 02       		.byte	2
 477 01c0 33       		.byte	51
 478 01c1 04       		.byte	4
 479 01c2 34       		.byte	52
 480 01c3 07       		.byte	7
 481 01c4 35       		.byte	53
 482 01c5 01       		.byte	1
 483 01c6 36       		.byte	54
 484 01c7 18       		.byte	24
 485 01c8 3A       		.byte	58
 486 01c9 20       		.byte	32
 487 01ca 3D       		.byte	61
 488 01cb 20       		.byte	32
 489 01cc 3F       		.byte	63
 490 01cd 04       		.byte	4
 491 01ce 54       		.byte	84
 492 01cf 01       		.byte	1
 493 01d0 56       		.byte	86
 494 01d1 04       		.byte	4
 495 01d2 58       		.byte	88
 496 01d3 04       		.byte	4
 497 01d4 59       		.byte	89
 498 01d5 04       		.byte	4
 499 01d6 5B       		.byte	91
 500 01d7 04       		.byte	4
 501 01d8 5C       		.byte	92
 502 01d9 01       		.byte	1
 503 01da 5D       		.byte	93
 504 01db 10       		.byte	16
 505 01dc 5F       		.byte	95
 506 01dd 01       		.byte	1
 507 01de 80       		.byte	-128
 508 01df 08       		.byte	8
 509 01e0 82       		.byte	-126
 510 01e1 04       		.byte	4
 511 01e2 84       		.byte	-124
 512 01e3 01       		.byte	1
 513 01e4 85       		.byte	-123
ARM GAS  C:\Users\Klukk-TP\AppData\Local\Temp\ccavpENj.s 			page 10


 514 01e5 02       		.byte	2
 515 01e6 87       		.byte	-121
 516 01e7 01       		.byte	1
 517 01e8 8A       		.byte	-118
 518 01e9 01       		.byte	1
 519 01ea 8C       		.byte	-116
 520 01eb 0C       		.byte	12
 521 01ec 91       		.byte	-111
 522 01ed 01       		.byte	1
 523 01ee 92       		.byte	-110
 524 01ef 02       		.byte	2
 525 01f0 93       		.byte	-109
 526 01f1 02       		.byte	2
 527 01f2 96       		.byte	-106
 528 01f3 02       		.byte	2
 529 01f4 9E       		.byte	-98
 530 01f5 01       		.byte	1
 531 01f6 A0       		.byte	-96
 532 01f7 0C       		.byte	12
 533 01f8 A4       		.byte	-92
 534 01f9 01       		.byte	1
 535 01fa B0       		.byte	-80
 536 01fb 01       		.byte	1
 537 01fc B1       		.byte	-79
 538 01fd 01       		.byte	1
 539 01fe B2       		.byte	-78
 540 01ff 02       		.byte	2
 541 0200 B4       		.byte	-76
 542 0201 08       		.byte	8
 543 0202 B5       		.byte	-75
 544 0203 03       		.byte	3
 545 0204 B6       		.byte	-74
 546 0205 04       		.byte	4
 547 0206 B8       		.byte	-72
 548 0207 A2       		.byte	-94
 549 0208 BE       		.byte	-66
 550 0209 54       		.byte	84
 551 020a BF       		.byte	-65
 552 020b 10       		.byte	16
 553 020c D4       		.byte	-44
 554 020d 18       		.byte	24
 555 020e D6       		.byte	-42
 556 020f 04       		.byte	4
 557 0210 D8       		.byte	-40
 558 0211 04       		.byte	4
 559 0212 D9       		.byte	-39
 560 0213 04       		.byte	4
 561 0214 DB       		.byte	-37
 562 0215 04       		.byte	4
 563 0216 DC       		.byte	-36
 564 0217 81       		.byte	-127
 565 0218 DD       		.byte	-35
 566 0219 10       		.byte	16
 567 021a DF       		.byte	-33
 568 021b 21       		.byte	33
 569 021c 00       		.byte	0
 570 021d 40       		.byte	64
ARM GAS  C:\Users\Klukk-TP\AppData\Local\Temp\ccavpENj.s 			page 11


 571 021e 01       		.byte	1
 572 021f 29       		.byte	41
 573 0220 05       		.byte	5
 574 0221 28       		.byte	40
 575 0222 07       		.byte	7
 576 0223 82       		.byte	-126
 577 0224 08       		.byte	8
 578 0225 62       		.byte	98
 579 0226 09       		.byte	9
 580 0227 08       		.byte	8
 581 0228 0E       		.byte	14
 582 0229 A0       		.byte	-96
 583 022a 0F       		.byte	15
 584 022b 02       		.byte	2
 585 022c 10       		.byte	16
 586 022d 80       		.byte	-128
 587 022e 11       		.byte	17
 588 022f 04       		.byte	4
 589 0230 12       		.byte	18
 590 0231 02       		.byte	2
 591 0232 14       		.byte	20
 592 0233 20       		.byte	32
 593 0234 17       		.byte	23
 594 0235 09       		.byte	9
 595 0236 19       		.byte	25
 596 0237 20       		.byte	32
 597 0238 1A       		.byte	26
 598 0239 01       		.byte	1
 599 023a 1C       		.byte	28
 600 023b 06       		.byte	6
 601 023c 1E       		.byte	30
 602 023d 80       		.byte	-128
 603 023e 1F       		.byte	31
 604 023f 04       		.byte	4
 605 0240 21       		.byte	33
 606 0241 02       		.byte	2
 607 0242 22       		.byte	34
 608 0243 14       		.byte	20
 609 0244 26       		.byte	38
 610 0245 20       		.byte	32
 611 0246 27       		.byte	39
 612 0247 80       		.byte	-128
 613 0248 29       		.byte	41
 614 0249 01       		.byte	1
 615 024a 30       		.byte	48
 616 024b 20       		.byte	32
 617 024c 31       		.byte	49
 618 024d 02       		.byte	2
 619 024e 37       		.byte	55
 620 024f 01       		.byte	1
 621 0250 3E       		.byte	62
 622 0251 08       		.byte	8
 623 0252 58       		.byte	88
 624 0253 80       		.byte	-128
 625 0254 59       		.byte	89
 626 0255 01       		.byte	1
 627 0256 5A       		.byte	90
ARM GAS  C:\Users\Klukk-TP\AppData\Local\Temp\ccavpENj.s 			page 12


 628 0257 18       		.byte	24
 629 0258 5E       		.byte	94
 630 0259 01       		.byte	1
 631 025a 63       		.byte	99
 632 025b 40       		.byte	64
 633 025c 65       		.byte	101
 634 025d 02       		.byte	2
 635 025e 66       		.byte	102
 636 025f 40       		.byte	64
 637 0260 67       		.byte	103
 638 0261 08       		.byte	8
 639 0262 7B       		.byte	123
 640 0263 04       		.byte	4
 641 0264 7E       		.byte	126
 642 0265 20       		.byte	32
 643 0266 81       		.byte	-127
 644 0267 08       		.byte	8
 645 0268 82       		.byte	-126
 646 0269 08       		.byte	8
 647 026a 83       		.byte	-125
 648 026b 02       		.byte	2
 649 026c 85       		.byte	-123
 650 026d 20       		.byte	32
 651 026e 87       		.byte	-121
 652 026f 01       		.byte	1
 653 0270 88       		.byte	-120
 654 0271 C0       		.byte	-64
 655 0272 89       		.byte	-119
 656 0273 04       		.byte	4
 657 0274 8A       		.byte	-118
 658 0275 02       		.byte	2
 659 0276 8B       		.byte	-117
 660 0277 01       		.byte	1
 661 0278 8C       		.byte	-116
 662 0279 42       		.byte	66
 663 027a 8D       		.byte	-115
 664 027b 08       		.byte	8
 665 027c 8F       		.byte	-113
 666 027d 02       		.byte	2
 667 027e 91       		.byte	-111
 668 027f 01       		.byte	1
 669 0280 92       		.byte	-110
 670 0281 10       		.byte	16
 671 0282 94       		.byte	-108
 672 0283 04       		.byte	4
 673 0284 96       		.byte	-106
 674 0285 20       		.byte	32
 675 0286 97       		.byte	-105
 676 0287 40       		.byte	64
 677 0288 98       		.byte	-104
 678 0289 80       		.byte	-128
 679 028a 99       		.byte	-103
 680 028b 01       		.byte	1
 681 028c 9A       		.byte	-102
 682 028d 40       		.byte	64
 683 028e 9B       		.byte	-101
 684 028f 08       		.byte	8
ARM GAS  C:\Users\Klukk-TP\AppData\Local\Temp\ccavpENj.s 			page 13


 685 0290 9D       		.byte	-99
 686 0291 02       		.byte	2
 687 0292 A0       		.byte	-96
 688 0293 20       		.byte	32
 689 0294 A2       		.byte	-94
 690 0295 10       		.byte	16
 691 0296 A3       		.byte	-93
 692 0297 04       		.byte	4
 693 0298 A4       		.byte	-92
 694 0299 01       		.byte	1
 695 029a A7       		.byte	-89
 696 029b 02       		.byte	2
 697 029c A8       		.byte	-88
 698 029d 80       		.byte	-128
 699 029e AB       		.byte	-85
 700 029f 08       		.byte	8
 701 02a0 AE       		.byte	-82
 702 02a1 10       		.byte	16
 703 02a2 B3       		.byte	-77
 704 02a3 40       		.byte	64
 705 02a4 B4       		.byte	-76
 706 02a5 08       		.byte	8
 707 02a6 B6       		.byte	-74
 708 02a7 10       		.byte	16
 709 02a8 C0       		.byte	-64
 710 02a9 FF       		.byte	-1
 711 02aa C2       		.byte	-62
 712 02ab BF       		.byte	-65
 713 02ac C4       		.byte	-60
 714 02ad 3D       		.byte	61
 715 02ae CA       		.byte	-54
 716 02af 01       		.byte	1
 717 02b0 CC       		.byte	-52
 718 02b1 85       		.byte	-123
 719 02b2 CE       		.byte	-50
 720 02b3 40       		.byte	64
 721 02b4 D6       		.byte	-42
 722 02b5 8F       		.byte	-113
 723 02b6 D8       		.byte	-40
 724 02b7 B1       		.byte	-79
 725 02b8 DE       		.byte	-34
 726 02b9 44       		.byte	68
 727 02ba E4       		.byte	-28
 728 02bb 02       		.byte	2
 729 02bc E6       		.byte	-26
 730 02bd 04       		.byte	4
 731 02be EA       		.byte	-22
 732 02bf 24       		.byte	36
 733 02c0 EE       		.byte	-18
 734 02c1 09       		.byte	9
 735 02c2 81       		.byte	-127
 736 02c3 01       		.byte	1
 737 02c4 85       		.byte	-123
 738 02c5 03       		.byte	3
 739 02c6 94       		.byte	-108
 740 02c7 04       		.byte	4
 741 02c8 96       		.byte	-106
ARM GAS  C:\Users\Klukk-TP\AppData\Local\Temp\ccavpENj.s 			page 14


 742 02c9 20       		.byte	32
 743 02ca 9A       		.byte	-102
 744 02cb 40       		.byte	64
 745 02cc 9C       		.byte	-100
 746 02cd 08       		.byte	8
 747 02ce A0       		.byte	-96
 748 02cf 20       		.byte	32
 749 02d0 A3       		.byte	-93
 750 02d1 04       		.byte	4
 751 02d2 A4       		.byte	-92
 752 02d3 01       		.byte	1
 753 02d4 A7       		.byte	-89
 754 02d5 02       		.byte	2
 755 02d6 E2       		.byte	-30
 756 02d7 0C       		.byte	12
 757 02d8 04       		.byte	4
 758 02d9 13       		.byte	19
 759 02da 05       		.byte	5
 760 02db 03       		.byte	3
 761 02dc 06       		.byte	6
 762 02dd 0C       		.byte	12
 763 02de 08       		.byte	8
 764 02df 13       		.byte	19
 765 02e0 09       		.byte	9
 766 02e1 03       		.byte	3
 767 02e2 0A       		.byte	10
 768 02e3 04       		.byte	4
 769 02e4 12       		.byte	18
 770 02e5 08       		.byte	8
 771 02e6 14       		.byte	20
 772 02e7 0A       		.byte	10
 773 02e8 15       		.byte	21
 774 02e9 02       		.byte	2
 775 02ea 16       		.byte	22
 776 02eb 14       		.byte	20
 777 02ec 17       		.byte	23
 778 02ed 09       		.byte	9
 779 02ee 1B       		.byte	27
 780 02ef 04       		.byte	4
 781 02f0 20       		.byte	32
 782 02f1 03       		.byte	3
 783 02f2 22       		.byte	34
 784 02f3 14       		.byte	20
 785 02f4 2A       		.byte	42
 786 02f5 15       		.byte	21
 787 02f6 2D       		.byte	45
 788 02f7 01       		.byte	1
 789 02f8 2F       		.byte	47
 790 02f9 0A       		.byte	10
 791 02fa 31       		.byte	49
 792 02fb 0C       		.byte	12
 793 02fc 34       		.byte	52
 794 02fd 0F       		.byte	15
 795 02fe 35       		.byte	53
 796 02ff 03       		.byte	3
 797 0300 36       		.byte	54
 798 0301 10       		.byte	16
ARM GAS  C:\Users\Klukk-TP\AppData\Local\Temp\ccavpENj.s 			page 15


 799 0302 3A       		.byte	58
 800 0303 22       		.byte	34
 801 0304 3E       		.byte	62
 802 0305 40       		.byte	64
 803 0306 3F       		.byte	63
 804 0307 01       		.byte	1
 805 0308 40       		.byte	64
 806 0309 24       		.byte	36
 807 030a 41       		.byte	65
 808 030b 06       		.byte	6
 809 030c 42       		.byte	66
 810 030d 03       		.byte	3
 811 030e 44       		.byte	68
 812 030f 01       		.byte	1
 813 0310 45       		.byte	69
 814 0311 EC       		.byte	-20
 815 0312 48       		.byte	72
 816 0313 03       		.byte	3
 817 0314 49       		.byte	73
 818 0315 FF       		.byte	-1
 819 0316 4A       		.byte	74
 820 0317 FF       		.byte	-1
 821 0318 4B       		.byte	75
 822 0319 FF       		.byte	-1
 823 031a 4C       		.byte	76
 824 031b 62       		.byte	98
 825 031c 4D       		.byte	77
 826 031d A0       		.byte	-96
 827 031e 4E       		.byte	78
 828 031f F0       		.byte	-16
 829 0320 4F       		.byte	79
 830 0321 41       		.byte	65
 831 0322 50       		.byte	80
 832 0323 0C       		.byte	12
 833 0324 58       		.byte	88
 834 0325 04       		.byte	4
 835 0326 59       		.byte	89
 836 0327 04       		.byte	4
 837 0328 5A       		.byte	90
 838 0329 04       		.byte	4
 839 032a 5C       		.byte	92
 840 032b 11       		.byte	17
 841 032c 5D       		.byte	93
 842 032d 01       		.byte	1
 843 032e 5F       		.byte	95
 844 032f 01       		.byte	1
 845 0330 66       		.byte	102
 846 0331 40       		.byte	64
 847 0332 67       		.byte	103
 848 0333 02       		.byte	2
 849 0334 69       		.byte	105
 850 0335 10       		.byte	16
 851 0336 6A       		.byte	106
 852 0337 30       		.byte	48
 853 0338 6B       		.byte	107
 854 0339 10       		.byte	16
 855 033a 6D       		.byte	109
ARM GAS  C:\Users\Klukk-TP\AppData\Local\Temp\ccavpENj.s 			page 16


 856 033b 10       		.byte	16
 857 033c 6E       		.byte	110
 858 033d 10       		.byte	16
 859 033e 6F       		.byte	111
 860 033f 12       		.byte	18
 861 0340 84       		.byte	-124
 862 0341 10       		.byte	16
 863 0342 85       		.byte	-123
 864 0343 21       		.byte	33
 865 0344 86       		.byte	-122
 866 0345 AC       		.byte	-84
 867 0346 87       		.byte	-121
 868 0347 06       		.byte	6
 869 0348 8A       		.byte	-118
 870 0349 20       		.byte	32
 871 034a 8F       		.byte	-113
 872 034b 0C       		.byte	12
 873 034c 90       		.byte	-112
 874 034d 09       		.byte	9
 875 034e 92       		.byte	-110
 876 034f D0       		.byte	-48
 877 0350 94       		.byte	-108
 878 0351 DC       		.byte	-36
 879 0352 95       		.byte	-107
 880 0353 0C       		.byte	12
 881 0354 96       		.byte	-106
 882 0355 22       		.byte	34
 883 0356 97       		.byte	-105
 884 0357 23       		.byte	35
 885 0358 9B       		.byte	-101
 886 0359 08       		.byte	8
 887 035a 9E       		.byte	-98
 888 035b 03       		.byte	3
 889 035c A0       		.byte	-96
 890 035d 14       		.byte	20
 891 035e A4       		.byte	-92
 892 035f 10       		.byte	16
 893 0360 A5       		.byte	-91
 894 0361 40       		.byte	64
 895 0362 A6       		.byte	-90
 896 0363 40       		.byte	64
 897 0364 A7       		.byte	-89
 898 0365 03       		.byte	3
 899 0366 A8       		.byte	-88
 900 0367 0C       		.byte	12
 901 0368 A9       		.byte	-87
 902 0369 21       		.byte	33
 903 036a AA       		.byte	-86
 904 036b 71       		.byte	113
 905 036c AB       		.byte	-85
 906 036d 0E       		.byte	14
 907 036e AD       		.byte	-83
 908 036f 10       		.byte	16
 909 0370 B1       		.byte	-79
 910 0371 60       		.byte	96
 911 0372 B3       		.byte	-77
 912 0373 0F       		.byte	15
ARM GAS  C:\Users\Klukk-TP\AppData\Local\Temp\ccavpENj.s 			page 17


 913 0374 B4       		.byte	-76
 914 0375 E0       		.byte	-32
 915 0376 B5       		.byte	-75
 916 0377 10       		.byte	16
 917 0378 B6       		.byte	-74
 918 0379 1F       		.byte	31
 919 037a B9       		.byte	-71
 920 037b 02       		.byte	2
 921 037c BA       		.byte	-70
 922 037d 20       		.byte	32
 923 037e BB       		.byte	-69
 924 037f 08       		.byte	8
 925 0380 BF       		.byte	-65
 926 0381 10       		.byte	16
 927 0382 C0       		.byte	-64
 928 0383 23       		.byte	35
 929 0384 C1       		.byte	-63
 930 0385 06       		.byte	6
 931 0386 C5       		.byte	-59
 932 0387 B0       		.byte	-80
 933 0388 C6       		.byte	-58
 934 0389 EC       		.byte	-20
 935 038a C8       		.byte	-56
 936 038b 0E       		.byte	14
 937 038c C9       		.byte	-55
 938 038d FF       		.byte	-1
 939 038e CA       		.byte	-54
 940 038f FF       		.byte	-1
 941 0390 CB       		.byte	-53
 942 0391 FF       		.byte	-1
 943 0392 CE       		.byte	-50
 944 0393 F0       		.byte	-16
 945 0394 CF       		.byte	-49
 946 0395 44       		.byte	68
 947 0396 D0       		.byte	-48
 948 0397 0C       		.byte	12
 949 0398 D8       		.byte	-40
 950 0399 04       		.byte	4
 951 039a D9       		.byte	-39
 952 039b 04       		.byte	4
 953 039c DA       		.byte	-38
 954 039d 04       		.byte	4
 955 039e DC       		.byte	-36
 956 039f 11       		.byte	17
 957 03a0 DD       		.byte	-35
 958 03a1 01       		.byte	1
 959 03a2 DF       		.byte	-33
 960 03a3 01       		.byte	1
 961 03a4 E6       		.byte	-26
 962 03a5 C0       		.byte	-64
 963 03a6 EA       		.byte	-22
 964 03a7 40       		.byte	64
 965 03a8 EB       		.byte	-21
 966 03a9 02       		.byte	2
 967 03aa 00       		.byte	0
 968 03ab 04       		.byte	4
 969 03ac 02       		.byte	2
ARM GAS  C:\Users\Klukk-TP\AppData\Local\Temp\ccavpENj.s 			page 18


 970 03ad 04       		.byte	4
 971 03ae 04       		.byte	4
 972 03af 04       		.byte	4
 973 03b0 05       		.byte	5
 974 03b1 20       		.byte	32
 975 03b2 09       		.byte	9
 976 03b3 08       		.byte	8
 977 03b4 0A       		.byte	10
 978 03b5 01       		.byte	1
 979 03b6 0B       		.byte	11
 980 03b7 40       		.byte	64
 981 03b8 0D       		.byte	13
 982 03b9 08       		.byte	8
 983 03ba 0F       		.byte	15
 984 03bb 40       		.byte	64
 985 03bc 10       		.byte	16
 986 03bd A4       		.byte	-92
 987 03be 16       		.byte	22
 988 03bf 44       		.byte	68
 989 03c0 19       		.byte	25
 990 03c1 60       		.byte	96
 991 03c2 1A       		.byte	26
 992 03c3 01       		.byte	1
 993 03c4 1C       		.byte	28
 994 03c5 04       		.byte	4
 995 03c6 1E       		.byte	30
 996 03c7 42       		.byte	66
 997 03c8 21       		.byte	33
 998 03c9 18       		.byte	24
 999 03ca 23       		.byte	35
 1000 03cb 40       		.byte	64
 1001 03cc 27       		.byte	39
 1002 03cd 48       		.byte	72
 1003 03ce 28       		.byte	40
 1004 03cf 04       		.byte	4
 1005 03d0 29       		.byte	41
 1006 03d1 60       		.byte	96
 1007 03d2 2A       		.byte	42
 1008 03d3 04       		.byte	4
 1009 03d4 2D       		.byte	45
 1010 03d5 80       		.byte	-128
 1011 03d6 30       		.byte	48
 1012 03d7 20       		.byte	32
 1013 03d8 31       		.byte	49
 1014 03d9 08       		.byte	8
 1015 03da 36       		.byte	54
 1016 03db 20       		.byte	32
 1017 03dc 37       		.byte	55
 1018 03dd 08       		.byte	8
 1019 03de 38       		.byte	56
 1020 03df 04       		.byte	4
 1021 03e0 3B       		.byte	59
 1022 03e1 40       		.byte	64
 1023 03e2 3D       		.byte	61
 1024 03e3 14       		.byte	20
 1025 03e4 40       		.byte	64
 1026 03e5 04       		.byte	4
ARM GAS  C:\Users\Klukk-TP\AppData\Local\Temp\ccavpENj.s 			page 19


 1027 03e6 41       		.byte	65
 1028 03e7 04       		.byte	4
 1029 03e8 44       		.byte	68
 1030 03e9 08       		.byte	8
 1031 03ea 45       		.byte	69
 1032 03eb 04       		.byte	4
 1033 03ec 47       		.byte	71
 1034 03ed 42       		.byte	66
 1035 03ee 48       		.byte	72
 1036 03ef 80       		.byte	-128
 1037 03f0 49       		.byte	73
 1038 03f1 20       		.byte	32
 1039 03f2 4E       		.byte	78
 1040 03f3 98       		.byte	-104
 1041 03f4 50       		.byte	80
 1042 03f5 50       		.byte	80
 1043 03f6 52       		.byte	82
 1044 03f7 40       		.byte	64
 1045 03f8 80       		.byte	-128
 1046 03f9 10       		.byte	16
 1047 03fa 85       		.byte	-123
 1048 03fb 10       		.byte	16
 1049 03fc 87       		.byte	-121
 1050 03fd 08       		.byte	8
 1051 03fe C0       		.byte	-64
 1052 03ff 66       		.byte	102
 1053 0400 C2       		.byte	-62
 1054 0401 3D       		.byte	61
 1055 0402 C4       		.byte	-60
 1056 0403 5E       		.byte	94
 1057 0404 CA       		.byte	-54
 1058 0405 1E       		.byte	30
 1059 0406 CC       		.byte	-52
 1060 0407 66       		.byte	102
 1061 0408 CE       		.byte	-50
 1062 0409 6A       		.byte	106
 1063 040a D0       		.byte	-48
 1064 040b F6       		.byte	-10
 1065 040c D2       		.byte	-46
 1066 040d 24       		.byte	36
 1067 040e E0       		.byte	-32
 1068 040f 02       		.byte	2
 1069 0410 04       		.byte	4
 1070 0411 03       		.byte	3
 1071 0412 05       		.byte	5
 1072 0413 07       		.byte	7
 1073 0414 08       		.byte	8
 1074 0415 03       		.byte	3
 1075 0416 09       		.byte	9
 1076 0417 07       		.byte	7
 1077 0418 11       		.byte	17
 1078 0419 02       		.byte	2
 1079 041a 13       		.byte	19
 1080 041b 01       		.byte	1
 1081 041c 14       		.byte	20
 1082 041d 02       		.byte	2
 1083 041e 19       		.byte	25
ARM GAS  C:\Users\Klukk-TP\AppData\Local\Temp\ccavpENj.s 			page 20


 1084 041f 01       		.byte	1
 1085 0420 1B       		.byte	27
 1086 0421 06       		.byte	6
 1087 0422 25       		.byte	37
 1088 0423 04       		.byte	4
 1089 0424 27       		.byte	39
 1090 0425 01       		.byte	1
 1091 0426 2A       		.byte	42
 1092 0427 01       		.byte	1
 1093 0428 35       		.byte	53
 1094 0429 07       		.byte	7
 1095 042a 36       		.byte	54
 1096 042b 03       		.byte	3
 1097 042c 38       		.byte	56
 1098 042d 80       		.byte	-128
 1099 042e 3E       		.byte	62
 1100 042f 40       		.byte	64
 1101 0430 40       		.byte	64
 1102 0431 01       		.byte	1
 1103 0432 46       		.byte	70
 1104 0433 40       		.byte	64
 1105 0434 49       		.byte	73
 1106 0435 FF       		.byte	-1
 1107 0436 4A       		.byte	74
 1108 0437 07       		.byte	7
 1109 0438 4B       		.byte	75
 1110 0439 FF       		.byte	-1
 1111 043a 4C       		.byte	76
 1112 043b 40       		.byte	64
 1113 043c 4D       		.byte	77
 1114 043d 20       		.byte	32
 1115 043e 4E       		.byte	78
 1116 043f F0       		.byte	-16
 1117 0440 4F       		.byte	79
 1118 0441 05       		.byte	5
 1119 0442 50       		.byte	80
 1120 0443 08       		.byte	8
 1121 0444 58       		.byte	88
 1122 0445 04       		.byte	4
 1123 0446 59       		.byte	89
 1124 0447 04       		.byte	4
 1125 0448 5A       		.byte	90
 1126 0449 04       		.byte	4
 1127 044a 5C       		.byte	92
 1128 044b 10       		.byte	16
 1129 044c 5D       		.byte	93
 1130 044d 01       		.byte	1
 1131 044e 5F       		.byte	95
 1132 044f 01       		.byte	1
 1133 0450 60       		.byte	96
 1134 0451 40       		.byte	64
 1135 0452 61       		.byte	97
 1136 0453 A8       		.byte	-88
 1137 0454 62       		.byte	98
 1138 0455 40       		.byte	64
 1139 0456 63       		.byte	99
 1140 0457 20       		.byte	32
ARM GAS  C:\Users\Klukk-TP\AppData\Local\Temp\ccavpENj.s 			page 21


 1141 0458 80       		.byte	-128
 1142 0459 7F       		.byte	127
 1143 045a 81       		.byte	-127
 1144 045b 08       		.byte	8
 1145 045c 84       		.byte	-124
 1146 045d 0C       		.byte	12
 1147 045e 85       		.byte	-123
 1148 045f 10       		.byte	16
 1149 0460 88       		.byte	-120
 1150 0461 04       		.byte	4
 1151 0462 89       		.byte	-119
 1152 0463 10       		.byte	16
 1153 0464 8D       		.byte	-115
 1154 0465 0D       		.byte	13
 1155 0466 8E       		.byte	-114
 1156 0467 40       		.byte	64
 1157 0468 8F       		.byte	-113
 1158 0469 02       		.byte	2
 1159 046a 90       		.byte	-112
 1160 046b 41       		.byte	65
 1161 046c 91       		.byte	-111
 1162 046d 10       		.byte	16
 1163 046e 92       		.byte	-110
 1164 046f 80       		.byte	-128
 1165 0470 94       		.byte	-108
 1166 0471 4C       		.byte	76
 1167 0472 95       		.byte	-107
 1168 0473 04       		.byte	4
 1169 0474 96       		.byte	-106
 1170 0475 23       		.byte	35
 1171 0476 98       		.byte	-104
 1172 0477 03       		.byte	3
 1173 0478 99       		.byte	-103
 1174 0479 0C       		.byte	12
 1175 047a 9C       		.byte	-100
 1176 047b 08       		.byte	8
 1177 047c 9F       		.byte	-97
 1178 047d 02       		.byte	2
 1179 047e A2       		.byte	-94
 1180 047f 33       		.byte	51
 1181 0480 A4       		.byte	-92
 1182 0481 02       		.byte	2
 1183 0482 A5       		.byte	-91
 1184 0483 03       		.byte	3
 1185 0484 A7       		.byte	-89
 1186 0485 0C       		.byte	12
 1187 0486 A8       		.byte	-88
 1188 0487 73       		.byte	115
 1189 0488 A9       		.byte	-87
 1190 0489 0F       		.byte	15
 1191 048a AA       		.byte	-86
 1192 048b 0C       		.byte	12
 1193 048c AC       		.byte	-84
 1194 048d 4F       		.byte	79
 1195 048e AD       		.byte	-83
 1196 048f 0F       		.byte	15
 1197 0490 AE       		.byte	-82
ARM GAS  C:\Users\Klukk-TP\AppData\Local\Temp\ccavpENj.s 			page 22


 1198 0491 10       		.byte	16
 1199 0492 B2       		.byte	-78
 1200 0493 7C       		.byte	124
 1201 0494 B3       		.byte	-77
 1202 0495 0E       		.byte	14
 1203 0496 B4       		.byte	-76
 1204 0497 0F       		.byte	15
 1205 0498 B5       		.byte	-75
 1206 0499 01       		.byte	1
 1207 049a B6       		.byte	-74
 1208 049b 80       		.byte	-128
 1209 049c B7       		.byte	-73
 1210 049d 10       		.byte	16
 1211 049e BA       		.byte	-70
 1212 049f 28       		.byte	40
 1213 04a0 BF       		.byte	-65
 1214 04a1 10       		.byte	16
 1215 04a2 D6       		.byte	-42
 1216 04a3 02       		.byte	2
 1217 04a4 D7       		.byte	-41
 1218 04a5 11       		.byte	17
 1219 04a6 D8       		.byte	-40
 1220 04a7 04       		.byte	4
 1221 04a8 D9       		.byte	-39
 1222 04a9 04       		.byte	4
 1223 04aa DB       		.byte	-37
 1224 04ab 04       		.byte	4
 1225 04ac DC       		.byte	-36
 1226 04ad 11       		.byte	17
 1227 04ae DD       		.byte	-35
 1228 04af 10       		.byte	16
 1229 04b0 DF       		.byte	-33
 1230 04b1 01       		.byte	1
 1231 04b2 00       		.byte	0
 1232 04b3 04       		.byte	4
 1233 04b4 01       		.byte	1
 1234 04b5 20       		.byte	32
 1235 04b6 05       		.byte	5
 1236 04b7 40       		.byte	64
 1237 04b8 06       		.byte	6
 1238 04b9 88       		.byte	-120
 1239 04ba 07       		.byte	7
 1240 04bb 20       		.byte	32
 1241 04bc 09       		.byte	9
 1242 04bd 08       		.byte	8
 1243 04be 0C       		.byte	12
 1244 04bf 8A       		.byte	-118
 1245 04c0 0D       		.byte	13
 1246 04c1 10       		.byte	16
 1247 04c2 12       		.byte	18
 1248 04c3 04       		.byte	4
 1249 04c4 14       		.byte	20
 1250 04c5 2A       		.byte	42
 1251 04c6 17       		.byte	23
 1252 04c7 0A       		.byte	10
 1253 04c8 18       		.byte	24
 1254 04c9 01       		.byte	1
ARM GAS  C:\Users\Klukk-TP\AppData\Local\Temp\ccavpENj.s 			page 23


 1255 04ca 1D       		.byte	29
 1256 04cb 40       		.byte	64
 1257 04cc 1E       		.byte	30
 1258 04cd 08       		.byte	8
 1259 04ce 1F       		.byte	31
 1260 04cf 14       		.byte	20
 1261 04d0 21       		.byte	33
 1262 04d1 10       		.byte	16
 1263 04d2 22       		.byte	34
 1264 04d3 20       		.byte	32
 1265 04d4 24       		.byte	36
 1266 04d5 20       		.byte	32
 1267 04d6 25       		.byte	37
 1268 04d7 04       		.byte	4
 1269 04d8 26       		.byte	38
 1270 04d9 90       		.byte	-112
 1271 04da 27       		.byte	39
 1272 04db 02       		.byte	2
 1273 04dc 28       		.byte	40
 1274 04dd 20       		.byte	32
 1275 04de 2C       		.byte	44
 1276 04df 08       		.byte	8
 1277 04e0 2E       		.byte	46
 1278 04e1 C0       		.byte	-64
 1279 04e2 2F       		.byte	47
 1280 04e3 14       		.byte	20
 1281 04e4 30       		.byte	48
 1282 04e5 02       		.byte	2
 1283 04e6 32       		.byte	50
 1284 04e7 20       		.byte	32
 1285 04e8 36       		.byte	54
 1286 04e9 80       		.byte	-128
 1287 04ea 37       		.byte	55
 1288 04eb 25       		.byte	37
 1289 04ec 39       		.byte	57
 1290 04ed 14       		.byte	20
 1291 04ee 3D       		.byte	61
 1292 04ef 14       		.byte	20
 1293 04f0 3E       		.byte	62
 1294 04f1 02       		.byte	2
 1295 04f2 3F       		.byte	63
 1296 04f3 40       		.byte	64
 1297 04f4 40       		.byte	64
 1298 04f5 01       		.byte	1
 1299 04f6 50       		.byte	80
 1300 04f7 20       		.byte	32
 1301 04f8 51       		.byte	81
 1302 04f9 04       		.byte	4
 1303 04fa 52       		.byte	82
 1304 04fb 04       		.byte	4
 1305 04fc 5E       		.byte	94
 1306 04fd 20       		.byte	32
 1307 04fe 6D       		.byte	109
 1308 04ff 14       		.byte	20
 1309 0500 6F       		.byte	111
 1310 0501 01       		.byte	1
 1311 0502 74       		.byte	116
ARM GAS  C:\Users\Klukk-TP\AppData\Local\Temp\ccavpENj.s 			page 24


 1312 0503 80       		.byte	-128
 1313 0504 76       		.byte	118
 1314 0505 0A       		.byte	10
 1315 0506 77       		.byte	119
 1316 0507 24       		.byte	36
 1317 0508 80       		.byte	-128
 1318 0509 08       		.byte	8
 1319 050a 82       		.byte	-126
 1320 050b 04       		.byte	4
 1321 050c 84       		.byte	-124
 1322 050d 02       		.byte	2
 1323 050e 87       		.byte	-121
 1324 050f 40       		.byte	64
 1325 0510 88       		.byte	-120
 1326 0511 02       		.byte	2
 1327 0512 89       		.byte	-119
 1328 0513 90       		.byte	-112
 1329 0514 8B       		.byte	-117
 1330 0515 06       		.byte	6
 1331 0516 8C       		.byte	-116
 1332 0517 10       		.byte	16
 1333 0518 8E       		.byte	-114
 1334 0519 0A       		.byte	10
 1335 051a 8F       		.byte	-113
 1336 051b 20       		.byte	32
 1337 051c 90       		.byte	-112
 1338 051d 04       		.byte	4
 1339 051e 92       		.byte	-110
 1340 051f 40       		.byte	64
 1341 0520 95       		.byte	-107
 1342 0521 1C       		.byte	28
 1343 0522 99       		.byte	-103
 1344 0523 20       		.byte	32
 1345 0524 9B       		.byte	-101
 1346 0525 08       		.byte	8
 1347 0526 9C       		.byte	-100
 1348 0527 08       		.byte	8
 1349 0528 9D       		.byte	-99
 1350 0529 80       		.byte	-128
 1351 052a 9E       		.byte	-98
 1352 052b 04       		.byte	4
 1353 052c 9F       		.byte	-97
 1354 052d 02       		.byte	2
 1355 052e A1       		.byte	-95
 1356 052f 08       		.byte	8
 1357 0530 A4       		.byte	-92
 1358 0531 20       		.byte	32
 1359 0532 A5       		.byte	-91
 1360 0533 04       		.byte	4
 1361 0534 A6       		.byte	-90
 1362 0535 20       		.byte	32
 1363 0536 AA       		.byte	-86
 1364 0537 49       		.byte	73
 1365 0538 AE       		.byte	-82
 1366 0539 80       		.byte	-128
 1367 053a B4       		.byte	-76
 1368 053b 40       		.byte	64
ARM GAS  C:\Users\Klukk-TP\AppData\Local\Temp\ccavpENj.s 			page 25


 1369 053c B6       		.byte	-74
 1370 053d 10       		.byte	16
 1371 053e C0       		.byte	-64
 1372 053f F6       		.byte	-10
 1373 0540 C2       		.byte	-62
 1374 0541 F4       		.byte	-12
 1375 0542 C4       		.byte	-60
 1376 0543 F2       		.byte	-14
 1377 0544 CA       		.byte	-54
 1378 0545 72       		.byte	114
 1379 0546 CC       		.byte	-52
 1380 0547 F5       		.byte	-11
 1381 0548 CE       		.byte	-50
 1382 0549 F6       		.byte	-10
 1383 054a D0       		.byte	-48
 1384 054b 08       		.byte	8
 1385 054c D6       		.byte	-42
 1386 054d 20       		.byte	32
 1387 054e E2       		.byte	-30
 1388 054f F0       		.byte	-16
 1389 0550 E6       		.byte	-26
 1390 0551 F0       		.byte	-16
 1391 0552 EA       		.byte	-22
 1392 0553 40       		.byte	64
 1393 0554 EE       		.byte	-18
 1394 0555 10       		.byte	16
 1395 0556 31       		.byte	49
 1396 0557 40       		.byte	64
 1397 0558 33       		.byte	51
 1398 0559 02       		.byte	2
 1399 055a 35       		.byte	53
 1400 055b 20       		.byte	32
 1401 055c 37       		.byte	55
 1402 055d 08       		.byte	8
 1403 055e 38       		.byte	56
 1404 055f 80       		.byte	-128
 1405 0560 53       		.byte	83
 1406 0561 02       		.byte	2
 1407 0562 59       		.byte	89
 1408 0563 40       		.byte	64
 1409 0564 CC       		.byte	-52
 1410 0565 F0       		.byte	-16
 1411 0566 CE       		.byte	-50
 1412 0567 10       		.byte	16
 1413 0568 0B       		.byte	11
 1414 0569 02       		.byte	2
 1415 056a 30       		.byte	48
 1416 056b 02       		.byte	2
 1417 056c 32       		.byte	50
 1418 056d 20       		.byte	32
 1419 056e 34       		.byte	52
 1420 056f 88       		.byte	-120
 1421 0570 50       		.byte	80
 1422 0571 08       		.byte	8
 1423 0572 5B       		.byte	91
 1424 0573 40       		.byte	64
 1425 0574 86       		.byte	-122
ARM GAS  C:\Users\Klukk-TP\AppData\Local\Temp\ccavpENj.s 			page 26


 1426 0575 20       		.byte	32
 1427 0576 8C       		.byte	-116
 1428 0577 40       		.byte	64
 1429 0578 94       		.byte	-108
 1430 0579 80       		.byte	-128
 1431 057a 9D       		.byte	-99
 1432 057b 60       		.byte	96
 1433 057c 9F       		.byte	-97
 1434 057d 08       		.byte	8
 1435 057e C2       		.byte	-62
 1436 057f 40       		.byte	64
 1437 0580 CC       		.byte	-52
 1438 0581 F0       		.byte	-16
 1439 0582 D4       		.byte	-44
 1440 0583 A0       		.byte	-96
 1441 0584 E6       		.byte	-26
 1442 0585 40       		.byte	64
 1443 0586 93       		.byte	-109
 1444 0587 02       		.byte	2
 1445 0588 9C       		.byte	-100
 1446 0589 88       		.byte	-120
 1447 058a 9D       		.byte	-99
 1448 058b 60       		.byte	96
 1449 058c 9F       		.byte	-97
 1450 058d 08       		.byte	8
 1451 058e A4       		.byte	-92
 1452 058f 02       		.byte	2
 1453 0590 A8       		.byte	-88
 1454 0591 08       		.byte	8
 1455 0592 B7       		.byte	-73
 1456 0593 40       		.byte	64
 1457 0594 EA       		.byte	-22
 1458 0595 80       		.byte	-128
 1459 0596 83       		.byte	-125
 1460 0597 80       		.byte	-128
 1461 0598 84       		.byte	-124
 1462 0599 08       		.byte	8
 1463 059a 8C       		.byte	-116
 1464 059b 02       		.byte	2
 1465 059c 9C       		.byte	-100
 1466 059d 88       		.byte	-120
 1467 059e 9D       		.byte	-99
 1468 059f 60       		.byte	96
 1469 05a0 9F       		.byte	-97
 1470 05a1 08       		.byte	8
 1471 05a2 A4       		.byte	-92
 1472 05a3 02       		.byte	2
 1473 05a4 A7       		.byte	-89
 1474 05a5 80       		.byte	-128
 1475 05a6 AB       		.byte	-85
 1476 05a7 01       		.byte	1
 1477 05a8 B3       		.byte	-77
 1478 05a9 80       		.byte	-128
 1479 05aa E0       		.byte	-32
 1480 05ab 80       		.byte	-128
 1481 05ac E6       		.byte	-26
 1482 05ad 10       		.byte	16
ARM GAS  C:\Users\Klukk-TP\AppData\Local\Temp\ccavpENj.s 			page 27


 1483 05ae EC       		.byte	-20
 1484 05af 20       		.byte	32
 1485 05b0 85       		.byte	-123
 1486 05b1 40       		.byte	64
 1487 05b2 9C       		.byte	-100
 1488 05b3 80       		.byte	-128
 1489 05b4 9D       		.byte	-99
 1490 05b5 60       		.byte	96
 1491 05b6 9F       		.byte	-97
 1492 05b7 88       		.byte	-120
 1493 05b8 A7       		.byte	-89
 1494 05b9 80       		.byte	-128
 1495 05ba E6       		.byte	-26
 1496 05bb 10       		.byte	16
 1497 05bc 03       		.byte	3
 1498 05bd 80       		.byte	-128
 1499 05be 07       		.byte	7
 1500 05bf 80       		.byte	-128
 1501 05c0 08       		.byte	8
 1502 05c1 02       		.byte	2
 1503 05c2 0C       		.byte	12
 1504 05c3 01       		.byte	1
 1505 05c4 13       		.byte	19
 1506 05c5 08       		.byte	8
 1507 05c6 14       		.byte	20
 1508 05c7 80       		.byte	-128
 1509 05c8 80       		.byte	-128
 1510 05c9 02       		.byte	2
 1511 05ca 84       		.byte	-124
 1512 05cb 01       		.byte	1
 1513 05cc 9C       		.byte	-100
 1514 05cd 80       		.byte	-128
 1515 05ce 9F       		.byte	-97
 1516 05cf 88       		.byte	-120
 1517 05d0 A7       		.byte	-89
 1518 05d1 80       		.byte	-128
 1519 05d2 B1       		.byte	-79
 1520 05d3 20       		.byte	32
 1521 05d4 C0       		.byte	-64
 1522 05d5 30       		.byte	48
 1523 05d6 C2       		.byte	-62
 1524 05d7 30       		.byte	48
 1525 05d8 C4       		.byte	-60
 1526 05d9 30       		.byte	48
 1527 05da E0       		.byte	-32
 1528 05db 40       		.byte	64
 1529 05dc E4       		.byte	-28
 1530 05dd 80       		.byte	-128
 1531 05de 87       		.byte	-121
 1532 05df 80       		.byte	-128
 1533 05e0 11       		.byte	17
 1534 05e1 01       		.byte	1
 1535 05e2 77       		.byte	119
 1536 05e3 80       		.byte	-128
 1537 05e4 89       		.byte	-119
 1538 05e5 01       		.byte	1
 1539 05e6 9B       		.byte	-101
ARM GAS  C:\Users\Klukk-TP\AppData\Local\Temp\ccavpENj.s 			page 28


 1540 05e7 80       		.byte	-128
 1541 05e8 C4       		.byte	-60
 1542 05e9 08       		.byte	8
 1543 05ea DE       		.byte	-34
 1544 05eb 04       		.byte	4
 1545 05ec E6       		.byte	-26
 1546 05ed 01       		.byte	1
 1547 05ee 00       		.byte	0
 1548 05ef 01       		.byte	1
 1549 05f0 0A       		.byte	10
 1550 05f1 01       		.byte	1
 1551 05f2 10       		.byte	16
 1552 05f3 03       		.byte	3
 1553 05f4 1A       		.byte	26
 1554 05f5 03       		.byte	3
 1555 05f6 1C       		.byte	28
 1556 05f7 02       		.byte	2
 1557 05f8 00       		.byte	0
 1558 05f9 FF       		.byte	-1
 1559 05fa 01       		.byte	1
 1560 05fb FF       		.byte	-1
 1561 05fc 02       		.byte	2
 1562 05fd 03       		.byte	3
 1563 05fe 00       		.byte	0
 1564 05ff 00       		.byte	0
 1565 0600 80       		.byte	-128
 1566 0601 80       		.byte	-128
 1567 0602 00       		.byte	0
 1568 0603 00       		.byte	0
 1569 0604 40       		.byte	64
 1570 0605 00       		.byte	0
 1571 0606 00       		.byte	0
 1572 0607 00       		.byte	0
 1573 0608 40       		.byte	64
 1574 0609 FF       		.byte	-1
 1575 060a BF       		.byte	-65
 1576 060b 00       		.byte	0
 1577 060c 03       		.byte	3
 1578 060d 00       		.byte	0
 1579 060e 00       		.byte	0
 1580 060f 00       		.byte	0
 1581 0610 83       		.byte	-125
 1582 0611 00       		.byte	0
 1583 0612 40       		.byte	64
 1584 0613 83       		.byte	-125
 1585 0614 80       		.byte	-128
 1586 0615 00       		.byte	0
 1587 0616 80       		.byte	-128
 1588 0617 00       		.byte	0
 1589 0618 00       		.byte	0
 1590 0619 00       		.byte	0
 1591 061a 00       		.byte	0
 1592 061b 00       		.byte	0
 1593 061c 00       		.byte	0
 1594 061d 0B       		.byte	11
 1595 061e 0B       		.byte	11
 1596 061f 00       		.byte	0
ARM GAS  C:\Users\Klukk-TP\AppData\Local\Temp\ccavpENj.s 			page 29


 1597 0620 00       		.byte	0
 1598 0621 00       		.byte	0
 1599 0622 00       		.byte	0
 1600 0623 00       		.byte	0
 1601 0624 33       		.byte	51
 1602 0625 00       		.byte	0
 1603 0626 00       		.byte	0
 1604 0627 00       		.byte	0
 1605 0628 00       		.byte	0
 1606 0629 00       		.byte	0
 1607 062a 00       		.byte	0
 1608 062b 00       		.byte	0
 1609              		.section	.cywolatch,"a",%progbits
 1610              		.align	2
 1611              		.type	cy_meta_wonvl, %object
 1612              		.size	cy_meta_wonvl, 4
 1613              	cy_meta_wonvl:
 1614 0000 BC       		.byte	-68
 1615 0001 90       		.byte	-112
 1616 0002 AC       		.byte	-84
 1617 0003 AF       		.byte	-81
 1618              		.section	.cycustnvl,"a",%progbits
 1619              		.align	2
 1620              		.type	cy_meta_custnvl, %object
 1621              		.size	cy_meta_custnvl, 4
 1622              	cy_meta_custnvl:
 1623 0000 00       		.byte	0
 1624 0001 00       		.byte	0
 1625 0002 40       		.byte	64
 1626 0003 05       		.byte	5
 1627              		.section	.cymeta,"a",%progbits
 1628              		.align	2
 1629              		.type	cy_metadata, %object
 1630              		.size	cy_metadata, 12
 1631              	cy_metadata:
 1632 0000 00       		.byte	0
 1633 0001 01       		.byte	1
 1634 0002 2E       		.byte	46
 1635 0003 16       		.byte	22
 1636 0004 10       		.byte	16
 1637 0005 69       		.byte	105
 1638 0006 00       		.byte	0
 1639 0007 01       		.byte	1
 1640 0008 00       		.byte	0
 1641 0009 00       		.byte	0
 1642 000a 00       		.byte	0
 1643 000b 00       		.byte	0
 1644              		.section	.cyflashprotect,"a",%progbits
 1645              		.align	2
 1646              		.type	cy_meta_flashprotect, %object
 1647              		.size	cy_meta_flashprotect, 256
 1648              	cy_meta_flashprotect:
 1649 0000 00000000 		.space	256
 1649      00000000 
 1649      00000000 
 1649      00000000 
 1649      00000000 
ARM GAS  C:\Users\Klukk-TP\AppData\Local\Temp\ccavpENj.s 			page 30


 1650              		.text
 1651              	.Letext0:
 1652              		.file 1 "c:\\program files (x86)\\cypress\\psoc creator\\4.2\\psoc creator\\import\\gnu\\arm\\5.4.
 1653              		.file 2 "c:\\program files (x86)\\cypress\\psoc creator\\4.2\\psoc creator\\import\\gnu\\arm\\5.4.
 1654              		.file 3 "Generated_Source\\PSoC5\\cymetadata.c"
 1655              		.section	.debug_info,"",%progbits
 1656              	.Ldebug_info0:
 1657 0000 34010000 		.4byte	0x134
 1658 0004 0400     		.2byte	0x4
 1659 0006 00000000 		.4byte	.Ldebug_abbrev0
 1660 000a 04       		.byte	0x4
 1661 000b 01       		.uleb128 0x1
 1662 000c 63000000 		.4byte	.LASF17
 1663 0010 0C       		.byte	0xc
 1664 0011 BD010000 		.4byte	.LASF18
 1665 0015 0A000000 		.4byte	.LASF19
 1666 0019 00000000 		.4byte	.Ldebug_line0
 1667 001d 02       		.uleb128 0x2
 1668 001e 01       		.byte	0x1
 1669 001f 06       		.byte	0x6
 1670 0020 B1010000 		.4byte	.LASF0
 1671 0024 03       		.uleb128 0x3
 1672 0025 00000000 		.4byte	.LASF9
 1673 0029 01       		.byte	0x1
 1674 002a 1D       		.byte	0x1d
 1675 002b 2F000000 		.4byte	0x2f
 1676 002f 02       		.uleb128 0x2
 1677 0030 01       		.byte	0x1
 1678 0031 08       		.byte	0x8
 1679 0032 55000000 		.4byte	.LASF1
 1680 0036 02       		.uleb128 0x2
 1681 0037 02       		.byte	0x2
 1682 0038 05       		.byte	0x5
 1683 0039 9E010000 		.4byte	.LASF2
 1684 003d 02       		.uleb128 0x2
 1685 003e 02       		.byte	0x2
 1686 003f 07       		.byte	0x7
 1687 0040 03010000 		.4byte	.LASF3
 1688 0044 02       		.uleb128 0x2
 1689 0045 04       		.byte	0x4
 1690 0046 05       		.byte	0x5
 1691 0047 A8010000 		.4byte	.LASF4
 1692 004b 02       		.uleb128 0x2
 1693 004c 04       		.byte	0x4
 1694 004d 07       		.byte	0x7
 1695 004e F1000000 		.4byte	.LASF5
 1696 0052 02       		.uleb128 0x2
 1697 0053 08       		.byte	0x8
 1698 0054 05       		.byte	0x5
 1699 0055 90010000 		.4byte	.LASF6
 1700 0059 02       		.uleb128 0x2
 1701 005a 08       		.byte	0x8
 1702 005b 07       		.byte	0x7
 1703 005c 45010000 		.4byte	.LASF7
 1704 0060 04       		.uleb128 0x4
 1705 0061 04       		.byte	0x4
 1706 0062 05       		.byte	0x5
ARM GAS  C:\Users\Klukk-TP\AppData\Local\Temp\ccavpENj.s 			page 31


 1707 0063 696E7400 		.ascii	"int\000"
 1708 0067 02       		.uleb128 0x2
 1709 0068 04       		.byte	0x4
 1710 0069 07       		.byte	0x7
 1711 006a 38010000 		.4byte	.LASF8
 1712 006e 03       		.uleb128 0x3
 1713 006f 5C010000 		.4byte	.LASF10
 1714 0073 02       		.byte	0x2
 1715 0074 18       		.byte	0x18
 1716 0075 24000000 		.4byte	0x24
 1717 0079 05       		.uleb128 0x5
 1718 007a 91000000 		.4byte	0x91
 1719 007e 8A000000 		.4byte	0x8a
 1720 0082 06       		.uleb128 0x6
 1721 0083 8A000000 		.4byte	0x8a
 1722 0087 2B06     		.2byte	0x62b
 1723 0089 00       		.byte	0
 1724 008a 02       		.uleb128 0x2
 1725 008b 04       		.byte	0x4
 1726 008c 07       		.byte	0x7
 1727 008d 87010000 		.4byte	.LASF11
 1728 0091 07       		.uleb128 0x7
 1729 0092 6E000000 		.4byte	0x6e
 1730 0096 08       		.uleb128 0x8
 1731 0097 26010000 		.4byte	.LASF12
 1732 009b 03       		.byte	0x3
 1733 009c 1F       		.byte	0x1f
 1734 009d A7000000 		.4byte	0xa7
 1735 00a1 05       		.uleb128 0x5
 1736 00a2 03       		.byte	0x3
 1737 00a3 00000000 		.4byte	cy_meta_configecc
 1738 00a7 07       		.uleb128 0x7
 1739 00a8 79000000 		.4byte	0x79
 1740 00ac 05       		.uleb128 0x5
 1741 00ad 91000000 		.4byte	0x91
 1742 00b1 BC000000 		.4byte	0xbc
 1743 00b5 09       		.uleb128 0x9
 1744 00b6 8A000000 		.4byte	0x8a
 1745 00ba 03       		.byte	0x3
 1746 00bb 00       		.byte	0
 1747 00bc 08       		.uleb128 0x8
 1748 00bd 16010000 		.4byte	.LASF13
 1749 00c1 03       		.byte	0x3
 1750 00c2 F2       		.byte	0xf2
 1751 00c3 CD000000 		.4byte	0xcd
 1752 00c7 05       		.uleb128 0x5
 1753 00c8 03       		.byte	0x3
 1754 00c9 00000000 		.4byte	cy_meta_custnvl
 1755 00cd 07       		.uleb128 0x7
 1756 00ce AC000000 		.4byte	0xac
 1757 00d2 0A       		.uleb128 0xa
 1758 00d3 79010000 		.4byte	.LASF14
 1759 00d7 03       		.byte	0x3
 1760 00d8 0001     		.2byte	0x100
 1761 00da E4000000 		.4byte	0xe4
 1762 00de 05       		.uleb128 0x5
 1763 00df 03       		.byte	0x3
ARM GAS  C:\Users\Klukk-TP\AppData\Local\Temp\ccavpENj.s 			page 32


 1764 00e0 00000000 		.4byte	cy_meta_wonvl
 1765 00e4 07       		.uleb128 0x7
 1766 00e5 AC000000 		.4byte	0xac
 1767 00e9 05       		.uleb128 0x5
 1768 00ea 91000000 		.4byte	0x91
 1769 00ee F9000000 		.4byte	0xf9
 1770 00f2 09       		.uleb128 0x9
 1771 00f3 8A000000 		.4byte	0x8a
 1772 00f7 FF       		.byte	0xff
 1773 00f8 00       		.byte	0
 1774 00f9 0A       		.uleb128 0xa
 1775 00fa 64010000 		.4byte	.LASF15
 1776 00fe 03       		.byte	0x3
 1777 00ff 0E01     		.2byte	0x10e
 1778 0101 0B010000 		.4byte	0x10b
 1779 0105 05       		.uleb128 0x5
 1780 0106 03       		.byte	0x3
 1781 0107 00000000 		.4byte	cy_meta_flashprotect
 1782 010b 07       		.uleb128 0x7
 1783 010c E9000000 		.4byte	0xe9
 1784 0110 05       		.uleb128 0x5
 1785 0111 91000000 		.4byte	0x91
 1786 0115 20010000 		.4byte	0x120
 1787 0119 09       		.uleb128 0x9
 1788 011a 8A000000 		.4byte	0x8a
 1789 011e 0B       		.byte	0xb
 1790 011f 00       		.byte	0
 1791 0120 0A       		.uleb128 0xa
 1792 0121 49000000 		.4byte	.LASF16
 1793 0125 03       		.byte	0x3
 1794 0126 3B01     		.2byte	0x13b
 1795 0128 32010000 		.4byte	0x132
 1796 012c 05       		.uleb128 0x5
 1797 012d 03       		.byte	0x3
 1798 012e 00000000 		.4byte	cy_metadata
 1799 0132 07       		.uleb128 0x7
 1800 0133 10010000 		.4byte	0x110
 1801 0137 00       		.byte	0
 1802              		.section	.debug_abbrev,"",%progbits
 1803              	.Ldebug_abbrev0:
 1804 0000 01       		.uleb128 0x1
 1805 0001 11       		.uleb128 0x11
 1806 0002 01       		.byte	0x1
 1807 0003 25       		.uleb128 0x25
 1808 0004 0E       		.uleb128 0xe
 1809 0005 13       		.uleb128 0x13
 1810 0006 0B       		.uleb128 0xb
 1811 0007 03       		.uleb128 0x3
 1812 0008 0E       		.uleb128 0xe
 1813 0009 1B       		.uleb128 0x1b
 1814 000a 0E       		.uleb128 0xe
 1815 000b 10       		.uleb128 0x10
 1816 000c 17       		.uleb128 0x17
 1817 000d 00       		.byte	0
 1818 000e 00       		.byte	0
 1819 000f 02       		.uleb128 0x2
 1820 0010 24       		.uleb128 0x24
ARM GAS  C:\Users\Klukk-TP\AppData\Local\Temp\ccavpENj.s 			page 33


 1821 0011 00       		.byte	0
 1822 0012 0B       		.uleb128 0xb
 1823 0013 0B       		.uleb128 0xb
 1824 0014 3E       		.uleb128 0x3e
 1825 0015 0B       		.uleb128 0xb
 1826 0016 03       		.uleb128 0x3
 1827 0017 0E       		.uleb128 0xe
 1828 0018 00       		.byte	0
 1829 0019 00       		.byte	0
 1830 001a 03       		.uleb128 0x3
 1831 001b 16       		.uleb128 0x16
 1832 001c 00       		.byte	0
 1833 001d 03       		.uleb128 0x3
 1834 001e 0E       		.uleb128 0xe
 1835 001f 3A       		.uleb128 0x3a
 1836 0020 0B       		.uleb128 0xb
 1837 0021 3B       		.uleb128 0x3b
 1838 0022 0B       		.uleb128 0xb
 1839 0023 49       		.uleb128 0x49
 1840 0024 13       		.uleb128 0x13
 1841 0025 00       		.byte	0
 1842 0026 00       		.byte	0
 1843 0027 04       		.uleb128 0x4
 1844 0028 24       		.uleb128 0x24
 1845 0029 00       		.byte	0
 1846 002a 0B       		.uleb128 0xb
 1847 002b 0B       		.uleb128 0xb
 1848 002c 3E       		.uleb128 0x3e
 1849 002d 0B       		.uleb128 0xb
 1850 002e 03       		.uleb128 0x3
 1851 002f 08       		.uleb128 0x8
 1852 0030 00       		.byte	0
 1853 0031 00       		.byte	0
 1854 0032 05       		.uleb128 0x5
 1855 0033 01       		.uleb128 0x1
 1856 0034 01       		.byte	0x1
 1857 0035 49       		.uleb128 0x49
 1858 0036 13       		.uleb128 0x13
 1859 0037 01       		.uleb128 0x1
 1860 0038 13       		.uleb128 0x13
 1861 0039 00       		.byte	0
 1862 003a 00       		.byte	0
 1863 003b 06       		.uleb128 0x6
 1864 003c 21       		.uleb128 0x21
 1865 003d 00       		.byte	0
 1866 003e 49       		.uleb128 0x49
 1867 003f 13       		.uleb128 0x13
 1868 0040 2F       		.uleb128 0x2f
 1869 0041 05       		.uleb128 0x5
 1870 0042 00       		.byte	0
 1871 0043 00       		.byte	0
 1872 0044 07       		.uleb128 0x7
 1873 0045 26       		.uleb128 0x26
 1874 0046 00       		.byte	0
 1875 0047 49       		.uleb128 0x49
 1876 0048 13       		.uleb128 0x13
 1877 0049 00       		.byte	0
ARM GAS  C:\Users\Klukk-TP\AppData\Local\Temp\ccavpENj.s 			page 34


 1878 004a 00       		.byte	0
 1879 004b 08       		.uleb128 0x8
 1880 004c 34       		.uleb128 0x34
 1881 004d 00       		.byte	0
 1882 004e 03       		.uleb128 0x3
 1883 004f 0E       		.uleb128 0xe
 1884 0050 3A       		.uleb128 0x3a
 1885 0051 0B       		.uleb128 0xb
 1886 0052 3B       		.uleb128 0x3b
 1887 0053 0B       		.uleb128 0xb
 1888 0054 49       		.uleb128 0x49
 1889 0055 13       		.uleb128 0x13
 1890 0056 3F       		.uleb128 0x3f
 1891 0057 19       		.uleb128 0x19
 1892 0058 02       		.uleb128 0x2
 1893 0059 18       		.uleb128 0x18
 1894 005a 00       		.byte	0
 1895 005b 00       		.byte	0
 1896 005c 09       		.uleb128 0x9
 1897 005d 21       		.uleb128 0x21
 1898 005e 00       		.byte	0
 1899 005f 49       		.uleb128 0x49
 1900 0060 13       		.uleb128 0x13
 1901 0061 2F       		.uleb128 0x2f
 1902 0062 0B       		.uleb128 0xb
 1903 0063 00       		.byte	0
 1904 0064 00       		.byte	0
 1905 0065 0A       		.uleb128 0xa
 1906 0066 34       		.uleb128 0x34
 1907 0067 00       		.byte	0
 1908 0068 03       		.uleb128 0x3
 1909 0069 0E       		.uleb128 0xe
 1910 006a 3A       		.uleb128 0x3a
 1911 006b 0B       		.uleb128 0xb
 1912 006c 3B       		.uleb128 0x3b
 1913 006d 05       		.uleb128 0x5
 1914 006e 49       		.uleb128 0x49
 1915 006f 13       		.uleb128 0x13
 1916 0070 3F       		.uleb128 0x3f
 1917 0071 19       		.uleb128 0x19
 1918 0072 02       		.uleb128 0x2
 1919 0073 18       		.uleb128 0x18
 1920 0074 00       		.byte	0
 1921 0075 00       		.byte	0
 1922 0076 00       		.byte	0
 1923              		.section	.debug_aranges,"",%progbits
 1924 0000 14000000 		.4byte	0x14
 1925 0004 0200     		.2byte	0x2
 1926 0006 00000000 		.4byte	.Ldebug_info0
 1927 000a 04       		.byte	0x4
 1928 000b 00       		.byte	0
 1929 000c 0000     		.2byte	0
 1930 000e 0000     		.2byte	0
 1931 0010 00000000 		.4byte	0
 1932 0014 00000000 		.4byte	0
 1933              		.section	.debug_line,"",%progbits
 1934              	.Ldebug_line0:
ARM GAS  C:\Users\Klukk-TP\AppData\Local\Temp\ccavpENj.s 			page 35


 1935 0000 3D010000 		.section	.debug_str,"MS",%progbits,1
 1935      02003701 
 1935      00000201 
 1935      FB0E0D00 
 1935      01010101 
 1936              	.LASF9:
 1937 0000 5F5F7569 		.ascii	"__uint8_t\000"
 1937      6E74385F 
 1937      7400
 1938              	.LASF19:
 1939 000a 433A5C55 		.ascii	"C:\\Users\\Klukk-TP\\Documents\\tesis\\psoc posicio"
 1939      73657273 
 1939      5C4B6C75 
 1939      6B6B2D54 
 1939      505C446F 
 1940 0038 6E5C4465 		.ascii	"n\\Design01.cydsn\000"
 1940      7369676E 
 1940      30312E63 
 1940      7964736E 
 1940      00
 1941              	.LASF16:
 1942 0049 63795F6D 		.ascii	"cy_metadata\000"
 1942      65746164 
 1942      61746100 
 1943              	.LASF1:
 1944 0055 756E7369 		.ascii	"unsigned char\000"
 1944      676E6564 
 1944      20636861 
 1944      7200
 1945              	.LASF17:
 1946 0063 474E5520 		.ascii	"GNU C11 5.4.1 20160609 (release) [ARM/embedded-5-br"
 1946      43313120 
 1946      352E342E 
 1946      31203230 
 1946      31363036 
 1947 0096 616E6368 		.ascii	"anch revision 237715] -mcpu=cortex-m3 -mthumb -g -O"
 1947      20726576 
 1947      6973696F 
 1947      6E203233 
 1947      37373135 
 1948 00c9 67202D66 		.ascii	"g -ffunction-sections -ffat-lto-objects\000"
 1948      66756E63 
 1948      74696F6E 
 1948      2D736563 
 1948      74696F6E 
 1949              	.LASF5:
 1950 00f1 6C6F6E67 		.ascii	"long unsigned int\000"
 1950      20756E73 
 1950      69676E65 
 1950      6420696E 
 1950      7400
 1951              	.LASF3:
 1952 0103 73686F72 		.ascii	"short unsigned int\000"
 1952      7420756E 
 1952      7369676E 
 1952      65642069 
 1952      6E7400
ARM GAS  C:\Users\Klukk-TP\AppData\Local\Temp\ccavpENj.s 			page 36


 1953              	.LASF13:
 1954 0116 63795F6D 		.ascii	"cy_meta_custnvl\000"
 1954      6574615F 
 1954      63757374 
 1954      6E766C00 
 1955              	.LASF12:
 1956 0126 63795F6D 		.ascii	"cy_meta_configecc\000"
 1956      6574615F 
 1956      636F6E66 
 1956      69676563 
 1956      6300
 1957              	.LASF8:
 1958 0138 756E7369 		.ascii	"unsigned int\000"
 1958      676E6564 
 1958      20696E74 
 1958      00
 1959              	.LASF7:
 1960 0145 6C6F6E67 		.ascii	"long long unsigned int\000"
 1960      206C6F6E 
 1960      6720756E 
 1960      7369676E 
 1960      65642069 
 1961              	.LASF10:
 1962 015c 75696E74 		.ascii	"uint8_t\000"
 1962      385F7400 
 1963              	.LASF15:
 1964 0164 63795F6D 		.ascii	"cy_meta_flashprotect\000"
 1964      6574615F 
 1964      666C6173 
 1964      6870726F 
 1964      74656374 
 1965              	.LASF14:
 1966 0179 63795F6D 		.ascii	"cy_meta_wonvl\000"
 1966      6574615F 
 1966      776F6E76 
 1966      6C00
 1967              	.LASF11:
 1968 0187 73697A65 		.ascii	"sizetype\000"
 1968      74797065 
 1968      00
 1969              	.LASF6:
 1970 0190 6C6F6E67 		.ascii	"long long int\000"
 1970      206C6F6E 
 1970      6720696E 
 1970      7400
 1971              	.LASF2:
 1972 019e 73686F72 		.ascii	"short int\000"
 1972      7420696E 
 1972      7400
 1973              	.LASF4:
 1974 01a8 6C6F6E67 		.ascii	"long int\000"
 1974      20696E74 
 1974      00
 1975              	.LASF0:
 1976 01b1 7369676E 		.ascii	"signed char\000"
 1976      65642063 
 1976      68617200 
ARM GAS  C:\Users\Klukk-TP\AppData\Local\Temp\ccavpENj.s 			page 37


 1977              	.LASF18:
 1978 01bd 47656E65 		.ascii	"Generated_Source\\PSoC5\\cymetadata.c\000"
 1978      72617465 
 1978      645F536F 
 1978      75726365 
 1978      5C50536F 
 1979              		.ident	"GCC: (GNU Tools for ARM Embedded Processors) 5.4.1 20160609 (release) [ARM/embedded-5-bran
