ARM GAS  C:\Users\Klukk-TP\AppData\Local\Temp\cclfYBZO.s 			page 1


   1              		.syntax unified
   2              		.cpu cortex-m3
   3              		.fpu softvfp
   4              		.eabi_attribute 20, 1
   5              		.eabi_attribute 21, 1
   6              		.eabi_attribute 23, 3
   7              		.eabi_attribute 24, 1
   8              		.eabi_attribute 25, 1
   9              		.eabi_attribute 26, 1
  10              		.eabi_attribute 30, 1
  11              		.eabi_attribute 34, 1
  12              		.eabi_attribute 18, 4
  13              		.thumb
  14              		.syntax unified
  15              		.file	"cymetadata.c"
  16              		.text
  17              	.Ltext0:
  18              		.cfi_sections	.debug_frame
  19              		.global	cy_metadata
  20              		.global	cy_meta_flashprotect
  21              		.global	cy_meta_wonvl
  22              		.global	cy_meta_custnvl
  23              		.global	cy_meta_configecc
  24              		.section	.cyconfigecc,"a",%progbits
  25              		.align	2
  26              		.type	cy_meta_configecc, %object
  27              		.size	cy_meta_configecc, 1564
  28              	cy_meta_configecc:
  29 0000 02       		.byte	2
  30 0001 52       		.byte	82
  31 0002 00       		.byte	0
  32 0003 40       		.byte	64
  33 0004 01       		.byte	1
  34 0005 64       		.byte	100
  35 0006 00       		.byte	0
  36 0007 40       		.byte	64
  37 0008 03       		.byte	3
  38 0009 65       		.byte	101
  39 000a 00       		.byte	0
  40 000b 40       		.byte	64
  41 000c 03       		.byte	3
  42 000d 03       		.byte	3
  43 000e 01       		.byte	1
  44 000f 40       		.byte	64
  45 0010 4B       		.byte	75
  46 0011 04       		.byte	4
  47 0012 01       		.byte	1
  48 0013 40       		.byte	64
  49 0014 38       		.byte	56
  50 0015 05       		.byte	5
  51 0016 01       		.byte	1
  52 0017 40       		.byte	64
  53 0018 0C       		.byte	12
  54 0019 07       		.byte	7
  55 001a 01       		.byte	1
  56 001b 40       		.byte	64
  57 001c 40       		.byte	64
ARM GAS  C:\Users\Klukk-TP\AppData\Local\Temp\cclfYBZO.s 			page 2


  58 001d 14       		.byte	20
  59 001e 01       		.byte	1
  60 001f 40       		.byte	64
  61 0020 53       		.byte	83
  62 0021 15       		.byte	21
  63 0022 01       		.byte	1
  64 0023 40       		.byte	64
  65 0024 0D       		.byte	13
  66 0025 17       		.byte	23
  67 0026 01       		.byte	1
  68 0027 40       		.byte	64
  69 0028 6A       		.byte	106
  70 0029 18       		.byte	24
  71 002a 01       		.byte	1
  72 002b 40       		.byte	64
  73 002c 3A       		.byte	58
  74 002d 19       		.byte	25
  75 002e 01       		.byte	1
  76 002f 40       		.byte	64
  77 0030 51       		.byte	81
  78 0031 1A       		.byte	26
  79 0032 01       		.byte	1
  80 0033 40       		.byte	64
  81 0034 4F       		.byte	79
  82 0035 1B       		.byte	27
  83 0036 01       		.byte	1
  84 0037 40       		.byte	64
  85 0038 09       		.byte	9
  86 0039 40       		.byte	64
  87 003a 01       		.byte	1
  88 003b 40       		.byte	64
  89 003c 0F       		.byte	15
  90 003d 41       		.byte	65
  91 003e 01       		.byte	1
  92 003f 40       		.byte	64
  93 0040 0A       		.byte	10
  94 0041 42       		.byte	66
  95 0042 01       		.byte	1
  96 0043 40       		.byte	64
  97 0044 03       		.byte	3
  98 0045 43       		.byte	67
  99 0046 01       		.byte	1
 100 0047 40       		.byte	64
 101 0048 0B       		.byte	11
 102 0049 48       		.byte	72
 103 004a 01       		.byte	1
 104 004b 40       		.byte	64
 105 004c 0D       		.byte	13
 106 004d 49       		.byte	73
 107 004e 01       		.byte	1
 108 004f 40       		.byte	64
 109 0050 01       		.byte	1
 110 0051 4C       		.byte	76
 111 0052 01       		.byte	1
 112 0053 40       		.byte	64
 113 0054 07       		.byte	7
 114 0055 4D       		.byte	77
ARM GAS  C:\Users\Klukk-TP\AppData\Local\Temp\cclfYBZO.s 			page 3


 115 0056 01       		.byte	1
 116 0057 40       		.byte	64
 117 0058 05       		.byte	5
 118 0059 50       		.byte	80
 119 005a 01       		.byte	1
 120 005b 40       		.byte	64
 121 005c 02       		.byte	2
 122 005d 51       		.byte	81
 123 005e 01       		.byte	1
 124 005f 40       		.byte	64
 125 0060 00       		.byte	0
 126 0061 01       		.byte	1
 127 0062 01       		.byte	1
 128 0063 03       		.byte	3
 129 0064 84       		.byte	-124
 130 0065 0F       		.byte	15
 131 0066 84       		.byte	-124
 132 0067 0F       		.byte	15
 133 0068 85       		.byte	-123
 134 0069 38       		.byte	56
 135 006a 8B       		.byte	-117
 136 006b 72       		.byte	114
 137 006c 87       		.byte	-121
 138 006d 10       		.byte	16
 139 006e 8A       		.byte	-118
 140 006f 08       		.byte	8
 141 0070 E6       		.byte	-26
 142 0071 80       		.byte	-128
 143 0072 00       		.byte	0
 144 0073 04       		.byte	4
 145 0074 01       		.byte	1
 146 0075 02       		.byte	2
 147 0076 02       		.byte	2
 148 0077 02       		.byte	2
 149 0078 0A       		.byte	10
 150 0079 08       		.byte	8
 151 007a 0B       		.byte	11
 152 007b 04       		.byte	4
 153 007c 13       		.byte	19
 154 007d 01       		.byte	1
 155 007e 14       		.byte	20
 156 007f 02       		.byte	2
 157 0080 16       		.byte	22
 158 0081 04       		.byte	4
 159 0082 17       		.byte	23
 160 0083 04       		.byte	4
 161 0084 1C       		.byte	28
 162 0085 01       		.byte	1
 163 0086 22       		.byte	34
 164 0087 08       		.byte	8
 165 0088 27       		.byte	39
 166 0089 02       		.byte	2
 167 008a 2A       		.byte	42
 168 008b 01       		.byte	1
 169 008c 2B       		.byte	43
 170 008d 01       		.byte	1
 171 008e 31       		.byte	49
ARM GAS  C:\Users\Klukk-TP\AppData\Local\Temp\cclfYBZO.s 			page 4


 172 008f 04       		.byte	4
 173 0090 32       		.byte	50
 174 0091 08       		.byte	8
 175 0092 34       		.byte	52
 176 0093 06       		.byte	6
 177 0094 35       		.byte	53
 178 0095 02       		.byte	2
 179 0096 36       		.byte	54
 180 0097 01       		.byte	1
 181 0098 37       		.byte	55
 182 0099 01       		.byte	1
 183 009a 3C       		.byte	60
 184 009b 80       		.byte	-128
 185 009c 3E       		.byte	62
 186 009d 10       		.byte	16
 187 009e 3F       		.byte	63
 188 009f 41       		.byte	65
 189 00a0 40       		.byte	64
 190 00a1 31       		.byte	49
 191 00a2 41       		.byte	65
 192 00a3 02       		.byte	2
 193 00a4 45       		.byte	69
 194 00a5 D0       		.byte	-48
 195 00a6 46       		.byte	70
 196 00a7 25       		.byte	37
 197 00a8 47       		.byte	71
 198 00a9 01       		.byte	1
 199 00aa 48       		.byte	72
 200 00ab 1E       		.byte	30
 201 00ac 49       		.byte	73
 202 00ad FF       		.byte	-1
 203 00ae 4A       		.byte	74
 204 00af FF       		.byte	-1
 205 00b0 4B       		.byte	75
 206 00b1 FF       		.byte	-1
 207 00b2 4D       		.byte	77
 208 00b3 A0       		.byte	-96
 209 00b4 4F       		.byte	79
 210 00b5 04       		.byte	4
 211 00b6 50       		.byte	80
 212 00b7 18       		.byte	24
 213 00b8 54       		.byte	84
 214 00b9 07       		.byte	7
 215 00ba 58       		.byte	88
 216 00bb 04       		.byte	4
 217 00bc 59       		.byte	89
 218 00bd 04       		.byte	4
 219 00be 5A       		.byte	90
 220 00bf 04       		.byte	4
 221 00c0 5B       		.byte	91
 222 00c1 04       		.byte	4
 223 00c2 5C       		.byte	92
 224 00c3 80       		.byte	-128
 225 00c4 5F       		.byte	95
 226 00c5 25       		.byte	37
 227 00c6 60       		.byte	96
 228 00c7 40       		.byte	64
ARM GAS  C:\Users\Klukk-TP\AppData\Local\Temp\cclfYBZO.s 			page 5


 229 00c8 62       		.byte	98
 230 00c9 C0       		.byte	-64
 231 00ca 64       		.byte	100
 232 00cb 40       		.byte	64
 233 00cc 65       		.byte	101
 234 00cd 40       		.byte	64
 235 00ce 66       		.byte	102
 236 00cf C0       		.byte	-64
 237 00d0 68       		.byte	104
 238 00d1 C0       		.byte	-64
 239 00d2 6A       		.byte	106
 240 00d3 C0       		.byte	-64
 241 00d4 6C       		.byte	108
 242 00d5 C0       		.byte	-64
 243 00d6 6E       		.byte	110
 244 00d7 C0       		.byte	-64
 245 00d8 83       		.byte	-125
 246 00d9 02       		.byte	2
 247 00da 85       		.byte	-123
 248 00db 01       		.byte	1
 249 00dc 8A       		.byte	-118
 250 00dd 02       		.byte	2
 251 00de 94       		.byte	-108
 252 00df 01       		.byte	1
 253 00e0 95       		.byte	-107
 254 00e1 01       		.byte	1
 255 00e2 9A       		.byte	-102
 256 00e3 01       		.byte	1
 257 00e4 A0       		.byte	-96
 258 00e5 01       		.byte	1
 259 00e6 A1       		.byte	-95
 260 00e7 01       		.byte	1
 261 00e8 AA       		.byte	-86
 262 00e9 06       		.byte	6
 263 00ea B0       		.byte	-80
 264 00eb 04       		.byte	4
 265 00ec B2       		.byte	-78
 266 00ed 02       		.byte	2
 267 00ee B3       		.byte	-77
 268 00ef 01       		.byte	1
 269 00f0 B4       		.byte	-76
 270 00f1 01       		.byte	1
 271 00f2 B5       		.byte	-75
 272 00f3 02       		.byte	2
 273 00f4 B8       		.byte	-72
 274 00f5 20       		.byte	32
 275 00f6 B9       		.byte	-71
 276 00f7 08       		.byte	8
 277 00f8 BD       		.byte	-67
 278 00f9 20       		.byte	32
 279 00fa BE       		.byte	-66
 280 00fb 10       		.byte	16
 281 00fc BF       		.byte	-65
 282 00fd 04       		.byte	4
 283 00fe D2       		.byte	-46
 284 00ff 80       		.byte	-128
 285 0100 D8       		.byte	-40
ARM GAS  C:\Users\Klukk-TP\AppData\Local\Temp\cclfYBZO.s 			page 6


 286 0101 04       		.byte	4
 287 0102 D9       		.byte	-39
 288 0103 04       		.byte	4
 289 0104 DB       		.byte	-37
 290 0105 04       		.byte	4
 291 0106 DF       		.byte	-33
 292 0107 01       		.byte	1
 293 0108 01       		.byte	1
 294 0109 01       		.byte	1
 295 010a 03       		.byte	3
 296 010b 04       		.byte	4
 297 010c 07       		.byte	7
 298 010d 04       		.byte	4
 299 010e 08       		.byte	8
 300 010f 08       		.byte	8
 301 0110 09       		.byte	9
 302 0111 08       		.byte	8
 303 0112 0B       		.byte	11
 304 0113 02       		.byte	2
 305 0114 0D       		.byte	13
 306 0115 18       		.byte	24
 307 0116 12       		.byte	18
 308 0117 44       		.byte	68
 309 0118 15       		.byte	21
 310 0119 01       		.byte	1
 311 011a 16       		.byte	22
 312 011b 04       		.byte	4
 313 011c 19       		.byte	25
 314 011d 40       		.byte	64
 315 011e 1B       		.byte	27
 316 011f 18       		.byte	24
 317 0120 1F       		.byte	31
 318 0121 25       		.byte	37
 319 0122 20       		.byte	32
 320 0123 08       		.byte	8
 321 0124 21       		.byte	33
 322 0125 12       		.byte	18
 323 0126 23       		.byte	35
 324 0127 01       		.byte	1
 325 0128 26       		.byte	38
 326 0129 08       		.byte	8
 327 012a 27       		.byte	39
 328 012b 04       		.byte	4
 329 012c 28       		.byte	40
 330 012d 04       		.byte	4
 331 012e 29       		.byte	41
 332 012f 04       		.byte	4
 333 0130 2D       		.byte	45
 334 0131 01       		.byte	1
 335 0132 33       		.byte	51
 336 0133 06       		.byte	6
 337 0134 34       		.byte	52
 338 0135 08       		.byte	8
 339 0136 35       		.byte	53
 340 0137 04       		.byte	4
 341 0138 38       		.byte	56
 342 0139 20       		.byte	32
ARM GAS  C:\Users\Klukk-TP\AppData\Local\Temp\cclfYBZO.s 			page 7


 343 013a 39       		.byte	57
 344 013b 01       		.byte	1
 345 013c 3C       		.byte	60
 346 013d 0A       		.byte	10
 347 013e 40       		.byte	64
 348 013f 02       		.byte	2
 349 0140 41       		.byte	65
 350 0141 20       		.byte	32
 351 0142 43       		.byte	67
 352 0143 04       		.byte	4
 353 0144 49       		.byte	73
 354 0145 01       		.byte	1
 355 0146 50       		.byte	80
 356 0147 10       		.byte	16
 357 0148 51       		.byte	81
 358 0149 20       		.byte	32
 359 014a 52       		.byte	82
 360 014b 44       		.byte	68
 361 014c 59       		.byte	89
 362 014d 41       		.byte	65
 363 014e 5A       		.byte	90
 364 014f 24       		.byte	36
 365 0150 74       		.byte	116
 366 0151 01       		.byte	1
 367 0152 78       		.byte	120
 368 0153 02       		.byte	2
 369 0154 7B       		.byte	123
 370 0155 10       		.byte	16
 371 0156 7C       		.byte	124
 372 0157 02       		.byte	2
 373 0158 83       		.byte	-125
 374 0159 20       		.byte	32
 375 015a 8B       		.byte	-117
 376 015b 04       		.byte	4
 377 015c 97       		.byte	-105
 378 015d 20       		.byte	32
 379 015e 98       		.byte	-104
 380 015f 02       		.byte	2
 381 0160 A6       		.byte	-90
 382 0161 08       		.byte	8
 383 0162 A8       		.byte	-88
 384 0163 02       		.byte	2
 385 0164 C0       		.byte	-64
 386 0165 4A       		.byte	74
 387 0166 C2       		.byte	-62
 388 0167 65       		.byte	101
 389 0168 C4       		.byte	-60
 390 0169 5A       		.byte	90
 391 016a CA       		.byte	-54
 392 016b 86       		.byte	-122
 393 016c CC       		.byte	-52
 394 016d 43       		.byte	67
 395 016e CE       		.byte	-50
 396 016f C5       		.byte	-59
 397 0170 D0       		.byte	-48
 398 0171 0E       		.byte	14
 399 0172 D6       		.byte	-42
ARM GAS  C:\Users\Klukk-TP\AppData\Local\Temp\cclfYBZO.s 			page 8


 400 0173 0F       		.byte	15
 401 0174 DE       		.byte	-34
 402 0175 83       		.byte	-125
 403 0176 E2       		.byte	-30
 404 0177 80       		.byte	-128
 405 0178 93       		.byte	-109
 406 0179 01       		.byte	1
 407 017a 95       		.byte	-107
 408 017b 01       		.byte	1
 409 017c 96       		.byte	-106
 410 017d 20       		.byte	32
 411 017e 97       		.byte	-105
 412 017f 20       		.byte	32
 413 0180 98       		.byte	-104
 414 0181 02       		.byte	2
 415 0182 9A       		.byte	-102
 416 0183 40       		.byte	64
 417 0184 9C       		.byte	-100
 418 0185 0C       		.byte	12
 419 0186 A7       		.byte	-89
 420 0187 02       		.byte	2
 421 0188 AD       		.byte	-83
 422 0189 02       		.byte	2
 423 018a AE       		.byte	-82
 424 018b 04       		.byte	4
 425 018c B7       		.byte	-73
 426 018d 08       		.byte	8
 427 018e EA       		.byte	-22
 428 018f 10       		.byte	16
 429 0190 00       		.byte	0
 430 0191 02       		.byte	2
 431 0192 04       		.byte	4
 432 0193 19       		.byte	25
 433 0194 06       		.byte	6
 434 0195 06       		.byte	6
 435 0196 08       		.byte	8
 436 0197 06       		.byte	6
 437 0198 0A       		.byte	10
 438 0199 19       		.byte	25
 439 019a 0C       		.byte	12
 440 019b 04       		.byte	4
 441 019c 10       		.byte	16
 442 019d 10       		.byte	16
 443 019e 11       		.byte	17
 444 019f 01       		.byte	1
 445 01a0 14       		.byte	20
 446 01a1 06       		.byte	6
 447 01a2 15       		.byte	21
 448 01a3 04       		.byte	4
 449 01a4 18       		.byte	24
 450 01a5 1F       		.byte	31
 451 01a6 1C       		.byte	28
 452 01a7 06       		.byte	6
 453 01a8 1E       		.byte	30
 454 01a9 19       		.byte	25
 455 01aa 20       		.byte	32
 456 01ab 08       		.byte	8
ARM GAS  C:\Users\Klukk-TP\AppData\Local\Temp\cclfYBZO.s 			page 9


 457 01ac 26       		.byte	38
 458 01ad 19       		.byte	25
 459 01ae 2C       		.byte	44
 460 01af 18       		.byte	24
 461 01b0 2F       		.byte	47
 462 01b1 03       		.byte	3
 463 01b2 31       		.byte	49
 464 01b3 02       		.byte	2
 465 01b4 33       		.byte	51
 466 01b5 04       		.byte	4
 467 01b6 34       		.byte	52
 468 01b7 07       		.byte	7
 469 01b8 35       		.byte	53
 470 01b9 01       		.byte	1
 471 01ba 36       		.byte	54
 472 01bb 18       		.byte	24
 473 01bc 3A       		.byte	58
 474 01bd 20       		.byte	32
 475 01be 3D       		.byte	61
 476 01bf 20       		.byte	32
 477 01c0 3F       		.byte	63
 478 01c1 04       		.byte	4
 479 01c2 54       		.byte	84
 480 01c3 01       		.byte	1
 481 01c4 56       		.byte	86
 482 01c5 04       		.byte	4
 483 01c6 58       		.byte	88
 484 01c7 04       		.byte	4
 485 01c8 59       		.byte	89
 486 01c9 04       		.byte	4
 487 01ca 5B       		.byte	91
 488 01cb 04       		.byte	4
 489 01cc 5C       		.byte	92
 490 01cd 01       		.byte	1
 491 01ce 5D       		.byte	93
 492 01cf 10       		.byte	16
 493 01d0 5F       		.byte	95
 494 01d1 01       		.byte	1
 495 01d2 80       		.byte	-128
 496 01d3 08       		.byte	8
 497 01d4 82       		.byte	-126
 498 01d5 04       		.byte	4
 499 01d6 84       		.byte	-124
 500 01d7 01       		.byte	1
 501 01d8 85       		.byte	-123
 502 01d9 02       		.byte	2
 503 01da 87       		.byte	-121
 504 01db 01       		.byte	1
 505 01dc 8A       		.byte	-118
 506 01dd 01       		.byte	1
 507 01de 8C       		.byte	-116
 508 01df 0C       		.byte	12
 509 01e0 91       		.byte	-111
 510 01e1 01       		.byte	1
 511 01e2 92       		.byte	-110
 512 01e3 02       		.byte	2
 513 01e4 93       		.byte	-109
ARM GAS  C:\Users\Klukk-TP\AppData\Local\Temp\cclfYBZO.s 			page 10


 514 01e5 02       		.byte	2
 515 01e6 96       		.byte	-106
 516 01e7 02       		.byte	2
 517 01e8 9E       		.byte	-98
 518 01e9 01       		.byte	1
 519 01ea A0       		.byte	-96
 520 01eb 0C       		.byte	12
 521 01ec A4       		.byte	-92
 522 01ed 01       		.byte	1
 523 01ee B0       		.byte	-80
 524 01ef 01       		.byte	1
 525 01f0 B2       		.byte	-78
 526 01f1 02       		.byte	2
 527 01f2 B4       		.byte	-76
 528 01f3 08       		.byte	8
 529 01f4 B5       		.byte	-75
 530 01f5 03       		.byte	3
 531 01f6 B6       		.byte	-74
 532 01f7 04       		.byte	4
 533 01f8 B7       		.byte	-73
 534 01f9 01       		.byte	1
 535 01fa B8       		.byte	-72
 536 01fb A2       		.byte	-94
 537 01fc BE       		.byte	-66
 538 01fd 54       		.byte	84
 539 01fe BF       		.byte	-65
 540 01ff 10       		.byte	16
 541 0200 D4       		.byte	-44
 542 0201 18       		.byte	24
 543 0202 D6       		.byte	-42
 544 0203 04       		.byte	4
 545 0204 D8       		.byte	-40
 546 0205 04       		.byte	4
 547 0206 D9       		.byte	-39
 548 0207 04       		.byte	4
 549 0208 DB       		.byte	-37
 550 0209 04       		.byte	4
 551 020a DC       		.byte	-36
 552 020b 81       		.byte	-127
 553 020c DD       		.byte	-35
 554 020d 10       		.byte	16
 555 020e DF       		.byte	-33
 556 020f 21       		.byte	33
 557 0210 00       		.byte	0
 558 0211 40       		.byte	64
 559 0212 01       		.byte	1
 560 0213 28       		.byte	40
 561 0214 03       		.byte	3
 562 0215 40       		.byte	64
 563 0216 04       		.byte	4
 564 0217 02       		.byte	2
 565 0218 05       		.byte	5
 566 0219 28       		.byte	40
 567 021a 07       		.byte	7
 568 021b 02       		.byte	2
 569 021c 08       		.byte	8
 570 021d 60       		.byte	96
ARM GAS  C:\Users\Klukk-TP\AppData\Local\Temp\cclfYBZO.s 			page 11


 571 021e 09       		.byte	9
 572 021f 08       		.byte	8
 573 0220 0A       		.byte	10
 574 0221 40       		.byte	64
 575 0222 0D       		.byte	13
 576 0223 04       		.byte	4
 577 0224 0E       		.byte	14
 578 0225 80       		.byte	-128
 579 0226 0F       		.byte	15
 580 0227 02       		.byte	2
 581 0228 10       		.byte	16
 582 0229 80       		.byte	-128
 583 022a 11       		.byte	17
 584 022b 04       		.byte	4
 585 022c 12       		.byte	18
 586 022d 02       		.byte	2
 587 022e 14       		.byte	20
 588 022f 20       		.byte	32
 589 0230 17       		.byte	23
 590 0231 09       		.byte	9
 591 0232 19       		.byte	25
 592 0233 20       		.byte	32
 593 0234 1A       		.byte	26
 594 0235 01       		.byte	1
 595 0236 1D       		.byte	29
 596 0237 80       		.byte	-128
 597 0238 1E       		.byte	30
 598 0239 80       		.byte	-128
 599 023a 1F       		.byte	31
 600 023b 14       		.byte	20
 601 023c 21       		.byte	33
 602 023d 02       		.byte	2
 603 023e 22       		.byte	34
 604 023f 14       		.byte	20
 605 0240 24       		.byte	36
 606 0241 02       		.byte	2
 607 0242 26       		.byte	38
 608 0243 20       		.byte	32
 609 0244 2A       		.byte	42
 610 0245 40       		.byte	64
 611 0246 31       		.byte	49
 612 0247 02       		.byte	2
 613 0248 33       		.byte	51
 614 0249 08       		.byte	8
 615 024a 37       		.byte	55
 616 024b 01       		.byte	1
 617 024c 3E       		.byte	62
 618 024d 08       		.byte	8
 619 024e 58       		.byte	88
 620 024f 80       		.byte	-128
 621 0250 5A       		.byte	90
 622 0251 1A       		.byte	26
 623 0252 5E       		.byte	94
 624 0253 01       		.byte	1
 625 0254 61       		.byte	97
 626 0255 01       		.byte	1
 627 0256 65       		.byte	101
ARM GAS  C:\Users\Klukk-TP\AppData\Local\Temp\cclfYBZO.s 			page 12


 628 0257 02       		.byte	2
 629 0258 67       		.byte	103
 630 0259 09       		.byte	9
 631 025a 78       		.byte	120
 632 025b 02       		.byte	2
 633 025c 7E       		.byte	126
 634 025d 20       		.byte	32
 635 025e 81       		.byte	-127
 636 025f 08       		.byte	8
 637 0260 82       		.byte	-126
 638 0261 08       		.byte	8
 639 0262 83       		.byte	-125
 640 0263 02       		.byte	2
 641 0264 85       		.byte	-123
 642 0265 20       		.byte	32
 643 0266 87       		.byte	-121
 644 0267 01       		.byte	1
 645 0268 88       		.byte	-120
 646 0269 C0       		.byte	-64
 647 026a 89       		.byte	-119
 648 026b 04       		.byte	4
 649 026c 8A       		.byte	-118
 650 026d 02       		.byte	2
 651 026e 8B       		.byte	-117
 652 026f 01       		.byte	1
 653 0270 8C       		.byte	-116
 654 0271 40       		.byte	64
 655 0272 8D       		.byte	-115
 656 0273 08       		.byte	8
 657 0274 8F       		.byte	-113
 658 0275 42       		.byte	66
 659 0276 91       		.byte	-111
 660 0277 08       		.byte	8
 661 0278 92       		.byte	-110
 662 0279 52       		.byte	82
 663 027a 93       		.byte	-109
 664 027b 01       		.byte	1
 665 027c 96       		.byte	-106
 666 027d 20       		.byte	32
 667 027e 97       		.byte	-105
 668 027f 20       		.byte	32
 669 0280 98       		.byte	-104
 670 0281 82       		.byte	-126
 671 0282 9A       		.byte	-102
 672 0283 40       		.byte	64
 673 0284 9B       		.byte	-101
 674 0285 08       		.byte	8
 675 0286 9D       		.byte	-99
 676 0287 03       		.byte	3
 677 0288 A3       		.byte	-93
 678 0289 08       		.byte	8
 679 028a A5       		.byte	-91
 680 028b 80       		.byte	-128
 681 028c A7       		.byte	-89
 682 028d 02       		.byte	2
 683 028e A8       		.byte	-88
 684 028f 80       		.byte	-128
ARM GAS  C:\Users\Klukk-TP\AppData\Local\Temp\cclfYBZO.s 			page 13


 685 0290 AB       		.byte	-85
 686 0291 08       		.byte	8
 687 0292 AD       		.byte	-83
 688 0293 04       		.byte	4
 689 0294 B2       		.byte	-78
 690 0295 01       		.byte	1
 691 0296 B3       		.byte	-77
 692 0297 08       		.byte	8
 693 0298 B5       		.byte	-75
 694 0299 01       		.byte	1
 695 029a B6       		.byte	-74
 696 029b 10       		.byte	16
 697 029c C0       		.byte	-64
 698 029d FF       		.byte	-1
 699 029e C2       		.byte	-62
 700 029f BF       		.byte	-65
 701 02a0 C4       		.byte	-60
 702 02a1 3D       		.byte	61
 703 02a2 CA       		.byte	-54
 704 02a3 08       		.byte	8
 705 02a4 CC       		.byte	-52
 706 02a5 83       		.byte	-125
 707 02a6 CE       		.byte	-50
 708 02a7 40       		.byte	64
 709 02a8 D6       		.byte	-42
 710 02a9 8F       		.byte	-113
 711 02aa D8       		.byte	-40
 712 02ab B1       		.byte	-79
 713 02ac DE       		.byte	-34
 714 02ad 41       		.byte	65
 715 02ae E4       		.byte	-28
 716 02af 02       		.byte	2
 717 02b0 E6       		.byte	-26
 718 02b1 04       		.byte	4
 719 02b2 EA       		.byte	-22
 720 02b3 0C       		.byte	12
 721 02b4 EE       		.byte	-18
 722 02b5 41       		.byte	65
 723 02b6 82       		.byte	-126
 724 02b7 40       		.byte	64
 725 02b8 84       		.byte	-124
 726 02b9 04       		.byte	4
 727 02ba 85       		.byte	-123
 728 02bb 82       		.byte	-126
 729 02bc 93       		.byte	-109
 730 02bd 01       		.byte	1
 731 02be 96       		.byte	-106
 732 02bf 20       		.byte	32
 733 02c0 97       		.byte	-105
 734 02c1 20       		.byte	32
 735 02c2 98       		.byte	-104
 736 02c3 02       		.byte	2
 737 02c4 9A       		.byte	-102
 738 02c5 40       		.byte	64
 739 02c6 9C       		.byte	-100
 740 02c7 04       		.byte	4
 741 02c8 A7       		.byte	-89
ARM GAS  C:\Users\Klukk-TP\AppData\Local\Temp\cclfYBZO.s 			page 14


 742 02c9 02       		.byte	2
 743 02ca AC       		.byte	-84
 744 02cb 08       		.byte	8
 745 02cc AD       		.byte	-83
 746 02cd 01       		.byte	1
 747 02ce E2       		.byte	-30
 748 02cf 0C       		.byte	12
 749 02d0 04       		.byte	4
 750 02d1 13       		.byte	19
 751 02d2 05       		.byte	5
 752 02d3 03       		.byte	3
 753 02d4 06       		.byte	6
 754 02d5 0C       		.byte	12
 755 02d6 08       		.byte	8
 756 02d7 13       		.byte	19
 757 02d8 09       		.byte	9
 758 02d9 03       		.byte	3
 759 02da 0A       		.byte	10
 760 02db 04       		.byte	4
 761 02dc 0F       		.byte	15
 762 02dd 04       		.byte	4
 763 02de 12       		.byte	18
 764 02df 08       		.byte	8
 765 02e0 14       		.byte	20
 766 02e1 0A       		.byte	10
 767 02e2 15       		.byte	21
 768 02e3 02       		.byte	2
 769 02e4 16       		.byte	22
 770 02e5 14       		.byte	20
 771 02e6 17       		.byte	23
 772 02e7 09       		.byte	9
 773 02e8 1A       		.byte	26
 774 02e9 15       		.byte	21
 775 02ea 20       		.byte	32
 776 02eb 03       		.byte	3
 777 02ec 22       		.byte	34
 778 02ed 14       		.byte	20
 779 02ee 2D       		.byte	45
 780 02ef 01       		.byte	1
 781 02f0 2F       		.byte	47
 782 02f1 0A       		.byte	10
 783 02f2 31       		.byte	49
 784 02f3 0C       		.byte	12
 785 02f4 34       		.byte	52
 786 02f5 0F       		.byte	15
 787 02f6 35       		.byte	53
 788 02f7 03       		.byte	3
 789 02f8 36       		.byte	54
 790 02f9 10       		.byte	16
 791 02fa 3A       		.byte	58
 792 02fb 22       		.byte	34
 793 02fc 3E       		.byte	62
 794 02fd 40       		.byte	64
 795 02fe 3F       		.byte	63
 796 02ff 01       		.byte	1
 797 0300 40       		.byte	64
 798 0301 24       		.byte	36
ARM GAS  C:\Users\Klukk-TP\AppData\Local\Temp\cclfYBZO.s 			page 15


 799 0302 41       		.byte	65
 800 0303 06       		.byte	6
 801 0304 42       		.byte	66
 802 0305 03       		.byte	3
 803 0306 44       		.byte	68
 804 0307 01       		.byte	1
 805 0308 45       		.byte	69
 806 0309 E0       		.byte	-32
 807 030a 46       		.byte	70
 808 030b C0       		.byte	-64
 809 030c 48       		.byte	72
 810 030d 0A       		.byte	10
 811 030e 49       		.byte	73
 812 030f FF       		.byte	-1
 813 0310 4A       		.byte	74
 814 0311 FF       		.byte	-1
 815 0312 4B       		.byte	75
 816 0313 FF       		.byte	-1
 817 0314 4C       		.byte	76
 818 0315 62       		.byte	98
 819 0316 4D       		.byte	77
 820 0317 A0       		.byte	-96
 821 0318 4E       		.byte	78
 822 0319 F0       		.byte	-16
 823 031a 4F       		.byte	79
 824 031b 41       		.byte	65
 825 031c 50       		.byte	80
 826 031d 0C       		.byte	12
 827 031e 58       		.byte	88
 828 031f 04       		.byte	4
 829 0320 59       		.byte	89
 830 0321 04       		.byte	4
 831 0322 5A       		.byte	90
 832 0323 04       		.byte	4
 833 0324 5C       		.byte	92
 834 0325 11       		.byte	17
 835 0326 5D       		.byte	93
 836 0327 01       		.byte	1
 837 0328 5F       		.byte	95
 838 0329 01       		.byte	1
 839 032a 66       		.byte	102
 840 032b 40       		.byte	64
 841 032c 67       		.byte	103
 842 032d 02       		.byte	2
 843 032e 69       		.byte	105
 844 032f 10       		.byte	16
 845 0330 6A       		.byte	106
 846 0331 30       		.byte	48
 847 0332 6B       		.byte	107
 848 0333 10       		.byte	16
 849 0334 6D       		.byte	109
 850 0335 10       		.byte	16
 851 0336 6E       		.byte	110
 852 0337 10       		.byte	16
 853 0338 6F       		.byte	111
 854 0339 12       		.byte	18
 855 033a 84       		.byte	-124
ARM GAS  C:\Users\Klukk-TP\AppData\Local\Temp\cclfYBZO.s 			page 16


 856 033b 10       		.byte	16
 857 033c 85       		.byte	-123
 858 033d 21       		.byte	33
 859 033e 86       		.byte	-122
 860 033f AC       		.byte	-84
 861 0340 87       		.byte	-121
 862 0341 06       		.byte	6
 863 0342 8B       		.byte	-117
 864 0343 08       		.byte	8
 865 0344 8E       		.byte	-114
 866 0345 20       		.byte	32
 867 0346 8F       		.byte	-113
 868 0347 0C       		.byte	12
 869 0348 90       		.byte	-112
 870 0349 09       		.byte	9
 871 034a 92       		.byte	-110
 872 034b D0       		.byte	-48
 873 034c 94       		.byte	-108
 874 034d DC       		.byte	-36
 875 034e 95       		.byte	-107
 876 034f 0C       		.byte	12
 877 0350 96       		.byte	-106
 878 0351 22       		.byte	34
 879 0352 97       		.byte	-105
 880 0353 23       		.byte	35
 881 0354 99       		.byte	-103
 882 0355 40       		.byte	64
 883 0356 9B       		.byte	-101
 884 0357 03       		.byte	3
 885 0358 9E       		.byte	-98
 886 0359 03       		.byte	3
 887 035a A0       		.byte	-96
 888 035b 14       		.byte	20
 889 035c A4       		.byte	-92
 890 035d 10       		.byte	16
 891 035e A6       		.byte	-90
 892 035f 40       		.byte	64
 893 0360 A8       		.byte	-88
 894 0361 0C       		.byte	12
 895 0362 A9       		.byte	-87
 896 0363 21       		.byte	33
 897 0364 AA       		.byte	-86
 898 0365 71       		.byte	113
 899 0366 AB       		.byte	-85
 900 0367 0E       		.byte	14
 901 0368 AD       		.byte	-83
 902 0369 10       		.byte	16
 903 036a B1       		.byte	-79
 904 036b 60       		.byte	96
 905 036c B3       		.byte	-77
 906 036d 0F       		.byte	15
 907 036e B4       		.byte	-76
 908 036f E0       		.byte	-32
 909 0370 B5       		.byte	-75
 910 0371 10       		.byte	16
 911 0372 B6       		.byte	-74
 912 0373 1F       		.byte	31
ARM GAS  C:\Users\Klukk-TP\AppData\Local\Temp\cclfYBZO.s 			page 17


 913 0374 B9       		.byte	-71
 914 0375 02       		.byte	2
 915 0376 BA       		.byte	-70
 916 0377 20       		.byte	32
 917 0378 BB       		.byte	-69
 918 0379 08       		.byte	8
 919 037a BF       		.byte	-65
 920 037b 10       		.byte	16
 921 037c C0       		.byte	-64
 922 037d 25       		.byte	37
 923 037e C1       		.byte	-63
 924 037f 06       		.byte	6
 925 0380 C5       		.byte	-59
 926 0381 B0       		.byte	-80
 927 0382 C6       		.byte	-58
 928 0383 EC       		.byte	-20
 929 0384 C8       		.byte	-56
 930 0385 0E       		.byte	14
 931 0386 C9       		.byte	-55
 932 0387 FF       		.byte	-1
 933 0388 CA       		.byte	-54
 934 0389 FF       		.byte	-1
 935 038a CB       		.byte	-53
 936 038b FF       		.byte	-1
 937 038c CE       		.byte	-50
 938 038d F0       		.byte	-16
 939 038e CF       		.byte	-49
 940 038f 44       		.byte	68
 941 0390 D0       		.byte	-48
 942 0391 0C       		.byte	12
 943 0392 D8       		.byte	-40
 944 0393 04       		.byte	4
 945 0394 D9       		.byte	-39
 946 0395 04       		.byte	4
 947 0396 DA       		.byte	-38
 948 0397 04       		.byte	4
 949 0398 DC       		.byte	-36
 950 0399 11       		.byte	17
 951 039a DD       		.byte	-35
 952 039b 01       		.byte	1
 953 039c DF       		.byte	-33
 954 039d 01       		.byte	1
 955 039e E6       		.byte	-26
 956 039f C0       		.byte	-64
 957 03a0 EA       		.byte	-22
 958 03a1 40       		.byte	64
 959 03a2 EB       		.byte	-21
 960 03a3 02       		.byte	2
 961 03a4 00       		.byte	0
 962 03a5 04       		.byte	4
 963 03a6 02       		.byte	2
 964 03a7 02       		.byte	2
 965 03a8 04       		.byte	4
 966 03a9 04       		.byte	4
 967 03aa 05       		.byte	5
 968 03ab 20       		.byte	32
 969 03ac 09       		.byte	9
ARM GAS  C:\Users\Klukk-TP\AppData\Local\Temp\cclfYBZO.s 			page 18


 970 03ad 08       		.byte	8
 971 03ae 0A       		.byte	10
 972 03af 01       		.byte	1
 973 03b0 0B       		.byte	11
 974 03b1 40       		.byte	64
 975 03b2 0C       		.byte	12
 976 03b3 10       		.byte	16
 977 03b4 0D       		.byte	13
 978 03b5 08       		.byte	8
 979 03b6 0F       		.byte	15
 980 03b7 44       		.byte	68
 981 03b8 10       		.byte	16
 982 03b9 84       		.byte	-124
 983 03ba 12       		.byte	18
 984 03bb 10       		.byte	16
 985 03bc 16       		.byte	22
 986 03bd 40       		.byte	64
 987 03be 19       		.byte	25
 988 03bf 60       		.byte	96
 989 03c0 1A       		.byte	26
 990 03c1 01       		.byte	1
 991 03c2 1C       		.byte	28
 992 03c3 04       		.byte	4
 993 03c4 1E       		.byte	30
 994 03c5 42       		.byte	66
 995 03c6 21       		.byte	33
 996 03c7 18       		.byte	24
 997 03c8 23       		.byte	35
 998 03c9 40       		.byte	64
 999 03ca 27       		.byte	39
 1000 03cb 48       		.byte	72
 1001 03cc 28       		.byte	40
 1002 03cd 04       		.byte	4
 1003 03ce 29       		.byte	41
 1004 03cf 60       		.byte	96
 1005 03d0 2D       		.byte	45
 1006 03d1 80       		.byte	-128
 1007 03d2 30       		.byte	48
 1008 03d3 10       		.byte	16
 1009 03d4 31       		.byte	49
 1010 03d5 08       		.byte	8
 1011 03d6 37       		.byte	55
 1012 03d7 08       		.byte	8
 1013 03d8 38       		.byte	56
 1014 03d9 04       		.byte	4
 1015 03da 3A       		.byte	58
 1016 03db 10       		.byte	16
 1017 03dc 3B       		.byte	59
 1018 03dd 40       		.byte	64
 1019 03de 3C       		.byte	60
 1020 03df 80       		.byte	-128
 1021 03e0 3D       		.byte	61
 1022 03e1 14       		.byte	20
 1023 03e2 40       		.byte	64
 1024 03e3 04       		.byte	4
 1025 03e4 44       		.byte	68
 1026 03e5 08       		.byte	8
ARM GAS  C:\Users\Klukk-TP\AppData\Local\Temp\cclfYBZO.s 			page 19


 1027 03e6 45       		.byte	69
 1028 03e7 04       		.byte	4
 1029 03e8 47       		.byte	71
 1030 03e9 42       		.byte	66
 1031 03ea 48       		.byte	72
 1032 03eb 80       		.byte	-128
 1033 03ec 49       		.byte	73
 1034 03ed 20       		.byte	32
 1035 03ee 4A       		.byte	74
 1036 03ef 02       		.byte	2
 1037 03f0 4D       		.byte	77
 1038 03f1 01       		.byte	1
 1039 03f2 4E       		.byte	78
 1040 03f3 08       		.byte	8
 1041 03f4 50       		.byte	80
 1042 03f5 40       		.byte	64
 1043 03f6 52       		.byte	82
 1044 03f7 40       		.byte	64
 1045 03f8 53       		.byte	83
 1046 03f9 10       		.byte	16
 1047 03fa 56       		.byte	86
 1048 03fb 20       		.byte	32
 1049 03fc 83       		.byte	-125
 1050 03fd 08       		.byte	8
 1051 03fe 85       		.byte	-123
 1052 03ff 10       		.byte	16
 1053 0400 86       		.byte	-122
 1054 0401 20       		.byte	32
 1055 0402 8A       		.byte	-118
 1056 0403 02       		.byte	2
 1057 0404 8B       		.byte	-117
 1058 0405 04       		.byte	4
 1059 0406 C0       		.byte	-64
 1060 0407 65       		.byte	101
 1061 0408 C2       		.byte	-62
 1062 0409 7D       		.byte	125
 1063 040a C4       		.byte	-60
 1064 040b 1E       		.byte	30
 1065 040c CA       		.byte	-54
 1066 040d 1C       		.byte	28
 1067 040e CC       		.byte	-52
 1068 040f 46       		.byte	70
 1069 0410 CE       		.byte	-50
 1070 0411 7E       		.byte	126
 1071 0412 D0       		.byte	-48
 1072 0413 F4       		.byte	-12
 1073 0414 D2       		.byte	-46
 1074 0415 2C       		.byte	44
 1075 0416 E0       		.byte	-32
 1076 0417 02       		.byte	2
 1077 0418 04       		.byte	4
 1078 0419 03       		.byte	3
 1079 041a 05       		.byte	5
 1080 041b 07       		.byte	7
 1081 041c 08       		.byte	8
 1082 041d 03       		.byte	3
 1083 041e 09       		.byte	9
ARM GAS  C:\Users\Klukk-TP\AppData\Local\Temp\cclfYBZO.s 			page 20


 1084 041f 07       		.byte	7
 1085 0420 0D       		.byte	13
 1086 0421 01       		.byte	1
 1087 0422 0F       		.byte	15
 1088 0423 06       		.byte	6
 1089 0424 11       		.byte	17
 1090 0425 02       		.byte	2
 1091 0426 13       		.byte	19
 1092 0427 01       		.byte	1
 1093 0428 14       		.byte	20
 1094 0429 02       		.byte	2
 1095 042a 1A       		.byte	26
 1096 042b 01       		.byte	1
 1097 042c 25       		.byte	37
 1098 042d 04       		.byte	4
 1099 042e 27       		.byte	39
 1100 042f 01       		.byte	1
 1101 0430 31       		.byte	49
 1102 0431 07       		.byte	7
 1103 0432 36       		.byte	54
 1104 0433 03       		.byte	3
 1105 0434 38       		.byte	56
 1106 0435 80       		.byte	-128
 1107 0436 3E       		.byte	62
 1108 0437 40       		.byte	64
 1109 0438 40       		.byte	64
 1110 0439 01       		.byte	1
 1111 043a 46       		.byte	70
 1112 043b 40       		.byte	64
 1113 043c 49       		.byte	73
 1114 043d FF       		.byte	-1
 1115 043e 4A       		.byte	74
 1116 043f 07       		.byte	7
 1117 0440 4B       		.byte	75
 1118 0441 FF       		.byte	-1
 1119 0442 4C       		.byte	76
 1120 0443 40       		.byte	64
 1121 0444 4D       		.byte	77
 1122 0445 20       		.byte	32
 1123 0446 4E       		.byte	78
 1124 0447 F0       		.byte	-16
 1125 0448 4F       		.byte	79
 1126 0449 05       		.byte	5
 1127 044a 50       		.byte	80
 1128 044b 08       		.byte	8
 1129 044c 58       		.byte	88
 1130 044d 04       		.byte	4
 1131 044e 59       		.byte	89
 1132 044f 04       		.byte	4
 1133 0450 5A       		.byte	90
 1134 0451 04       		.byte	4
 1135 0452 5C       		.byte	92
 1136 0453 10       		.byte	16
 1137 0454 5D       		.byte	93
 1138 0455 01       		.byte	1
 1139 0456 5F       		.byte	95
 1140 0457 01       		.byte	1
ARM GAS  C:\Users\Klukk-TP\AppData\Local\Temp\cclfYBZO.s 			page 21


 1141 0458 60       		.byte	96
 1142 0459 40       		.byte	64
 1143 045a 61       		.byte	97
 1144 045b A8       		.byte	-88
 1145 045c 62       		.byte	98
 1146 045d 40       		.byte	64
 1147 045e 63       		.byte	99
 1148 045f 20       		.byte	32
 1149 0460 80       		.byte	-128
 1150 0461 7F       		.byte	127
 1151 0462 81       		.byte	-127
 1152 0463 08       		.byte	8
 1153 0464 84       		.byte	-124
 1154 0465 0C       		.byte	12
 1155 0466 85       		.byte	-123
 1156 0467 10       		.byte	16
 1157 0468 88       		.byte	-120
 1158 0469 04       		.byte	4
 1159 046a 89       		.byte	-119
 1160 046b 10       		.byte	16
 1161 046c 8D       		.byte	-115
 1162 046d 0D       		.byte	13
 1163 046e 8E       		.byte	-114
 1164 046f 40       		.byte	64
 1165 0470 8F       		.byte	-113
 1166 0471 02       		.byte	2
 1167 0472 90       		.byte	-112
 1168 0473 41       		.byte	65
 1169 0474 91       		.byte	-111
 1170 0475 10       		.byte	16
 1171 0476 92       		.byte	-110
 1172 0477 80       		.byte	-128
 1173 0478 94       		.byte	-108
 1174 0479 4C       		.byte	76
 1175 047a 95       		.byte	-107
 1176 047b 04       		.byte	4
 1177 047c 96       		.byte	-106
 1178 047d 23       		.byte	35
 1179 047e 98       		.byte	-104
 1180 047f 4F       		.byte	79
 1181 0480 99       		.byte	-103
 1182 0481 0C       		.byte	12
 1183 0482 9A       		.byte	-102
 1184 0483 10       		.byte	16
 1185 0484 9C       		.byte	-100
 1186 0485 08       		.byte	8
 1187 0486 9F       		.byte	-97
 1188 0487 02       		.byte	2
 1189 0488 A2       		.byte	-94
 1190 0489 33       		.byte	51
 1191 048a A4       		.byte	-92
 1192 048b 02       		.byte	2
 1193 048c A5       		.byte	-91
 1194 048d 03       		.byte	3
 1195 048e A7       		.byte	-89
 1196 048f 0C       		.byte	12
 1197 0490 A8       		.byte	-88
ARM GAS  C:\Users\Klukk-TP\AppData\Local\Temp\cclfYBZO.s 			page 22


 1198 0491 73       		.byte	115
 1199 0492 A9       		.byte	-87
 1200 0493 0F       		.byte	15
 1201 0494 AA       		.byte	-86
 1202 0495 0C       		.byte	12
 1203 0496 AC       		.byte	-84
 1204 0497 03       		.byte	3
 1205 0498 AD       		.byte	-83
 1206 0499 0F       		.byte	15
 1207 049a B2       		.byte	-78
 1208 049b 7C       		.byte	124
 1209 049c B3       		.byte	-77
 1210 049d 0E       		.byte	14
 1211 049e B4       		.byte	-76
 1212 049f 0F       		.byte	15
 1213 04a0 B5       		.byte	-75
 1214 04a1 01       		.byte	1
 1215 04a2 B6       		.byte	-74
 1216 04a3 80       		.byte	-128
 1217 04a4 B7       		.byte	-73
 1218 04a5 10       		.byte	16
 1219 04a6 BA       		.byte	-70
 1220 04a7 28       		.byte	40
 1221 04a8 BF       		.byte	-65
 1222 04a9 10       		.byte	16
 1223 04aa D6       		.byte	-42
 1224 04ab 02       		.byte	2
 1225 04ac D7       		.byte	-41
 1226 04ad 11       		.byte	17
 1227 04ae D8       		.byte	-40
 1228 04af 04       		.byte	4
 1229 04b0 D9       		.byte	-39
 1230 04b1 04       		.byte	4
 1231 04b2 DB       		.byte	-37
 1232 04b3 04       		.byte	4
 1233 04b4 DC       		.byte	-36
 1234 04b5 11       		.byte	17
 1235 04b6 DD       		.byte	-35
 1236 04b7 10       		.byte	16
 1237 04b8 DF       		.byte	-33
 1238 04b9 01       		.byte	1
 1239 04ba 00       		.byte	0
 1240 04bb 04       		.byte	4
 1241 04bc 01       		.byte	1
 1242 04bd 20       		.byte	32
 1243 04be 05       		.byte	5
 1244 04bf 40       		.byte	64
 1245 04c0 06       		.byte	6
 1246 04c1 88       		.byte	-120
 1247 04c2 07       		.byte	7
 1248 04c3 20       		.byte	32
 1249 04c4 09       		.byte	9
 1250 04c5 08       		.byte	8
 1251 04c6 0B       		.byte	11
 1252 04c7 04       		.byte	4
 1253 04c8 0C       		.byte	12
 1254 04c9 9A       		.byte	-102
ARM GAS  C:\Users\Klukk-TP\AppData\Local\Temp\cclfYBZO.s 			page 23


 1255 04ca 14       		.byte	20
 1256 04cb 28       		.byte	40
 1257 04cc 15       		.byte	21
 1258 04cd 40       		.byte	64
 1259 04ce 17       		.byte	23
 1260 04cf 0A       		.byte	10
 1261 04d0 18       		.byte	24
 1262 04d1 01       		.byte	1
 1263 04d2 1D       		.byte	29
 1264 04d3 40       		.byte	64
 1265 04d4 1E       		.byte	30
 1266 04d5 08       		.byte	8
 1267 04d6 1F       		.byte	31
 1268 04d7 14       		.byte	20
 1269 04d8 20       		.byte	32
 1270 04d9 C0       		.byte	-64
 1271 04da 25       		.byte	37
 1272 04db 04       		.byte	4
 1273 04dc 26       		.byte	38
 1274 04dd 90       		.byte	-112
 1275 04de 27       		.byte	39
 1276 04df 02       		.byte	2
 1277 04e0 28       		.byte	40
 1278 04e1 20       		.byte	32
 1279 04e2 2C       		.byte	44
 1280 04e3 08       		.byte	8
 1281 04e4 2E       		.byte	46
 1282 04e5 C0       		.byte	-64
 1283 04e6 2F       		.byte	47
 1284 04e7 14       		.byte	20
 1285 04e8 30       		.byte	48
 1286 04e9 02       		.byte	2
 1287 04ea 36       		.byte	54
 1288 04eb 80       		.byte	-128
 1289 04ec 37       		.byte	55
 1290 04ed 25       		.byte	37
 1291 04ee 38       		.byte	56
 1292 04ef 40       		.byte	64
 1293 04f0 39       		.byte	57
 1294 04f1 54       		.byte	84
 1295 04f2 3D       		.byte	61
 1296 04f3 14       		.byte	20
 1297 04f4 3E       		.byte	62
 1298 04f5 02       		.byte	2
 1299 04f6 3F       		.byte	63
 1300 04f7 40       		.byte	64
 1301 04f8 40       		.byte	64
 1302 04f9 01       		.byte	1
 1303 04fa 4B       		.byte	75
 1304 04fb 04       		.byte	4
 1305 04fc 52       		.byte	82
 1306 04fd 10       		.byte	16
 1307 04fe 5E       		.byte	94
 1308 04ff 20       		.byte	32
 1309 0500 6D       		.byte	109
 1310 0501 14       		.byte	20
 1311 0502 6F       		.byte	111
ARM GAS  C:\Users\Klukk-TP\AppData\Local\Temp\cclfYBZO.s 			page 24


 1312 0503 01       		.byte	1
 1313 0504 74       		.byte	116
 1314 0505 80       		.byte	-128
 1315 0506 76       		.byte	118
 1316 0507 0A       		.byte	10
 1317 0508 77       		.byte	119
 1318 0509 24       		.byte	36
 1319 050a 80       		.byte	-128
 1320 050b 08       		.byte	8
 1321 050c 82       		.byte	-126
 1322 050d 04       		.byte	4
 1323 050e 84       		.byte	-124
 1324 050f 10       		.byte	16
 1325 0510 87       		.byte	-121
 1326 0511 40       		.byte	64
 1327 0512 88       		.byte	-120
 1328 0513 42       		.byte	66
 1329 0514 89       		.byte	-119
 1330 0515 80       		.byte	-128
 1331 0516 8B       		.byte	-117
 1332 0517 06       		.byte	6
 1333 0518 8D       		.byte	-115
 1334 0519 04       		.byte	4
 1335 051a 8E       		.byte	-114
 1336 051b 0A       		.byte	10
 1337 051c 8F       		.byte	-113
 1338 051d 20       		.byte	32
 1339 051e 90       		.byte	-112
 1340 051f 04       		.byte	4
 1341 0520 92       		.byte	-110
 1342 0521 40       		.byte	64
 1343 0522 95       		.byte	-107
 1344 0523 14       		.byte	20
 1345 0524 97       		.byte	-105
 1346 0525 04       		.byte	4
 1347 0526 99       		.byte	-103
 1348 0527 20       		.byte	32
 1349 0528 9B       		.byte	-101
 1350 0529 08       		.byte	8
 1351 052a 9C       		.byte	-100
 1352 052b 08       		.byte	8
 1353 052c 9D       		.byte	-99
 1354 052d 80       		.byte	-128
 1355 052e 9E       		.byte	-98
 1356 052f 10       		.byte	16
 1357 0530 9F       		.byte	-97
 1358 0531 02       		.byte	2
 1359 0532 A1       		.byte	-95
 1360 0533 08       		.byte	8
 1361 0534 A4       		.byte	-92
 1362 0535 40       		.byte	64
 1363 0536 A5       		.byte	-91
 1364 0537 04       		.byte	4
 1365 0538 AA       		.byte	-86
 1366 0539 49       		.byte	73
 1367 053a AD       		.byte	-83
 1368 053b 01       		.byte	1
ARM GAS  C:\Users\Klukk-TP\AppData\Local\Temp\cclfYBZO.s 			page 25


 1369 053c B3       		.byte	-77
 1370 053d 10       		.byte	16
 1371 053e B4       		.byte	-76
 1372 053f 40       		.byte	64
 1373 0540 C0       		.byte	-64
 1374 0541 F6       		.byte	-10
 1375 0542 C2       		.byte	-62
 1376 0543 F6       		.byte	-10
 1377 0544 C4       		.byte	-60
 1378 0545 F0       		.byte	-16
 1379 0546 CA       		.byte	-54
 1380 0547 72       		.byte	114
 1381 0548 CC       		.byte	-52
 1382 0549 F1       		.byte	-15
 1383 054a CE       		.byte	-50
 1384 054b FE       		.byte	-2
 1385 054c D0       		.byte	-48
 1386 054d 08       		.byte	8
 1387 054e D6       		.byte	-42
 1388 054f 20       		.byte	32
 1389 0550 E2       		.byte	-30
 1390 0551 F0       		.byte	-16
 1391 0552 E6       		.byte	-26
 1392 0553 F0       		.byte	-16
 1393 0554 EA       		.byte	-22
 1394 0555 20       		.byte	32
 1395 0556 EE       		.byte	-18
 1396 0557 10       		.byte	16
 1397 0558 31       		.byte	49
 1398 0559 40       		.byte	64
 1399 055a 33       		.byte	51
 1400 055b 02       		.byte	2
 1401 055c 35       		.byte	53
 1402 055d 80       		.byte	-128
 1403 055e 37       		.byte	55
 1404 055f 08       		.byte	8
 1405 0560 39       		.byte	57
 1406 0561 40       		.byte	64
 1407 0562 53       		.byte	83
 1408 0563 02       		.byte	2
 1409 0564 59       		.byte	89
 1410 0565 40       		.byte	64
 1411 0566 CC       		.byte	-52
 1412 0567 F0       		.byte	-16
 1413 0568 CE       		.byte	-50
 1414 0569 10       		.byte	16
 1415 056a 08       		.byte	8
 1416 056b 80       		.byte	-128
 1417 056c 32       		.byte	50
 1418 056d 20       		.byte	32
 1419 056e 36       		.byte	54
 1420 056f 40       		.byte	64
 1421 0570 57       		.byte	87
 1422 0571 01       		.byte	1
 1423 0572 5A       		.byte	90
 1424 0573 80       		.byte	-128
 1425 0574 86       		.byte	-122
ARM GAS  C:\Users\Klukk-TP\AppData\Local\Temp\cclfYBZO.s 			page 26


 1426 0575 20       		.byte	32
 1427 0576 8B       		.byte	-117
 1428 0577 08       		.byte	8
 1429 0578 95       		.byte	-107
 1430 0579 40       		.byte	64
 1431 057a 9D       		.byte	-99
 1432 057b C0       		.byte	-64
 1433 057c 9F       		.byte	-97
 1434 057d 08       		.byte	8
 1435 057e C2       		.byte	-62
 1436 057f 40       		.byte	64
 1437 0580 CC       		.byte	-52
 1438 0581 30       		.byte	48
 1439 0582 D4       		.byte	-44
 1440 0583 80       		.byte	-128
 1441 0584 D6       		.byte	-42
 1442 0585 20       		.byte	32
 1443 0586 E6       		.byte	-26
 1444 0587 40       		.byte	64
 1445 0588 81       		.byte	-127
 1446 0589 40       		.byte	64
 1447 058a 8B       		.byte	-117
 1448 058b 01       		.byte	1
 1449 058c 95       		.byte	-107
 1450 058d 40       		.byte	64
 1451 058e 96       		.byte	-106
 1452 058f 80       		.byte	-128
 1453 0590 9D       		.byte	-99
 1454 0591 C0       		.byte	-64
 1455 0592 A6       		.byte	-90
 1456 0593 40       		.byte	64
 1457 0594 A7       		.byte	-89
 1458 0595 01       		.byte	1
 1459 0596 A8       		.byte	-88
 1460 0597 80       		.byte	-128
 1461 0598 E6       		.byte	-26
 1462 0599 20       		.byte	32
 1463 059a EC       		.byte	-20
 1464 059b 80       		.byte	-128
 1465 059c 9D       		.byte	-99
 1466 059d C0       		.byte	-64
 1467 059e A6       		.byte	-90
 1468 059f 40       		.byte	64
 1469 05a0 B6       		.byte	-74
 1470 05a1 40       		.byte	64
 1471 05a2 85       		.byte	-123
 1472 05a3 40       		.byte	64
 1473 05a4 86       		.byte	-122
 1474 05a5 40       		.byte	64
 1475 05a6 9D       		.byte	-99
 1476 05a7 C0       		.byte	-64
 1477 05a8 9E       		.byte	-98
 1478 05a9 20       		.byte	32
 1479 05aa A6       		.byte	-90
 1480 05ab 40       		.byte	64
 1481 05ac A7       		.byte	-89
 1482 05ad 80       		.byte	-128
ARM GAS  C:\Users\Klukk-TP\AppData\Local\Temp\cclfYBZO.s 			page 27


 1483 05ae AE       		.byte	-82
 1484 05af 20       		.byte	32
 1485 05b0 AF       		.byte	-81
 1486 05b1 80       		.byte	-128
 1487 05b2 E6       		.byte	-26
 1488 05b3 50       		.byte	80
 1489 05b4 E8       		.byte	-24
 1490 05b5 10       		.byte	16
 1491 05b6 EC       		.byte	-20
 1492 05b7 10       		.byte	16
 1493 05b8 03       		.byte	3
 1494 05b9 80       		.byte	-128
 1495 05ba 06       		.byte	6
 1496 05bb 20       		.byte	32
 1497 05bc 08       		.byte	8
 1498 05bd 02       		.byte	2
 1499 05be 0C       		.byte	12
 1500 05bf 01       		.byte	1
 1501 05c0 80       		.byte	-128
 1502 05c1 02       		.byte	2
 1503 05c2 84       		.byte	-124
 1504 05c3 01       		.byte	1
 1505 05c4 9E       		.byte	-98
 1506 05c5 20       		.byte	32
 1507 05c6 A7       		.byte	-89
 1508 05c7 80       		.byte	-128
 1509 05c8 B5       		.byte	-75
 1510 05c9 80       		.byte	-128
 1511 05ca C0       		.byte	-64
 1512 05cb 30       		.byte	48
 1513 05cc C2       		.byte	-62
 1514 05cd 30       		.byte	48
 1515 05ce E0       		.byte	-32
 1516 05cf 40       		.byte	64
 1517 05d0 E4       		.byte	-28
 1518 05d1 80       		.byte	-128
 1519 05d2 87       		.byte	-121
 1520 05d3 80       		.byte	-128
 1521 05d4 11       		.byte	17
 1522 05d5 01       		.byte	1
 1523 05d6 77       		.byte	119
 1524 05d7 80       		.byte	-128
 1525 05d8 89       		.byte	-119
 1526 05d9 01       		.byte	1
 1527 05da 9B       		.byte	-101
 1528 05db 80       		.byte	-128
 1529 05dc C4       		.byte	-60
 1530 05dd 08       		.byte	8
 1531 05de DE       		.byte	-34
 1532 05df 04       		.byte	4
 1533 05e0 E6       		.byte	-26
 1534 05e1 01       		.byte	1
 1535 05e2 00       		.byte	0
 1536 05e3 01       		.byte	1
 1537 05e4 0A       		.byte	10
 1538 05e5 01       		.byte	1
 1539 05e6 10       		.byte	16
ARM GAS  C:\Users\Klukk-TP\AppData\Local\Temp\cclfYBZO.s 			page 28


 1540 05e7 03       		.byte	3
 1541 05e8 1A       		.byte	26
 1542 05e9 03       		.byte	3
 1543 05ea 1C       		.byte	28
 1544 05eb 02       		.byte	2
 1545 05ec 00       		.byte	0
 1546 05ed FF       		.byte	-1
 1547 05ee 01       		.byte	1
 1548 05ef 3F       		.byte	63
 1549 05f0 80       		.byte	-128
 1550 05f1 80       		.byte	-128
 1551 05f2 00       		.byte	0
 1552 05f3 00       		.byte	0
 1553 05f4 40       		.byte	64
 1554 05f5 00       		.byte	0
 1555 05f6 00       		.byte	0
 1556 05f7 00       		.byte	0
 1557 05f8 40       		.byte	64
 1558 05f9 FF       		.byte	-1
 1559 05fa BF       		.byte	-65
 1560 05fb 00       		.byte	0
 1561 05fc 03       		.byte	3
 1562 05fd 00       		.byte	0
 1563 05fe 00       		.byte	0
 1564 05ff 00       		.byte	0
 1565 0600 80       		.byte	-128
 1566 0601 00       		.byte	0
 1567 0602 40       		.byte	64
 1568 0603 80       		.byte	-128
 1569 0604 80       		.byte	-128
 1570 0605 00       		.byte	0
 1571 0606 80       		.byte	-128
 1572 0607 00       		.byte	0
 1573 0608 00       		.byte	0
 1574 0609 00       		.byte	0
 1575 060a 00       		.byte	0
 1576 060b 00       		.byte	0
 1577 060c 00       		.byte	0
 1578 060d 0B       		.byte	11
 1579 060e 0B       		.byte	11
 1580 060f 00       		.byte	0
 1581 0610 00       		.byte	0
 1582 0611 00       		.byte	0
 1583 0612 00       		.byte	0
 1584 0613 00       		.byte	0
 1585 0614 33       		.byte	51
 1586 0615 00       		.byte	0
 1587 0616 00       		.byte	0
 1588 0617 00       		.byte	0
 1589 0618 00       		.byte	0
 1590 0619 00       		.byte	0
 1591 061a 00       		.byte	0
 1592 061b 00       		.byte	0
 1593              		.section	.cywolatch,"a",%progbits
 1594              		.align	2
 1595              		.type	cy_meta_wonvl, %object
 1596              		.size	cy_meta_wonvl, 4
ARM GAS  C:\Users\Klukk-TP\AppData\Local\Temp\cclfYBZO.s 			page 29


 1597              	cy_meta_wonvl:
 1598 0000 BC       		.byte	-68
 1599 0001 90       		.byte	-112
 1600 0002 AC       		.byte	-84
 1601 0003 AF       		.byte	-81
 1602              		.section	.cycustnvl,"a",%progbits
 1603              		.align	2
 1604              		.type	cy_meta_custnvl, %object
 1605              		.size	cy_meta_custnvl, 4
 1606              	cy_meta_custnvl:
 1607 0000 00       		.byte	0
 1608 0001 00       		.byte	0
 1609 0002 40       		.byte	64
 1610 0003 05       		.byte	5
 1611              		.section	.cymeta,"a",%progbits
 1612              		.align	2
 1613              		.type	cy_metadata, %object
 1614              		.size	cy_metadata, 12
 1615              	cy_metadata:
 1616 0000 00       		.byte	0
 1617 0001 01       		.byte	1
 1618 0002 2E       		.byte	46
 1619 0003 16       		.byte	22
 1620 0004 10       		.byte	16
 1621 0005 69       		.byte	105
 1622 0006 00       		.byte	0
 1623 0007 01       		.byte	1
 1624 0008 00       		.byte	0
 1625 0009 00       		.byte	0
 1626 000a 00       		.byte	0
 1627 000b 00       		.byte	0
 1628              		.section	.cyflashprotect,"a",%progbits
 1629              		.align	2
 1630              		.type	cy_meta_flashprotect, %object
 1631              		.size	cy_meta_flashprotect, 256
 1632              	cy_meta_flashprotect:
 1633 0000 00000000 		.space	256
 1633      00000000 
 1633      00000000 
 1633      00000000 
 1633      00000000 
 1634              		.text
 1635              	.Letext0:
 1636              		.file 1 "c:\\program files (x86)\\cypress\\psoc creator\\4.2\\psoc creator\\import\\gnu\\arm\\5.4.
 1637              		.file 2 "c:\\program files (x86)\\cypress\\psoc creator\\4.2\\psoc creator\\import\\gnu\\arm\\5.4.
 1638              		.file 3 "Generated_Source\\PSoC5\\cymetadata.c"
 1639              		.section	.debug_info,"",%progbits
 1640              	.Ldebug_info0:
 1641 0000 33010000 		.4byte	0x133
 1642 0004 0400     		.2byte	0x4
 1643 0006 00000000 		.4byte	.Ldebug_abbrev0
 1644 000a 04       		.byte	0x4
 1645 000b 01       		.uleb128 0x1
 1646 000c 24000000 		.4byte	.LASF17
 1647 0010 0C       		.byte	0xc
 1648 0011 C7010000 		.4byte	.LASF18
 1649 0015 3A010000 		.4byte	.LASF19
ARM GAS  C:\Users\Klukk-TP\AppData\Local\Temp\cclfYBZO.s 			page 30


 1650 0019 00000000 		.4byte	.Ldebug_line0
 1651 001d 02       		.uleb128 0x2
 1652 001e 01       		.byte	0x1
 1653 001f 06       		.byte	0x6
 1654 0020 BB010000 		.4byte	.LASF0
 1655 0024 03       		.uleb128 0x3
 1656 0025 00000000 		.4byte	.LASF9
 1657 0029 01       		.byte	0x1
 1658 002a 1D       		.byte	0x1d
 1659 002b 2F000000 		.4byte	0x2f
 1660 002f 02       		.uleb128 0x2
 1661 0030 01       		.byte	0x1
 1662 0031 08       		.byte	0x8
 1663 0032 16000000 		.4byte	.LASF1
 1664 0036 02       		.uleb128 0x2
 1665 0037 02       		.byte	0x2
 1666 0038 05       		.byte	0x5
 1667 0039 A8010000 		.4byte	.LASF2
 1668 003d 02       		.uleb128 0x2
 1669 003e 02       		.byte	0x2
 1670 003f 07       		.byte	0x7
 1671 0040 C4000000 		.4byte	.LASF3
 1672 0044 02       		.uleb128 0x2
 1673 0045 04       		.byte	0x4
 1674 0046 05       		.byte	0x5
 1675 0047 B2010000 		.4byte	.LASF4
 1676 004b 02       		.uleb128 0x2
 1677 004c 04       		.byte	0x4
 1678 004d 07       		.byte	0x7
 1679 004e B2000000 		.4byte	.LASF5
 1680 0052 02       		.uleb128 0x2
 1681 0053 08       		.byte	0x8
 1682 0054 05       		.byte	0x5
 1683 0055 9A010000 		.4byte	.LASF6
 1684 0059 02       		.uleb128 0x2
 1685 005a 08       		.byte	0x8
 1686 005b 07       		.byte	0x7
 1687 005c 1B010000 		.4byte	.LASF7
 1688 0060 04       		.uleb128 0x4
 1689 0061 04       		.byte	0x4
 1690 0062 05       		.byte	0x5
 1691 0063 696E7400 		.ascii	"int\000"
 1692 0067 02       		.uleb128 0x2
 1693 0068 04       		.byte	0x4
 1694 0069 07       		.byte	0x7
 1695 006a 0E010000 		.4byte	.LASF8
 1696 006e 03       		.uleb128 0x3
 1697 006f 32010000 		.4byte	.LASF10
 1698 0073 02       		.byte	0x2
 1699 0074 18       		.byte	0x18
 1700 0075 24000000 		.4byte	0x24
 1701 0079 05       		.uleb128 0x5
 1702 007a 91000000 		.4byte	0x91
 1703 007e 8A000000 		.4byte	0x8a
 1704 0082 06       		.uleb128 0x6
 1705 0083 8A000000 		.4byte	0x8a
 1706 0087 1B06     		.2byte	0x61b
ARM GAS  C:\Users\Klukk-TP\AppData\Local\Temp\cclfYBZO.s 			page 31


 1707 0089 00       		.byte	0
 1708 008a 02       		.uleb128 0x2
 1709 008b 04       		.byte	0x4
 1710 008c 07       		.byte	0x7
 1711 008d 91010000 		.4byte	.LASF11
 1712 0091 07       		.uleb128 0x7
 1713 0092 6E000000 		.4byte	0x6e
 1714 0096 08       		.uleb128 0x8
 1715 0097 E7000000 		.4byte	.LASF12
 1716 009b 03       		.byte	0x3
 1717 009c 1F       		.byte	0x1f
 1718 009d A7000000 		.4byte	0xa7
 1719 00a1 05       		.uleb128 0x5
 1720 00a2 03       		.byte	0x3
 1721 00a3 00000000 		.4byte	cy_meta_configecc
 1722 00a7 07       		.uleb128 0x7
 1723 00a8 79000000 		.4byte	0x79
 1724 00ac 05       		.uleb128 0x5
 1725 00ad 91000000 		.4byte	0x91
 1726 00b1 BC000000 		.4byte	0xbc
 1727 00b5 09       		.uleb128 0x9
 1728 00b6 8A000000 		.4byte	0x8a
 1729 00ba 03       		.byte	0x3
 1730 00bb 00       		.byte	0
 1731 00bc 08       		.uleb128 0x8
 1732 00bd D7000000 		.4byte	.LASF13
 1733 00c1 03       		.byte	0x3
 1734 00c2 F0       		.byte	0xf0
 1735 00c3 CD000000 		.4byte	0xcd
 1736 00c7 05       		.uleb128 0x5
 1737 00c8 03       		.byte	0x3
 1738 00c9 00000000 		.4byte	cy_meta_custnvl
 1739 00cd 07       		.uleb128 0x7
 1740 00ce AC000000 		.4byte	0xac
 1741 00d2 08       		.uleb128 0x8
 1742 00d3 83010000 		.4byte	.LASF14
 1743 00d7 03       		.byte	0x3
 1744 00d8 FE       		.byte	0xfe
 1745 00d9 E3000000 		.4byte	0xe3
 1746 00dd 05       		.uleb128 0x5
 1747 00de 03       		.byte	0x3
 1748 00df 00000000 		.4byte	cy_meta_wonvl
 1749 00e3 07       		.uleb128 0x7
 1750 00e4 AC000000 		.4byte	0xac
 1751 00e8 05       		.uleb128 0x5
 1752 00e9 91000000 		.4byte	0x91
 1753 00ed F8000000 		.4byte	0xf8
 1754 00f1 09       		.uleb128 0x9
 1755 00f2 8A000000 		.4byte	0x8a
 1756 00f6 FF       		.byte	0xff
 1757 00f7 00       		.byte	0
 1758 00f8 0A       		.uleb128 0xa
 1759 00f9 F9000000 		.4byte	.LASF15
 1760 00fd 03       		.byte	0x3
 1761 00fe 0C01     		.2byte	0x10c
 1762 0100 0A010000 		.4byte	0x10a
 1763 0104 05       		.uleb128 0x5
ARM GAS  C:\Users\Klukk-TP\AppData\Local\Temp\cclfYBZO.s 			page 32


 1764 0105 03       		.byte	0x3
 1765 0106 00000000 		.4byte	cy_meta_flashprotect
 1766 010a 07       		.uleb128 0x7
 1767 010b E8000000 		.4byte	0xe8
 1768 010f 05       		.uleb128 0x5
 1769 0110 91000000 		.4byte	0x91
 1770 0114 1F010000 		.4byte	0x11f
 1771 0118 09       		.uleb128 0x9
 1772 0119 8A000000 		.4byte	0x8a
 1773 011d 0B       		.byte	0xb
 1774 011e 00       		.byte	0
 1775 011f 0A       		.uleb128 0xa
 1776 0120 0A000000 		.4byte	.LASF16
 1777 0124 03       		.byte	0x3
 1778 0125 3901     		.2byte	0x139
 1779 0127 31010000 		.4byte	0x131
 1780 012b 05       		.uleb128 0x5
 1781 012c 03       		.byte	0x3
 1782 012d 00000000 		.4byte	cy_metadata
 1783 0131 07       		.uleb128 0x7
 1784 0132 0F010000 		.4byte	0x10f
 1785 0136 00       		.byte	0
 1786              		.section	.debug_abbrev,"",%progbits
 1787              	.Ldebug_abbrev0:
 1788 0000 01       		.uleb128 0x1
 1789 0001 11       		.uleb128 0x11
 1790 0002 01       		.byte	0x1
 1791 0003 25       		.uleb128 0x25
 1792 0004 0E       		.uleb128 0xe
 1793 0005 13       		.uleb128 0x13
 1794 0006 0B       		.uleb128 0xb
 1795 0007 03       		.uleb128 0x3
 1796 0008 0E       		.uleb128 0xe
 1797 0009 1B       		.uleb128 0x1b
 1798 000a 0E       		.uleb128 0xe
 1799 000b 10       		.uleb128 0x10
 1800 000c 17       		.uleb128 0x17
 1801 000d 00       		.byte	0
 1802 000e 00       		.byte	0
 1803 000f 02       		.uleb128 0x2
 1804 0010 24       		.uleb128 0x24
 1805 0011 00       		.byte	0
 1806 0012 0B       		.uleb128 0xb
 1807 0013 0B       		.uleb128 0xb
 1808 0014 3E       		.uleb128 0x3e
 1809 0015 0B       		.uleb128 0xb
 1810 0016 03       		.uleb128 0x3
 1811 0017 0E       		.uleb128 0xe
 1812 0018 00       		.byte	0
 1813 0019 00       		.byte	0
 1814 001a 03       		.uleb128 0x3
 1815 001b 16       		.uleb128 0x16
 1816 001c 00       		.byte	0
 1817 001d 03       		.uleb128 0x3
 1818 001e 0E       		.uleb128 0xe
 1819 001f 3A       		.uleb128 0x3a
 1820 0020 0B       		.uleb128 0xb
ARM GAS  C:\Users\Klukk-TP\AppData\Local\Temp\cclfYBZO.s 			page 33


 1821 0021 3B       		.uleb128 0x3b
 1822 0022 0B       		.uleb128 0xb
 1823 0023 49       		.uleb128 0x49
 1824 0024 13       		.uleb128 0x13
 1825 0025 00       		.byte	0
 1826 0026 00       		.byte	0
 1827 0027 04       		.uleb128 0x4
 1828 0028 24       		.uleb128 0x24
 1829 0029 00       		.byte	0
 1830 002a 0B       		.uleb128 0xb
 1831 002b 0B       		.uleb128 0xb
 1832 002c 3E       		.uleb128 0x3e
 1833 002d 0B       		.uleb128 0xb
 1834 002e 03       		.uleb128 0x3
 1835 002f 08       		.uleb128 0x8
 1836 0030 00       		.byte	0
 1837 0031 00       		.byte	0
 1838 0032 05       		.uleb128 0x5
 1839 0033 01       		.uleb128 0x1
 1840 0034 01       		.byte	0x1
 1841 0035 49       		.uleb128 0x49
 1842 0036 13       		.uleb128 0x13
 1843 0037 01       		.uleb128 0x1
 1844 0038 13       		.uleb128 0x13
 1845 0039 00       		.byte	0
 1846 003a 00       		.byte	0
 1847 003b 06       		.uleb128 0x6
 1848 003c 21       		.uleb128 0x21
 1849 003d 00       		.byte	0
 1850 003e 49       		.uleb128 0x49
 1851 003f 13       		.uleb128 0x13
 1852 0040 2F       		.uleb128 0x2f
 1853 0041 05       		.uleb128 0x5
 1854 0042 00       		.byte	0
 1855 0043 00       		.byte	0
 1856 0044 07       		.uleb128 0x7
 1857 0045 26       		.uleb128 0x26
 1858 0046 00       		.byte	0
 1859 0047 49       		.uleb128 0x49
 1860 0048 13       		.uleb128 0x13
 1861 0049 00       		.byte	0
 1862 004a 00       		.byte	0
 1863 004b 08       		.uleb128 0x8
 1864 004c 34       		.uleb128 0x34
 1865 004d 00       		.byte	0
 1866 004e 03       		.uleb128 0x3
 1867 004f 0E       		.uleb128 0xe
 1868 0050 3A       		.uleb128 0x3a
 1869 0051 0B       		.uleb128 0xb
 1870 0052 3B       		.uleb128 0x3b
 1871 0053 0B       		.uleb128 0xb
 1872 0054 49       		.uleb128 0x49
 1873 0055 13       		.uleb128 0x13
 1874 0056 3F       		.uleb128 0x3f
 1875 0057 19       		.uleb128 0x19
 1876 0058 02       		.uleb128 0x2
 1877 0059 18       		.uleb128 0x18
ARM GAS  C:\Users\Klukk-TP\AppData\Local\Temp\cclfYBZO.s 			page 34


 1878 005a 00       		.byte	0
 1879 005b 00       		.byte	0
 1880 005c 09       		.uleb128 0x9
 1881 005d 21       		.uleb128 0x21
 1882 005e 00       		.byte	0
 1883 005f 49       		.uleb128 0x49
 1884 0060 13       		.uleb128 0x13
 1885 0061 2F       		.uleb128 0x2f
 1886 0062 0B       		.uleb128 0xb
 1887 0063 00       		.byte	0
 1888 0064 00       		.byte	0
 1889 0065 0A       		.uleb128 0xa
 1890 0066 34       		.uleb128 0x34
 1891 0067 00       		.byte	0
 1892 0068 03       		.uleb128 0x3
 1893 0069 0E       		.uleb128 0xe
 1894 006a 3A       		.uleb128 0x3a
 1895 006b 0B       		.uleb128 0xb
 1896 006c 3B       		.uleb128 0x3b
 1897 006d 05       		.uleb128 0x5
 1898 006e 49       		.uleb128 0x49
 1899 006f 13       		.uleb128 0x13
 1900 0070 3F       		.uleb128 0x3f
 1901 0071 19       		.uleb128 0x19
 1902 0072 02       		.uleb128 0x2
 1903 0073 18       		.uleb128 0x18
 1904 0074 00       		.byte	0
 1905 0075 00       		.byte	0
 1906 0076 00       		.byte	0
 1907              		.section	.debug_aranges,"",%progbits
 1908 0000 14000000 		.4byte	0x14
 1909 0004 0200     		.2byte	0x2
 1910 0006 00000000 		.4byte	.Ldebug_info0
 1911 000a 04       		.byte	0x4
 1912 000b 00       		.byte	0
 1913 000c 0000     		.2byte	0
 1914 000e 0000     		.2byte	0
 1915 0010 00000000 		.4byte	0
 1916 0014 00000000 		.4byte	0
 1917              		.section	.debug_line,"",%progbits
 1918              	.Ldebug_line0:
 1919 0000 3D010000 		.section	.debug_str,"MS",%progbits,1
 1919      02003701 
 1919      00000201 
 1919      FB0E0D00 
 1919      01010101 
 1920              	.LASF9:
 1921 0000 5F5F7569 		.ascii	"__uint8_t\000"
 1921      6E74385F 
 1921      7400
 1922              	.LASF16:
 1923 000a 63795F6D 		.ascii	"cy_metadata\000"
 1923      65746164 
 1923      61746100 
 1924              	.LASF1:
 1925 0016 756E7369 		.ascii	"unsigned char\000"
 1925      676E6564 
ARM GAS  C:\Users\Klukk-TP\AppData\Local\Temp\cclfYBZO.s 			page 35


 1925      20636861 
 1925      7200
 1926              	.LASF17:
 1927 0024 474E5520 		.ascii	"GNU C11 5.4.1 20160609 (release) [ARM/embedded-5-br"
 1927      43313120 
 1927      352E342E 
 1927      31203230 
 1927      31363036 
 1928 0057 616E6368 		.ascii	"anch revision 237715] -mcpu=cortex-m3 -mthumb -g -O"
 1928      20726576 
 1928      6973696F 
 1928      6E203233 
 1928      37373135 
 1929 008a 67202D66 		.ascii	"g -ffunction-sections -ffat-lto-objects\000"
 1929      66756E63 
 1929      74696F6E 
 1929      2D736563 
 1929      74696F6E 
 1930              	.LASF5:
 1931 00b2 6C6F6E67 		.ascii	"long unsigned int\000"
 1931      20756E73 
 1931      69676E65 
 1931      6420696E 
 1931      7400
 1932              	.LASF3:
 1933 00c4 73686F72 		.ascii	"short unsigned int\000"
 1933      7420756E 
 1933      7369676E 
 1933      65642069 
 1933      6E7400
 1934              	.LASF13:
 1935 00d7 63795F6D 		.ascii	"cy_meta_custnvl\000"
 1935      6574615F 
 1935      63757374 
 1935      6E766C00 
 1936              	.LASF12:
 1937 00e7 63795F6D 		.ascii	"cy_meta_configecc\000"
 1937      6574615F 
 1937      636F6E66 
 1937      69676563 
 1937      6300
 1938              	.LASF15:
 1939 00f9 63795F6D 		.ascii	"cy_meta_flashprotect\000"
 1939      6574615F 
 1939      666C6173 
 1939      6870726F 
 1939      74656374 
 1940              	.LASF8:
 1941 010e 756E7369 		.ascii	"unsigned int\000"
 1941      676E6564 
 1941      20696E74 
 1941      00
 1942              	.LASF7:
 1943 011b 6C6F6E67 		.ascii	"long long unsigned int\000"
 1943      206C6F6E 
 1943      6720756E 
 1943      7369676E 
ARM GAS  C:\Users\Klukk-TP\AppData\Local\Temp\cclfYBZO.s 			page 36


 1943      65642069 
 1944              	.LASF10:
 1945 0132 75696E74 		.ascii	"uint8_t\000"
 1945      385F7400 
 1946              	.LASF19:
 1947 013a 433A5C55 		.ascii	"C:\\Users\\Klukk-TP\\Documents\\tesis\\Workspace02\\"
 1947      73657273 
 1947      5C4B6C75 
 1947      6B6B2D54 
 1947      505C446F 
 1948 0168 576F726B 		.ascii	"Workspace02\\Design01.cydsn\000"
 1948      73706163 
 1948      6530325C 
 1948      44657369 
 1948      676E3031 
 1949              	.LASF14:
 1950 0183 63795F6D 		.ascii	"cy_meta_wonvl\000"
 1950      6574615F 
 1950      776F6E76 
 1950      6C00
 1951              	.LASF11:
 1952 0191 73697A65 		.ascii	"sizetype\000"
 1952      74797065 
 1952      00
 1953              	.LASF6:
 1954 019a 6C6F6E67 		.ascii	"long long int\000"
 1954      206C6F6E 
 1954      6720696E 
 1954      7400
 1955              	.LASF2:
 1956 01a8 73686F72 		.ascii	"short int\000"
 1956      7420696E 
 1956      7400
 1957              	.LASF4:
 1958 01b2 6C6F6E67 		.ascii	"long int\000"
 1958      20696E74 
 1958      00
 1959              	.LASF0:
 1960 01bb 7369676E 		.ascii	"signed char\000"
 1960      65642063 
 1960      68617200 
 1961              	.LASF18:
 1962 01c7 47656E65 		.ascii	"Generated_Source\\PSoC5\\cymetadata.c\000"
 1962      72617465 
 1962      645F536F 
 1962      75726365 
 1962      5C50536F 
 1963              		.ident	"GCC: (GNU Tools for ARM Embedded Processors) 5.4.1 20160609 (release) [ARM/embedded-5-bran
