ARM GAS  C:\Users\Klukk-TP\AppData\Local\Temp\ccltcFnf.s 			page 1


   1              		.syntax unified
   2              		.cpu cortex-m3
   3              		.fpu softvfp
   4              		.eabi_attribute 20, 1
   5              		.eabi_attribute 21, 1
   6              		.eabi_attribute 23, 3
   7              		.eabi_attribute 24, 1
   8              		.eabi_attribute 25, 1
   9              		.eabi_attribute 26, 1
  10              		.eabi_attribute 30, 1
  11              		.eabi_attribute 34, 1
  12              		.eabi_attribute 18, 4
  13              		.thumb
  14              		.syntax unified
  15              		.file	"main.c"
  16              		.text
  17              	.Ltext0:
  18              		.cfi_sections	.debug_frame
  19              		.section	.text.InterruptXP,"ax",%progbits
  20              		.align	2
  21              		.global	InterruptXP
  22              		.thumb
  23              		.thumb_func
  24              		.type	InterruptXP, %function
  25              	InterruptXP:
  26              	.LFB64:
  27              		.file 1 "main.c"
   1:main.c        ****  /* ========================================
   2:main.c        ****  *
   3:main.c        ****  * Copyright YOUR COMPANY, THE YEAR
   4:main.c        ****  * All Rights Reserved
   5:main.c        ****  * UNPUBLISHED, LICENSED SOFTWARE.
   6:main.c        ****  *
   7:main.c        ****  * CONFIDENTIAL AND PROPRIETARY INFORMATION
   8:main.c        ****  * WHICH IS THE PROPERTY OF your company.
   9:main.c        ****  *
  10:main.c        ****  * =======================================
  11:main.c        **** */
  12:main.c        **** #include "project.h"
  13:main.c        **** #include <stdlib.h>
  14:main.c        **** 
  15:main.c        **** 
  16:main.c        **** char datorecibido[10];
  17:main.c        **** int counta=0,countb=0,pwmx=0,pwmy=0,i=0,x=0,MXV=0,MYV=0;
  18:main.c        **** char datoenviado[20];
  19:main.c        **** char MX[2];
  20:main.c        **** char DX;
  21:main.c        **** char MY[2];
  22:main.c        **** char DY;
  23:main.c        **** 
  24:main.c        **** 
  25:main.c        **** CY_ISR(InterruptRX)
  26:main.c        **** {
  27:main.c        **** datorecibido[i]=UART_GetChar();
  28:main.c        **** i++;
  29:main.c        **** if(i>=10){i=0;x=0;}}
  30:main.c        **** 
ARM GAS  C:\Users\Klukk-TP\AppData\Local\Temp\ccltcFnf.s 			page 2


  31:main.c        **** 
  32:main.c        **** 
  33:main.c        **** CY_ISR(InterruptXP)
  34:main.c        **** {
  28              		.loc 1 34 0
  29              		.cfi_startproc
  30              		@ args = 0, pretend = 0, frame = 0
  31              		@ frame_needed = 0, uses_anonymous_args = 0
  32              		@ link register save eliminated.
  35:main.c        **** counta++;
  33              		.loc 1 35 0
  34 0000 024A     		ldr	r2, .L2
  35 0002 1368     		ldr	r3, [r2]
  36 0004 0133     		adds	r3, r3, #1
  37 0006 1360     		str	r3, [r2]
  38 0008 7047     		bx	lr
  39              	.L3:
  40 000a 00BF     		.align	2
  41              	.L2:
  42 000c 00000000 		.word	.LANCHOR0
  43              		.cfi_endproc
  44              	.LFE64:
  45              		.size	InterruptXP, .-InterruptXP
  46              		.section	.text.InterruptXL,"ax",%progbits
  47              		.align	2
  48              		.global	InterruptXL
  49              		.thumb
  50              		.thumb_func
  51              		.type	InterruptXL, %function
  52              	InterruptXL:
  53              	.LFB65:
  36:main.c        **** }
  37:main.c        **** CY_ISR(InterruptXL)
  38:main.c        **** {
  54              		.loc 1 38 0
  55              		.cfi_startproc
  56              		@ args = 0, pretend = 0, frame = 0
  57              		@ frame_needed = 0, uses_anonymous_args = 0
  58              		@ link register save eliminated.
  39:main.c        **** counta--;
  59              		.loc 1 39 0
  60 0000 024A     		ldr	r2, .L5
  61 0002 1368     		ldr	r3, [r2]
  62 0004 013B     		subs	r3, r3, #1
  63 0006 1360     		str	r3, [r2]
  64 0008 7047     		bx	lr
  65              	.L6:
  66 000a 00BF     		.align	2
  67              	.L5:
  68 000c 00000000 		.word	.LANCHOR0
  69              		.cfi_endproc
  70              	.LFE65:
  71              		.size	InterruptXL, .-InterruptXL
  72              		.section	.text.InterruptYP,"ax",%progbits
  73              		.align	2
  74              		.global	InterruptYP
  75              		.thumb
ARM GAS  C:\Users\Klukk-TP\AppData\Local\Temp\ccltcFnf.s 			page 3


  76              		.thumb_func
  77              		.type	InterruptYP, %function
  78              	InterruptYP:
  79              	.LFB66:
  40:main.c        **** }
  41:main.c        **** CY_ISR(InterruptYP)
  42:main.c        **** {
  80              		.loc 1 42 0
  81              		.cfi_startproc
  82              		@ args = 0, pretend = 0, frame = 0
  83              		@ frame_needed = 0, uses_anonymous_args = 0
  84              		@ link register save eliminated.
  43:main.c        **** countb++;
  85              		.loc 1 43 0
  86 0000 024A     		ldr	r2, .L8
  87 0002 5368     		ldr	r3, [r2, #4]
  88 0004 0133     		adds	r3, r3, #1
  89 0006 5360     		str	r3, [r2, #4]
  90 0008 7047     		bx	lr
  91              	.L9:
  92 000a 00BF     		.align	2
  93              	.L8:
  94 000c 00000000 		.word	.LANCHOR0
  95              		.cfi_endproc
  96              	.LFE66:
  97              		.size	InterruptYP, .-InterruptYP
  98              		.section	.text.InterruptYL,"ax",%progbits
  99              		.align	2
 100              		.global	InterruptYL
 101              		.thumb
 102              		.thumb_func
 103              		.type	InterruptYL, %function
 104              	InterruptYL:
 105              	.LFB67:
  44:main.c        **** }
  45:main.c        **** CY_ISR(InterruptYL)
  46:main.c        **** {
 106              		.loc 1 46 0
 107              		.cfi_startproc
 108              		@ args = 0, pretend = 0, frame = 0
 109              		@ frame_needed = 0, uses_anonymous_args = 0
 110              		@ link register save eliminated.
  47:main.c        **** countb--;
 111              		.loc 1 47 0
 112 0000 024A     		ldr	r2, .L11
 113 0002 5368     		ldr	r3, [r2, #4]
 114 0004 013B     		subs	r3, r3, #1
 115 0006 5360     		str	r3, [r2, #4]
 116 0008 7047     		bx	lr
 117              	.L12:
 118 000a 00BF     		.align	2
 119              	.L11:
 120 000c 00000000 		.word	.LANCHOR0
 121              		.cfi_endproc
 122              	.LFE67:
 123              		.size	InterruptYL, .-InterruptYL
 124              		.section	.text.InterruptRX,"ax",%progbits
ARM GAS  C:\Users\Klukk-TP\AppData\Local\Temp\ccltcFnf.s 			page 4


 125              		.align	2
 126              		.global	InterruptRX
 127              		.thumb
 128              		.thumb_func
 129              		.type	InterruptRX, %function
 130              	InterruptRX:
 131              	.LFB63:
  26:main.c        **** datorecibido[i]=UART_GetChar();
 132              		.loc 1 26 0
 133              		.cfi_startproc
 134              		@ args = 0, pretend = 0, frame = 0
 135              		@ frame_needed = 0, uses_anonymous_args = 0
 136 0000 38B5     		push	{r3, r4, r5, lr}
 137              		.cfi_def_cfa_offset 16
 138              		.cfi_offset 3, -16
 139              		.cfi_offset 4, -12
 140              		.cfi_offset 5, -8
 141              		.cfi_offset 14, -4
  27:main.c        **** i++;
 142              		.loc 1 27 0
 143 0002 074C     		ldr	r4, .L16
 144 0004 A568     		ldr	r5, [r4, #8]
 145 0006 FFF7FEFF 		bl	UART_GetChar
 146              	.LVL0:
 147 000a 064B     		ldr	r3, .L16+4
 148 000c 5855     		strb	r0, [r3, r5]
  28:main.c        **** if(i>=10){i=0;x=0;}}
 149              		.loc 1 28 0
 150 000e A368     		ldr	r3, [r4, #8]
 151 0010 0133     		adds	r3, r3, #1
 152 0012 A360     		str	r3, [r4, #8]
  29:main.c        **** 
 153              		.loc 1 29 0
 154 0014 092B     		cmp	r3, #9
 155 0016 02DD     		ble	.L13
  29:main.c        **** 
 156              		.loc 1 29 0 is_stmt 0 discriminator 1
 157 0018 0022     		movs	r2, #0
 158 001a A260     		str	r2, [r4, #8]
 159 001c E260     		str	r2, [r4, #12]
 160              	.L13:
 161 001e 38BD     		pop	{r3, r4, r5, pc}
 162              	.L17:
 163              		.align	2
 164              	.L16:
 165 0020 00000000 		.word	.LANCHOR0
 166 0024 00000000 		.word	datorecibido
 167              		.cfi_endproc
 168              	.LFE63:
 169              		.size	InterruptRX, .-InterruptRX
 170              		.section	.text.UART_writeint,"ax",%progbits
 171              		.align	2
 172              		.global	UART_writeint
 173              		.thumb
 174              		.thumb_func
 175              		.type	UART_writeint, %function
 176              	UART_writeint:
ARM GAS  C:\Users\Klukk-TP\AppData\Local\Temp\ccltcFnf.s 			page 5


 177              	.LFB68:
  48:main.c        **** }
  49:main.c        **** 
  50:main.c        **** void UART_writeint(val)
  51:main.c        **** {
 178              		.loc 1 51 0 is_stmt 1
 179              		.cfi_startproc
 180              		@ args = 0, pretend = 0, frame = 40
 181              		@ frame_needed = 0, uses_anonymous_args = 0
 182              	.LVL1:
 183 0000 00B5     		push	{lr}
 184              		.cfi_def_cfa_offset 4
 185              		.cfi_offset 14, -4
 186 0002 8BB0     		sub	sp, sp, #44
 187              		.cfi_def_cfa_offset 48
  52:main.c        **** char buff[33];
  53:main.c        **** 
  54:main.c        **** itoa(val, buff,  10);
 188              		.loc 1 54 0
 189 0004 0A22     		movs	r2, #10
 190 0006 01A9     		add	r1, sp, #4
 191 0008 FFF7FEFF 		bl	itoa
 192              	.LVL2:
  55:main.c        **** UART_PutString(buff);
 193              		.loc 1 55 0
 194 000c 01A8     		add	r0, sp, #4
 195 000e FFF7FEFF 		bl	UART_PutString
 196              	.LVL3:
  56:main.c        **** }
 197              		.loc 1 56 0
 198 0012 0BB0     		add	sp, sp, #44
 199              		.cfi_def_cfa_offset 4
 200              		@ sp needed
 201 0014 5DF804FB 		ldr	pc, [sp], #4
 202              		.cfi_endproc
 203              	.LFE68:
 204              		.size	UART_writeint, .-UART_writeint
 205              		.section	.text.main,"ax",%progbits
 206              		.align	2
 207              		.global	main
 208              		.thumb
 209              		.thumb_func
 210              		.type	main, %function
 211              	main:
 212              	.LFB69:
  57:main.c        **** 
  58:main.c        **** 
  59:main.c        **** 
  60:main.c        **** int main(void)
  61:main.c        **** {
 213              		.loc 1 61 0
 214              		.cfi_startproc
 215              		@ Volatile: function does not return.
 216              		@ args = 0, pretend = 0, frame = 0
 217              		@ frame_needed = 0, uses_anonymous_args = 0
 218 0000 08B5     		push	{r3, lr}
 219              		.cfi_def_cfa_offset 8
ARM GAS  C:\Users\Klukk-TP\AppData\Local\Temp\ccltcFnf.s 			page 6


 220              		.cfi_offset 3, -8
 221              		.cfi_offset 14, -4
  62:main.c        ****     CyGlobalIntEnable; /* Enable global interrupts. */
 222              		.loc 1 62 0
 223              		.syntax unified
 224              	@ 62 "main.c" 1
 225 0002 62B6     		CPSIE   i
 226              	@ 0 "" 2
  63:main.c        ****     UART_Start();
 227              		.loc 1 63 0
 228              		.thumb
 229              		.syntax unified
 230 0004 FFF7FEFF 		bl	UART_Start
 231              	.LVL4:
  64:main.c        ****     PWM_Start();
 232              		.loc 1 64 0
 233 0008 FFF7FEFF 		bl	PWM_Start
 234              	.LVL5:
  65:main.c        ****     Clock_1_Start();
 235              		.loc 1 65 0
 236 000c FFF7FEFF 		bl	Clock_1_Start
 237              	.LVL6:
  66:main.c        ****     isrRx_StartEx(InterruptRX);
 238              		.loc 1 66 0
 239 0010 4248     		ldr	r0, .L32
 240 0012 FFF7FEFF 		bl	isrRx_StartEx
 241              	.LVL7:
  67:main.c        ****     isrXP_StartEx(InterruptXP);
 242              		.loc 1 67 0
 243 0016 4248     		ldr	r0, .L32+4
 244 0018 FFF7FEFF 		bl	isrXP_StartEx
 245              	.LVL8:
  68:main.c        ****     isrXL_StartEx(InterruptXL);
 246              		.loc 1 68 0
 247 001c 4148     		ldr	r0, .L32+8
 248 001e FFF7FEFF 		bl	isrXL_StartEx
 249              	.LVL9:
  69:main.c        ****     isrYP_StartEx(InterruptYP);
 250              		.loc 1 69 0
 251 0022 4148     		ldr	r0, .L32+12
 252 0024 FFF7FEFF 		bl	isrYP_StartEx
 253              	.LVL10:
  70:main.c        ****     isrYL_StartEx(InterruptYL);
 254              		.loc 1 70 0
 255 0028 4048     		ldr	r0, .L32+16
 256 002a FFF7FEFF 		bl	isrYL_StartEx
 257              	.LVL11:
 258              	.L21:
  71:main.c        ****    
  72:main.c        ****     /* Place your initialization/startup code here (e.g. MyInst_Start()) */
  73:main.c        **** 
  74:main.c        ****     for(;;)
  75:main.c        ****     {
  76:main.c        ****      if(datorecibido[i]=='x'){i=0;x=1;}
 259              		.loc 1 76 0
 260 002e 404B     		ldr	r3, .L32+20
 261 0030 9B68     		ldr	r3, [r3, #8]
ARM GAS  C:\Users\Klukk-TP\AppData\Local\Temp\ccltcFnf.s 			page 7


 262 0032 404A     		ldr	r2, .L32+24
 263 0034 D35C     		ldrb	r3, [r2, r3]	@ zero_extendqisi2
 264 0036 782B     		cmp	r3, #120
 265 0038 04D1     		bne	.L22
 266              		.loc 1 76 0 is_stmt 0 discriminator 1
 267 003a 3D4B     		ldr	r3, .L32+20
 268 003c 0022     		movs	r2, #0
 269 003e 9A60     		str	r2, [r3, #8]
 270 0040 0122     		movs	r2, #1
 271 0042 DA60     		str	r2, [r3, #12]
 272              	.L22:
  77:main.c        **** MX[0]=datorecibido[2];
 273              		.loc 1 77 0 is_stmt 1
 274 0044 3B4C     		ldr	r4, .L32+24
 275 0046 A378     		ldrb	r3, [r4, #2]	@ zero_extendqisi2
 276 0048 3B48     		ldr	r0, .L32+28
 277 004a 0370     		strb	r3, [r0]
  78:main.c        **** MX[1]=datorecibido[3];
 278              		.loc 1 78 0
 279 004c E378     		ldrb	r3, [r4, #3]	@ zero_extendqisi2
 280 004e 4370     		strb	r3, [r0, #1]
  79:main.c        **** MX[2]=datorecibido[4];
 281              		.loc 1 79 0
 282 0050 2379     		ldrb	r3, [r4, #4]	@ zero_extendqisi2
 283 0052 8370     		strb	r3, [r0, #2]
  80:main.c        **** MXV=atoi(MX);
 284              		.loc 1 80 0
 285 0054 FFF7FEFF 		bl	atoi
 286              	.LVL12:
 287 0058 354D     		ldr	r5, .L32+20
 288 005a 2861     		str	r0, [r5, #16]
  81:main.c        **** 
  82:main.c        **** MY[0]=datorecibido[7];
 289              		.loc 1 82 0
 290 005c E379     		ldrb	r3, [r4, #7]	@ zero_extendqisi2
 291 005e 3748     		ldr	r0, .L32+32
 292 0060 0370     		strb	r3, [r0]
  83:main.c        **** MY[1]=datorecibido[8];
 293              		.loc 1 83 0
 294 0062 237A     		ldrb	r3, [r4, #8]	@ zero_extendqisi2
 295 0064 4370     		strb	r3, [r0, #1]
  84:main.c        **** MY[2]=datorecibido[9];
 296              		.loc 1 84 0
 297 0066 637A     		ldrb	r3, [r4, #9]	@ zero_extendqisi2
 298 0068 8370     		strb	r3, [r0, #2]
  85:main.c        **** MYV=atoi(MY);
 299              		.loc 1 85 0
 300 006a FFF7FEFF 		bl	atoi
 301              	.LVL13:
 302 006e 6861     		str	r0, [r5, #20]
  86:main.c        **** 
  87:main.c        ****     UART_PutChar('  ');
 303              		.loc 1 87 0
 304 0070 2020     		movs	r0, #32
 305 0072 FFF7FEFF 		bl	UART_PutChar
 306              	.LVL14:
  88:main.c        ****     UART_writeint(counta);
ARM GAS  C:\Users\Klukk-TP\AppData\Local\Temp\ccltcFnf.s 			page 8


 307              		.loc 1 88 0
 308 0076 2868     		ldr	r0, [r5]
 309 0078 FFF7FEFF 		bl	UART_writeint
 310              	.LVL15:
  89:main.c        ****     UART_PutChar(','); 
 311              		.loc 1 89 0
 312 007c 2C20     		movs	r0, #44
 313 007e FFF7FEFF 		bl	UART_PutChar
 314              	.LVL16:
  90:main.c        ****     UART_writeint(countb);
 315              		.loc 1 90 0
 316 0082 6868     		ldr	r0, [r5, #4]
 317 0084 FFF7FEFF 		bl	UART_writeint
 318              	.LVL17:
  91:main.c        ****     UART_PutChar('\n'); 
 319              		.loc 1 91 0
 320 0088 0A20     		movs	r0, #10
 321 008a FFF7FEFF 		bl	UART_PutChar
 322              	.LVL18:
  92:main.c        ****     UART_PutChar(0x0D);
 323              		.loc 1 92 0
 324 008e 0D20     		movs	r0, #13
 325 0090 FFF7FEFF 		bl	UART_PutChar
 326              	.LVL19:
  93:main.c        ****     if(MXV<=0){MXV=0;}
 327              		.loc 1 93 0
 328 0094 2B69     		ldr	r3, [r5, #16]
 329 0096 002B     		cmp	r3, #0
 330 0098 01DC     		bgt	.L23
 331              		.loc 1 93 0 is_stmt 0 discriminator 1
 332 009a 0022     		movs	r2, #0
 333 009c 2A61     		str	r2, [r5, #16]
 334              	.L23:
  94:main.c        ****     if(MYV<=0){MYV=0;}
 335              		.loc 1 94 0 is_stmt 1
 336 009e 244B     		ldr	r3, .L32+20
 337 00a0 5B69     		ldr	r3, [r3, #20]
 338 00a2 002B     		cmp	r3, #0
 339 00a4 02DC     		bgt	.L24
 340              		.loc 1 94 0 is_stmt 0 discriminator 1
 341 00a6 0022     		movs	r2, #0
 342 00a8 214B     		ldr	r3, .L32+20
 343 00aa 5A61     		str	r2, [r3, #20]
 344              	.L24:
  95:main.c        ****     if(MXV>=255){MXV=255;}
 345              		.loc 1 95 0 is_stmt 1
 346 00ac 204B     		ldr	r3, .L32+20
 347 00ae 1B69     		ldr	r3, [r3, #16]
 348 00b0 FE2B     		cmp	r3, #254
 349 00b2 02DD     		ble	.L25
 350              		.loc 1 95 0 is_stmt 0 discriminator 1
 351 00b4 FF22     		movs	r2, #255
 352 00b6 1E4B     		ldr	r3, .L32+20
 353 00b8 1A61     		str	r2, [r3, #16]
 354              	.L25:
  96:main.c        ****     if(MYV>=255){MYV=255;}
 355              		.loc 1 96 0 is_stmt 1
ARM GAS  C:\Users\Klukk-TP\AppData\Local\Temp\ccltcFnf.s 			page 9


 356 00ba 1D4B     		ldr	r3, .L32+20
 357 00bc 5B69     		ldr	r3, [r3, #20]
 358 00be FE2B     		cmp	r3, #254
 359 00c0 02DD     		ble	.L26
 360              		.loc 1 96 0 is_stmt 0 discriminator 1
 361 00c2 FF22     		movs	r2, #255
 362 00c4 1A4B     		ldr	r3, .L32+20
 363 00c6 5A61     		str	r2, [r3, #20]
 364              	.L26:
  97:main.c        ****     PWM_WriteCompare1(MXV); 
 365              		.loc 1 97 0 is_stmt 1
 366 00c8 194C     		ldr	r4, .L32+20
 367 00ca 207C     		ldrb	r0, [r4, #16]	@ zero_extendqisi2
 368 00cc FFF7FEFF 		bl	PWM_WriteCompare1
 369              	.LVL20:
  98:main.c        ****     PWM_WriteCompare2(MYV); 
 370              		.loc 1 98 0
 371 00d0 207D     		ldrb	r0, [r4, #20]	@ zero_extendqisi2
 372 00d2 FFF7FEFF 		bl	PWM_WriteCompare2
 373              	.LVL21:
  99:main.c        ****   
 100:main.c        ****     if(datorecibido[6]=='-'){
 374              		.loc 1 100 0
 375 00d6 174B     		ldr	r3, .L32+24
 376 00d8 9B79     		ldrb	r3, [r3, #6]	@ zero_extendqisi2
 377 00da 2D2B     		cmp	r3, #45
 378 00dc 06D1     		bne	.L27
 101:main.c        ****     A1_Write(1);  
 379              		.loc 1 101 0
 380 00de 0120     		movs	r0, #1
 381 00e0 FFF7FEFF 		bl	A1_Write
 382              	.LVL22:
 102:main.c        ****     B1_Write(0); 
 383              		.loc 1 102 0
 384 00e4 0020     		movs	r0, #0
 385 00e6 FFF7FEFF 		bl	B1_Write
 386              	.LVL23:
 387 00ea 05E0     		b	.L28
 388              	.L27:
 103:main.c        ****     }else{
 104:main.c        ****     A1_Write(0); 
 389              		.loc 1 104 0
 390 00ec 0020     		movs	r0, #0
 391 00ee FFF7FEFF 		bl	A1_Write
 392              	.LVL24:
 105:main.c        ****     B1_Write(1);}
 393              		.loc 1 105 0
 394 00f2 0120     		movs	r0, #1
 395 00f4 FFF7FEFF 		bl	B1_Write
 396              	.LVL25:
 397              	.L28:
 106:main.c        ****     if(datorecibido[1]=='-'){
 398              		.loc 1 106 0
 399 00f8 0E4B     		ldr	r3, .L32+24
 400 00fa 5B78     		ldrb	r3, [r3, #1]	@ zero_extendqisi2
 401 00fc 2D2B     		cmp	r3, #45
 402 00fe 06D1     		bne	.L29
ARM GAS  C:\Users\Klukk-TP\AppData\Local\Temp\ccltcFnf.s 			page 10


 107:main.c        ****     A2_Write(1); 
 403              		.loc 1 107 0
 404 0100 0120     		movs	r0, #1
 405 0102 FFF7FEFF 		bl	A2_Write
 406              	.LVL26:
 108:main.c        ****     B2_Write(0); 
 407              		.loc 1 108 0
 408 0106 0020     		movs	r0, #0
 409 0108 FFF7FEFF 		bl	B2_Write
 410              	.LVL27:
 411 010c 8FE7     		b	.L21
 412              	.L29:
 109:main.c        ****     }else{
 110:main.c        ****     A2_Write(0); 
 413              		.loc 1 110 0
 414 010e 0020     		movs	r0, #0
 415 0110 FFF7FEFF 		bl	A2_Write
 416              	.LVL28:
 111:main.c        ****     B2_Write(1);}
 417              		.loc 1 111 0
 418 0114 0120     		movs	r0, #1
 419 0116 FFF7FEFF 		bl	B2_Write
 420              	.LVL29:
 421 011a 88E7     		b	.L21
 422              	.L33:
 423              		.align	2
 424              	.L32:
 425 011c 00000000 		.word	InterruptRX
 426 0120 00000000 		.word	InterruptXP
 427 0124 00000000 		.word	InterruptXL
 428 0128 00000000 		.word	InterruptYP
 429 012c 00000000 		.word	InterruptYL
 430 0130 00000000 		.word	.LANCHOR0
 431 0134 00000000 		.word	datorecibido
 432 0138 00000000 		.word	MX
 433 013c 00000000 		.word	MY
 434              		.cfi_endproc
 435              	.LFE69:
 436              		.size	main, .-main
 437              		.comm	DY,1,1
 438              		.comm	MY,2,4
 439              		.comm	DX,1,1
 440              		.comm	MX,2,4
 441              		.comm	datoenviado,20,4
 442              		.global	MYV
 443              		.global	MXV
 444              		.global	x
 445              		.global	i
 446              		.global	pwmy
 447              		.global	pwmx
 448              		.global	countb
 449              		.global	counta
 450              		.comm	datorecibido,10,4
 451              		.bss
 452              		.align	2
 453              		.set	.LANCHOR0,. + 0
 454              		.type	counta, %object
ARM GAS  C:\Users\Klukk-TP\AppData\Local\Temp\ccltcFnf.s 			page 11


 455              		.size	counta, 4
 456              	counta:
 457 0000 00000000 		.space	4
 458              		.type	countb, %object
 459              		.size	countb, 4
 460              	countb:
 461 0004 00000000 		.space	4
 462              		.type	i, %object
 463              		.size	i, 4
 464              	i:
 465 0008 00000000 		.space	4
 466              		.type	x, %object
 467              		.size	x, 4
 468              	x:
 469 000c 00000000 		.space	4
 470              		.type	MXV, %object
 471              		.size	MXV, 4
 472              	MXV:
 473 0010 00000000 		.space	4
 474              		.type	MYV, %object
 475              		.size	MYV, 4
 476              	MYV:
 477 0014 00000000 		.space	4
 478              		.type	pwmy, %object
 479              		.size	pwmy, 4
 480              	pwmy:
 481 0018 00000000 		.space	4
 482              		.type	pwmx, %object
 483              		.size	pwmx, 4
 484              	pwmx:
 485 001c 00000000 		.space	4
 486              		.text
 487              	.Letext0:
 488              		.file 2 "c:\\program files (x86)\\cypress\\psoc creator\\4.2\\psoc creator\\import\\gnu\\arm\\5.4.
 489              		.file 3 "c:\\program files (x86)\\cypress\\psoc creator\\4.2\\psoc creator\\import\\gnu\\arm\\5.4.
 490              		.file 4 "Generated_Source\\PSoC5/core_cm3.h"
 491              		.file 5 "Generated_Source\\PSoC5/UART.h"
 492              		.file 6 "c:\\program files (x86)\\cypress\\psoc creator\\4.2\\psoc creator\\import\\gnu\\arm\\5.4.
 493              		.file 7 "Generated_Source\\PSoC5/PWM.h"
 494              		.file 8 "Generated_Source\\PSoC5/Clock_1.h"
 495              		.file 9 "Generated_Source\\PSoC5/isrRx.h"
 496              		.file 10 "Generated_Source\\PSoC5/isrXP.h"
 497              		.file 11 "Generated_Source\\PSoC5/isrXL.h"
 498              		.file 12 "Generated_Source\\PSoC5/isrYP.h"
 499              		.file 13 "Generated_Source\\PSoC5/isrYL.h"
 500              		.file 14 "Generated_Source\\PSoC5/A1.h"
 501              		.file 15 "Generated_Source\\PSoC5/B1.h"
 502              		.file 16 "Generated_Source\\PSoC5/A2.h"
 503              		.file 17 "Generated_Source\\PSoC5/B2.h"
 504              		.section	.debug_info,"",%progbits
 505              	.Ldebug_info0:
 506 0000 4B050000 		.4byte	0x54b
 507 0004 0400     		.2byte	0x4
 508 0006 00000000 		.4byte	.Ldebug_abbrev0
 509 000a 04       		.byte	0x4
 510 000b 01       		.uleb128 0x1
 511 000c A7010000 		.4byte	.LASF46
ARM GAS  C:\Users\Klukk-TP\AppData\Local\Temp\ccltcFnf.s 			page 12


 512 0010 0C       		.byte	0xc
 513 0011 6F020000 		.4byte	.LASF47
 514 0015 50010000 		.4byte	.LASF48
 515 0019 00000000 		.4byte	.Ldebug_ranges0+0
 516 001d 00000000 		.4byte	0
 517 0021 00000000 		.4byte	.Ldebug_line0
 518 0025 02       		.uleb128 0x2
 519 0026 01       		.byte	0x1
 520 0027 06       		.byte	0x6
 521 0028 44010000 		.4byte	.LASF0
 522 002c 02       		.uleb128 0x2
 523 002d 01       		.byte	0x1
 524 002e 08       		.byte	0x8
 525 002f 3F000000 		.4byte	.LASF1
 526 0033 02       		.uleb128 0x2
 527 0034 02       		.byte	0x2
 528 0035 05       		.byte	0x5
 529 0036 91020000 		.4byte	.LASF2
 530 003a 02       		.uleb128 0x2
 531 003b 02       		.byte	0x2
 532 003c 07       		.byte	0x7
 533 003d 76000000 		.4byte	.LASF3
 534 0041 03       		.uleb128 0x3
 535 0042 00000000 		.4byte	.LASF9
 536 0046 02       		.byte	0x2
 537 0047 3F       		.byte	0x3f
 538 0048 4C000000 		.4byte	0x4c
 539 004c 02       		.uleb128 0x2
 540 004d 04       		.byte	0x4
 541 004e 05       		.byte	0x5
 542 004f BF020000 		.4byte	.LASF4
 543 0053 02       		.uleb128 0x2
 544 0054 04       		.byte	0x4
 545 0055 07       		.byte	0x7
 546 0056 64000000 		.4byte	.LASF5
 547 005a 02       		.uleb128 0x2
 548 005b 08       		.byte	0x8
 549 005c 05       		.byte	0x5
 550 005d 58020000 		.4byte	.LASF6
 551 0061 02       		.uleb128 0x2
 552 0062 08       		.byte	0x8
 553 0063 07       		.byte	0x7
 554 0064 04010000 		.4byte	.LASF7
 555 0068 04       		.uleb128 0x4
 556 0069 04       		.byte	0x4
 557 006a 05       		.byte	0x5
 558 006b 696E7400 		.ascii	"int\000"
 559 006f 02       		.uleb128 0x2
 560 0070 04       		.byte	0x4
 561 0071 07       		.byte	0x7
 562 0072 E1000000 		.4byte	.LASF8
 563 0076 03       		.uleb128 0x3
 564 0077 35020000 		.4byte	.LASF10
 565 007b 03       		.byte	0x3
 566 007c 2C       		.byte	0x2c
 567 007d 41000000 		.4byte	0x41
 568 0081 02       		.uleb128 0x2
ARM GAS  C:\Users\Klukk-TP\AppData\Local\Temp\ccltcFnf.s 			page 13


 569 0082 04       		.byte	0x4
 570 0083 04       		.byte	0x4
 571 0084 26000000 		.4byte	.LASF11
 572 0088 02       		.uleb128 0x2
 573 0089 08       		.byte	0x8
 574 008a 04       		.byte	0x4
 575 008b E0020000 		.4byte	.LASF12
 576 008f 02       		.uleb128 0x2
 577 0090 01       		.byte	0x1
 578 0091 08       		.byte	0x8
 579 0092 76020000 		.4byte	.LASF13
 580 0096 02       		.uleb128 0x2
 581 0097 08       		.byte	0x8
 582 0098 04       		.byte	0x4
 583 0099 C8020000 		.4byte	.LASF14
 584 009d 02       		.uleb128 0x2
 585 009e 04       		.byte	0x4
 586 009f 07       		.byte	0x7
 587 00a0 66020000 		.4byte	.LASF15
 588 00a4 05       		.uleb128 0x5
 589 00a5 00030000 		.4byte	.LASF16
 590 00a9 01       		.byte	0x1
 591 00aa 21       		.byte	0x21
 592 00ab 00000000 		.4byte	.LFB64
 593 00af 10000000 		.4byte	.LFE64-.LFB64
 594 00b3 01       		.uleb128 0x1
 595 00b4 9C       		.byte	0x9c
 596 00b5 05       		.uleb128 0x5
 597 00b6 B0000000 		.4byte	.LASF17
 598 00ba 01       		.byte	0x1
 599 00bb 25       		.byte	0x25
 600 00bc 00000000 		.4byte	.LFB65
 601 00c0 10000000 		.4byte	.LFE65-.LFB65
 602 00c4 01       		.uleb128 0x1
 603 00c5 9C       		.byte	0x9c
 604 00c6 05       		.uleb128 0x5
 605 00c7 BC000000 		.4byte	.LASF18
 606 00cb 01       		.byte	0x1
 607 00cc 29       		.byte	0x29
 608 00cd 00000000 		.4byte	.LFB66
 609 00d1 10000000 		.4byte	.LFE66-.LFB66
 610 00d5 01       		.uleb128 0x1
 611 00d6 9C       		.byte	0x9c
 612 00d7 05       		.uleb128 0x5
 613 00d8 D5000000 		.4byte	.LASF19
 614 00dc 01       		.byte	0x1
 615 00dd 2D       		.byte	0x2d
 616 00de 00000000 		.4byte	.LFB67
 617 00e2 10000000 		.4byte	.LFE67-.LFB67
 618 00e6 01       		.uleb128 0x1
 619 00e7 9C       		.byte	0x9c
 620 00e8 06       		.uleb128 0x6
 621 00e9 B3020000 		.4byte	.LASF49
 622 00ed 01       		.byte	0x1
 623 00ee 19       		.byte	0x19
 624 00ef 00000000 		.4byte	.LFB63
 625 00f3 28000000 		.4byte	.LFE63-.LFB63
ARM GAS  C:\Users\Klukk-TP\AppData\Local\Temp\ccltcFnf.s 			page 14


 626 00f7 01       		.uleb128 0x1
 627 00f8 9C       		.byte	0x9c
 628 00f9 07010000 		.4byte	0x107
 629 00fd 07       		.uleb128 0x7
 630 00fe 0A000000 		.4byte	.LVL0
 631 0102 7D040000 		.4byte	0x47d
 632 0106 00       		.byte	0
 633 0107 08       		.uleb128 0x8
 634 0108 4A020000 		.4byte	.LASF50
 635 010c 01       		.byte	0x1
 636 010d 32       		.byte	0x32
 637 010e 00000000 		.4byte	.LFB68
 638 0112 18000000 		.4byte	.LFE68-.LFB68
 639 0116 01       		.uleb128 0x1
 640 0117 9C       		.byte	0x9c
 641 0118 6A010000 		.4byte	0x16a
 642 011c 09       		.uleb128 0x9
 643 011d 76616C00 		.ascii	"val\000"
 644 0121 01       		.byte	0x1
 645 0122 32       		.byte	0x32
 646 0123 68000000 		.4byte	0x68
 647 0127 00000000 		.4byte	.LLST0
 648 012b 0A       		.uleb128 0xa
 649 012c 9D000000 		.4byte	.LASF51
 650 0130 01       		.byte	0x1
 651 0131 34       		.byte	0x34
 652 0132 6A010000 		.4byte	0x16a
 653 0136 02       		.uleb128 0x2
 654 0137 91       		.byte	0x91
 655 0138 54       		.sleb128 -44
 656 0139 0B       		.uleb128 0xb
 657 013a 0C000000 		.4byte	.LVL2
 658 013e 88040000 		.4byte	0x488
 659 0142 59010000 		.4byte	0x159
 660 0146 0C       		.uleb128 0xc
 661 0147 01       		.uleb128 0x1
 662 0148 50       		.byte	0x50
 663 0149 03       		.uleb128 0x3
 664 014a F3       		.byte	0xf3
 665 014b 01       		.uleb128 0x1
 666 014c 50       		.byte	0x50
 667 014d 0C       		.uleb128 0xc
 668 014e 01       		.uleb128 0x1
 669 014f 51       		.byte	0x51
 670 0150 02       		.uleb128 0x2
 671 0151 91       		.byte	0x91
 672 0152 54       		.sleb128 -44
 673 0153 0C       		.uleb128 0xc
 674 0154 01       		.uleb128 0x1
 675 0155 52       		.byte	0x52
 676 0156 01       		.uleb128 0x1
 677 0157 3A       		.byte	0x3a
 678 0158 00       		.byte	0
 679 0159 0D       		.uleb128 0xd
 680 015a 12000000 		.4byte	.LVL3
 681 015e 93040000 		.4byte	0x493
 682 0162 0C       		.uleb128 0xc
ARM GAS  C:\Users\Klukk-TP\AppData\Local\Temp\ccltcFnf.s 			page 15


 683 0163 01       		.uleb128 0x1
 684 0164 50       		.byte	0x50
 685 0165 02       		.uleb128 0x2
 686 0166 91       		.byte	0x91
 687 0167 54       		.sleb128 -44
 688 0168 00       		.byte	0
 689 0169 00       		.byte	0
 690 016a 0E       		.uleb128 0xe
 691 016b 8F000000 		.4byte	0x8f
 692 016f 7A010000 		.4byte	0x17a
 693 0173 0F       		.uleb128 0xf
 694 0174 9D000000 		.4byte	0x9d
 695 0178 20       		.byte	0x20
 696 0179 00       		.byte	0
 697 017a 10       		.uleb128 0x10
 698 017b 0C030000 		.4byte	.LASF52
 699 017f 01       		.byte	0x1
 700 0180 3C       		.byte	0x3c
 701 0181 68000000 		.4byte	0x68
 702 0185 00000000 		.4byte	.LFB69
 703 0189 40010000 		.4byte	.LFE69-.LFB69
 704 018d 01       		.uleb128 0x1
 705 018e 9C       		.byte	0x9c
 706 018f 56030000 		.4byte	0x356
 707 0193 07       		.uleb128 0x7
 708 0194 08000000 		.4byte	.LVL4
 709 0198 9E040000 		.4byte	0x49e
 710 019c 07       		.uleb128 0x7
 711 019d 0C000000 		.4byte	.LVL5
 712 01a1 A9040000 		.4byte	0x4a9
 713 01a5 07       		.uleb128 0x7
 714 01a6 10000000 		.4byte	.LVL6
 715 01aa B4040000 		.4byte	0x4b4
 716 01ae 0B       		.uleb128 0xb
 717 01af 16000000 		.4byte	.LVL7
 718 01b3 BF040000 		.4byte	0x4bf
 719 01b7 C5010000 		.4byte	0x1c5
 720 01bb 0C       		.uleb128 0xc
 721 01bc 01       		.uleb128 0x1
 722 01bd 50       		.byte	0x50
 723 01be 05       		.uleb128 0x5
 724 01bf 03       		.byte	0x3
 725 01c0 00000000 		.4byte	InterruptRX
 726 01c4 00       		.byte	0
 727 01c5 0B       		.uleb128 0xb
 728 01c6 1C000000 		.4byte	.LVL8
 729 01ca CA040000 		.4byte	0x4ca
 730 01ce DC010000 		.4byte	0x1dc
 731 01d2 0C       		.uleb128 0xc
 732 01d3 01       		.uleb128 0x1
 733 01d4 50       		.byte	0x50
 734 01d5 05       		.uleb128 0x5
 735 01d6 03       		.byte	0x3
 736 01d7 00000000 		.4byte	InterruptXP
 737 01db 00       		.byte	0
 738 01dc 0B       		.uleb128 0xb
 739 01dd 22000000 		.4byte	.LVL9
ARM GAS  C:\Users\Klukk-TP\AppData\Local\Temp\ccltcFnf.s 			page 16


 740 01e1 D5040000 		.4byte	0x4d5
 741 01e5 F3010000 		.4byte	0x1f3
 742 01e9 0C       		.uleb128 0xc
 743 01ea 01       		.uleb128 0x1
 744 01eb 50       		.byte	0x50
 745 01ec 05       		.uleb128 0x5
 746 01ed 03       		.byte	0x3
 747 01ee 00000000 		.4byte	InterruptXL
 748 01f2 00       		.byte	0
 749 01f3 0B       		.uleb128 0xb
 750 01f4 28000000 		.4byte	.LVL10
 751 01f8 E0040000 		.4byte	0x4e0
 752 01fc 0A020000 		.4byte	0x20a
 753 0200 0C       		.uleb128 0xc
 754 0201 01       		.uleb128 0x1
 755 0202 50       		.byte	0x50
 756 0203 05       		.uleb128 0x5
 757 0204 03       		.byte	0x3
 758 0205 00000000 		.4byte	InterruptYP
 759 0209 00       		.byte	0
 760 020a 0B       		.uleb128 0xb
 761 020b 2E000000 		.4byte	.LVL11
 762 020f EB040000 		.4byte	0x4eb
 763 0213 21020000 		.4byte	0x221
 764 0217 0C       		.uleb128 0xc
 765 0218 01       		.uleb128 0x1
 766 0219 50       		.byte	0x50
 767 021a 05       		.uleb128 0x5
 768 021b 03       		.byte	0x3
 769 021c 00000000 		.4byte	InterruptYL
 770 0220 00       		.byte	0
 771 0221 0B       		.uleb128 0xb
 772 0222 58000000 		.4byte	.LVL12
 773 0226 F6040000 		.4byte	0x4f6
 774 022a 38020000 		.4byte	0x238
 775 022e 0C       		.uleb128 0xc
 776 022f 01       		.uleb128 0x1
 777 0230 50       		.byte	0x50
 778 0231 05       		.uleb128 0x5
 779 0232 03       		.byte	0x3
 780 0233 00000000 		.4byte	MX
 781 0237 00       		.byte	0
 782 0238 0B       		.uleb128 0xb
 783 0239 6E000000 		.4byte	.LVL13
 784 023d F6040000 		.4byte	0x4f6
 785 0241 4F020000 		.4byte	0x24f
 786 0245 0C       		.uleb128 0xc
 787 0246 01       		.uleb128 0x1
 788 0247 50       		.byte	0x50
 789 0248 05       		.uleb128 0x5
 790 0249 03       		.byte	0x3
 791 024a 00000000 		.4byte	MY
 792 024e 00       		.byte	0
 793 024f 0B       		.uleb128 0xb
 794 0250 76000000 		.4byte	.LVL14
 795 0254 01050000 		.4byte	0x501
 796 0258 63020000 		.4byte	0x263
ARM GAS  C:\Users\Klukk-TP\AppData\Local\Temp\ccltcFnf.s 			page 17


 797 025c 0C       		.uleb128 0xc
 798 025d 01       		.uleb128 0x1
 799 025e 50       		.byte	0x50
 800 025f 02       		.uleb128 0x2
 801 0260 08       		.byte	0x8
 802 0261 20       		.byte	0x20
 803 0262 00       		.byte	0
 804 0263 07       		.uleb128 0x7
 805 0264 7C000000 		.4byte	.LVL15
 806 0268 07010000 		.4byte	0x107
 807 026c 0B       		.uleb128 0xb
 808 026d 82000000 		.4byte	.LVL16
 809 0271 01050000 		.4byte	0x501
 810 0275 80020000 		.4byte	0x280
 811 0279 0C       		.uleb128 0xc
 812 027a 01       		.uleb128 0x1
 813 027b 50       		.byte	0x50
 814 027c 02       		.uleb128 0x2
 815 027d 08       		.byte	0x8
 816 027e 2C       		.byte	0x2c
 817 027f 00       		.byte	0
 818 0280 07       		.uleb128 0x7
 819 0281 88000000 		.4byte	.LVL17
 820 0285 07010000 		.4byte	0x107
 821 0289 0B       		.uleb128 0xb
 822 028a 8E000000 		.4byte	.LVL18
 823 028e 01050000 		.4byte	0x501
 824 0292 9C020000 		.4byte	0x29c
 825 0296 0C       		.uleb128 0xc
 826 0297 01       		.uleb128 0x1
 827 0298 50       		.byte	0x50
 828 0299 01       		.uleb128 0x1
 829 029a 3A       		.byte	0x3a
 830 029b 00       		.byte	0
 831 029c 0B       		.uleb128 0xb
 832 029d 94000000 		.4byte	.LVL19
 833 02a1 01050000 		.4byte	0x501
 834 02a5 AF020000 		.4byte	0x2af
 835 02a9 0C       		.uleb128 0xc
 836 02aa 01       		.uleb128 0x1
 837 02ab 50       		.byte	0x50
 838 02ac 01       		.uleb128 0x1
 839 02ad 3D       		.byte	0x3d
 840 02ae 00       		.byte	0
 841 02af 07       		.uleb128 0x7
 842 02b0 D0000000 		.4byte	.LVL20
 843 02b4 0C050000 		.4byte	0x50c
 844 02b8 07       		.uleb128 0x7
 845 02b9 D6000000 		.4byte	.LVL21
 846 02bd 17050000 		.4byte	0x517
 847 02c1 0B       		.uleb128 0xb
 848 02c2 E4000000 		.4byte	.LVL22
 849 02c6 22050000 		.4byte	0x522
 850 02ca D4020000 		.4byte	0x2d4
 851 02ce 0C       		.uleb128 0xc
 852 02cf 01       		.uleb128 0x1
 853 02d0 50       		.byte	0x50
ARM GAS  C:\Users\Klukk-TP\AppData\Local\Temp\ccltcFnf.s 			page 18


 854 02d1 01       		.uleb128 0x1
 855 02d2 31       		.byte	0x31
 856 02d3 00       		.byte	0
 857 02d4 0B       		.uleb128 0xb
 858 02d5 EA000000 		.4byte	.LVL23
 859 02d9 2D050000 		.4byte	0x52d
 860 02dd E7020000 		.4byte	0x2e7
 861 02e1 0C       		.uleb128 0xc
 862 02e2 01       		.uleb128 0x1
 863 02e3 50       		.byte	0x50
 864 02e4 01       		.uleb128 0x1
 865 02e5 30       		.byte	0x30
 866 02e6 00       		.byte	0
 867 02e7 0B       		.uleb128 0xb
 868 02e8 F2000000 		.4byte	.LVL24
 869 02ec 22050000 		.4byte	0x522
 870 02f0 FA020000 		.4byte	0x2fa
 871 02f4 0C       		.uleb128 0xc
 872 02f5 01       		.uleb128 0x1
 873 02f6 50       		.byte	0x50
 874 02f7 01       		.uleb128 0x1
 875 02f8 30       		.byte	0x30
 876 02f9 00       		.byte	0
 877 02fa 0B       		.uleb128 0xb
 878 02fb F8000000 		.4byte	.LVL25
 879 02ff 2D050000 		.4byte	0x52d
 880 0303 0D030000 		.4byte	0x30d
 881 0307 0C       		.uleb128 0xc
 882 0308 01       		.uleb128 0x1
 883 0309 50       		.byte	0x50
 884 030a 01       		.uleb128 0x1
 885 030b 31       		.byte	0x31
 886 030c 00       		.byte	0
 887 030d 0B       		.uleb128 0xb
 888 030e 06010000 		.4byte	.LVL26
 889 0312 38050000 		.4byte	0x538
 890 0316 20030000 		.4byte	0x320
 891 031a 0C       		.uleb128 0xc
 892 031b 01       		.uleb128 0x1
 893 031c 50       		.byte	0x50
 894 031d 01       		.uleb128 0x1
 895 031e 31       		.byte	0x31
 896 031f 00       		.byte	0
 897 0320 0B       		.uleb128 0xb
 898 0321 0C010000 		.4byte	.LVL27
 899 0325 43050000 		.4byte	0x543
 900 0329 33030000 		.4byte	0x333
 901 032d 0C       		.uleb128 0xc
 902 032e 01       		.uleb128 0x1
 903 032f 50       		.byte	0x50
 904 0330 01       		.uleb128 0x1
 905 0331 30       		.byte	0x30
 906 0332 00       		.byte	0
 907 0333 0B       		.uleb128 0xb
 908 0334 14010000 		.4byte	.LVL28
 909 0338 38050000 		.4byte	0x538
 910 033c 46030000 		.4byte	0x346
ARM GAS  C:\Users\Klukk-TP\AppData\Local\Temp\ccltcFnf.s 			page 19


 911 0340 0C       		.uleb128 0xc
 912 0341 01       		.uleb128 0x1
 913 0342 50       		.byte	0x50
 914 0343 01       		.uleb128 0x1
 915 0344 30       		.byte	0x30
 916 0345 00       		.byte	0
 917 0346 0D       		.uleb128 0xd
 918 0347 1A010000 		.4byte	.LVL29
 919 034b 43050000 		.4byte	0x543
 920 034f 0C       		.uleb128 0xc
 921 0350 01       		.uleb128 0x1
 922 0351 50       		.byte	0x50
 923 0352 01       		.uleb128 0x1
 924 0353 31       		.byte	0x31
 925 0354 00       		.byte	0
 926 0355 00       		.byte	0
 927 0356 11       		.uleb128 0x11
 928 0357 C8000000 		.4byte	.LASF20
 929 035b 04       		.byte	0x4
 930 035c 1207     		.2byte	0x712
 931 035e 62030000 		.4byte	0x362
 932 0362 12       		.uleb128 0x12
 933 0363 76000000 		.4byte	0x76
 934 0367 0E       		.uleb128 0xe
 935 0368 8F000000 		.4byte	0x8f
 936 036c 77030000 		.4byte	0x377
 937 0370 0F       		.uleb128 0xf
 938 0371 9D000000 		.4byte	0x9d
 939 0375 09       		.byte	0x9
 940 0376 00       		.byte	0
 941 0377 13       		.uleb128 0x13
 942 0378 F7000000 		.4byte	.LASF21
 943 037c 01       		.byte	0x1
 944 037d 10       		.byte	0x10
 945 037e 67030000 		.4byte	0x367
 946 0382 05       		.uleb128 0x5
 947 0383 03       		.byte	0x3
 948 0384 00000000 		.4byte	datorecibido
 949 0388 13       		.uleb128 0x13
 950 0389 A2000000 		.4byte	.LASF22
 951 038d 01       		.byte	0x1
 952 038e 11       		.byte	0x11
 953 038f 68000000 		.4byte	0x68
 954 0393 05       		.uleb128 0x5
 955 0394 03       		.byte	0x3
 956 0395 00000000 		.4byte	counta
 957 0399 13       		.uleb128 0x13
 958 039a A9000000 		.4byte	.LASF23
 959 039e 01       		.byte	0x1
 960 039f 11       		.byte	0x11
 961 03a0 68000000 		.4byte	0x68
 962 03a4 05       		.uleb128 0x5
 963 03a5 03       		.byte	0x3
 964 03a6 00000000 		.4byte	countb
 965 03aa 13       		.uleb128 0x13
 966 03ab F6020000 		.4byte	.LASF24
 967 03af 01       		.byte	0x1
ARM GAS  C:\Users\Klukk-TP\AppData\Local\Temp\ccltcFnf.s 			page 20


 968 03b0 11       		.byte	0x11
 969 03b1 68000000 		.4byte	0x68
 970 03b5 05       		.uleb128 0x5
 971 03b6 03       		.byte	0x3
 972 03b7 00000000 		.4byte	pwmx
 973 03bb 13       		.uleb128 0x13
 974 03bc FB020000 		.4byte	.LASF25
 975 03c0 01       		.byte	0x1
 976 03c1 11       		.byte	0x11
 977 03c2 68000000 		.4byte	0x68
 978 03c6 05       		.uleb128 0x5
 979 03c7 03       		.byte	0x3
 980 03c8 00000000 		.4byte	pwmy
 981 03cc 14       		.uleb128 0x14
 982 03cd 6900     		.ascii	"i\000"
 983 03cf 01       		.byte	0x1
 984 03d0 11       		.byte	0x11
 985 03d1 68000000 		.4byte	0x68
 986 03d5 05       		.uleb128 0x5
 987 03d6 03       		.byte	0x3
 988 03d7 00000000 		.4byte	i
 989 03db 14       		.uleb128 0x14
 990 03dc 7800     		.ascii	"x\000"
 991 03de 01       		.byte	0x1
 992 03df 11       		.byte	0x11
 993 03e0 68000000 		.4byte	0x68
 994 03e4 05       		.uleb128 0x5
 995 03e5 03       		.byte	0x3
 996 03e6 00000000 		.4byte	x
 997 03ea 14       		.uleb128 0x14
 998 03eb 4D585600 		.ascii	"MXV\000"
 999 03ef 01       		.byte	0x1
 1000 03f0 11       		.byte	0x11
 1001 03f1 68000000 		.4byte	0x68
 1002 03f5 05       		.uleb128 0x5
 1003 03f6 03       		.byte	0x3
 1004 03f7 00000000 		.4byte	MXV
 1005 03fb 14       		.uleb128 0x14
 1006 03fc 4D595600 		.ascii	"MYV\000"
 1007 0400 01       		.byte	0x1
 1008 0401 11       		.byte	0x11
 1009 0402 68000000 		.4byte	0x68
 1010 0406 05       		.uleb128 0x5
 1011 0407 03       		.byte	0x3
 1012 0408 00000000 		.4byte	MYV
 1013 040c 0E       		.uleb128 0xe
 1014 040d 8F000000 		.4byte	0x8f
 1015 0411 1C040000 		.4byte	0x41c
 1016 0415 0F       		.uleb128 0xf
 1017 0416 9D000000 		.4byte	0x9d
 1018 041a 13       		.byte	0x13
 1019 041b 00       		.byte	0
 1020 041c 13       		.uleb128 0x13
 1021 041d D4020000 		.4byte	.LASF26
 1022 0421 01       		.byte	0x1
 1023 0422 12       		.byte	0x12
 1024 0423 0C040000 		.4byte	0x40c
ARM GAS  C:\Users\Klukk-TP\AppData\Local\Temp\ccltcFnf.s 			page 21


 1025 0427 05       		.uleb128 0x5
 1026 0428 03       		.byte	0x3
 1027 0429 00000000 		.4byte	datoenviado
 1028 042d 0E       		.uleb128 0xe
 1029 042e 8F000000 		.4byte	0x8f
 1030 0432 3D040000 		.4byte	0x43d
 1031 0436 0F       		.uleb128 0xf
 1032 0437 9D000000 		.4byte	0x9d
 1033 043b 01       		.byte	0x1
 1034 043c 00       		.byte	0
 1035 043d 14       		.uleb128 0x14
 1036 043e 4D5800   		.ascii	"MX\000"
 1037 0441 01       		.byte	0x1
 1038 0442 13       		.byte	0x13
 1039 0443 2D040000 		.4byte	0x42d
 1040 0447 05       		.uleb128 0x5
 1041 0448 03       		.byte	0x3
 1042 0449 00000000 		.4byte	MX
 1043 044d 14       		.uleb128 0x14
 1044 044e 445800   		.ascii	"DX\000"
 1045 0451 01       		.byte	0x1
 1046 0452 14       		.byte	0x14
 1047 0453 8F000000 		.4byte	0x8f
 1048 0457 05       		.uleb128 0x5
 1049 0458 03       		.byte	0x3
 1050 0459 00000000 		.4byte	DX
 1051 045d 14       		.uleb128 0x14
 1052 045e 4D5900   		.ascii	"MY\000"
 1053 0461 01       		.byte	0x1
 1054 0462 15       		.byte	0x15
 1055 0463 2D040000 		.4byte	0x42d
 1056 0467 05       		.uleb128 0x5
 1057 0468 03       		.byte	0x3
 1058 0469 00000000 		.4byte	MY
 1059 046d 14       		.uleb128 0x14
 1060 046e 445900   		.ascii	"DY\000"
 1061 0471 01       		.byte	0x1
 1062 0472 16       		.byte	0x16
 1063 0473 8F000000 		.4byte	0x8f
 1064 0477 05       		.uleb128 0x5
 1065 0478 03       		.byte	0x3
 1066 0479 00000000 		.4byte	DY
 1067 047d 15       		.uleb128 0x15
 1068 047e 84020000 		.4byte	.LASF27
 1069 0482 84020000 		.4byte	.LASF27
 1070 0486 05       		.byte	0x5
 1071 0487 71       		.byte	0x71
 1072 0488 15       		.uleb128 0x15
 1073 0489 3A000000 		.4byte	.LASF28
 1074 048d 3A000000 		.4byte	.LASF28
 1075 0491 06       		.byte	0x6
 1076 0492 CB       		.byte	0xcb
 1077 0493 15       		.uleb128 0x15
 1078 0494 E7020000 		.4byte	.LASF29
 1079 0498 E7020000 		.4byte	.LASF29
 1080 049c 05       		.byte	0x5
 1081 049d 8B       		.byte	0x8b
ARM GAS  C:\Users\Klukk-TP\AppData\Local\Temp\ccltcFnf.s 			page 22


 1082 049e 15       		.uleb128 0x15
 1083 049f 89000000 		.4byte	.LASF30
 1084 04a3 89000000 		.4byte	.LASF30
 1085 04a7 05       		.byte	0x5
 1086 04a8 54       		.byte	0x54
 1087 04a9 15       		.uleb128 0x15
 1088 04aa A9020000 		.4byte	.LASF31
 1089 04ae A9020000 		.4byte	.LASF31
 1090 04b2 07       		.byte	0x7
 1091 04b3 92       		.byte	0x92
 1092 04b4 15       		.uleb128 0x15
 1093 04b5 56000000 		.4byte	.LASF32
 1094 04b9 56000000 		.4byte	.LASF32
 1095 04bd 08       		.byte	0x8
 1096 04be 27       		.byte	0x27
 1097 04bf 15       		.uleb128 0x15
 1098 04c0 18000000 		.4byte	.LASF33
 1099 04c4 18000000 		.4byte	.LASF33
 1100 04c8 09       		.byte	0x9
 1101 04c9 18       		.byte	0x18
 1102 04ca 15       		.uleb128 0x15
 1103 04cb 9B020000 		.4byte	.LASF34
 1104 04cf 9B020000 		.4byte	.LASF34
 1105 04d3 0A       		.byte	0xa
 1106 04d4 18       		.byte	0x18
 1107 04d5 15       		.uleb128 0x15
 1108 04d6 2C000000 		.4byte	.LASF35
 1109 04da 2C000000 		.4byte	.LASF35
 1110 04de 0B       		.byte	0xb
 1111 04df 18       		.byte	0x18
 1112 04e0 15       		.uleb128 0x15
 1113 04e1 99010000 		.4byte	.LASF36
 1114 04e5 99010000 		.4byte	.LASF36
 1115 04e9 0C       		.byte	0xc
 1116 04ea 18       		.byte	0x18
 1117 04eb 15       		.uleb128 0x15
 1118 04ec 0A000000 		.4byte	.LASF37
 1119 04f0 0A000000 		.4byte	.LASF37
 1120 04f4 0D       		.byte	0xd
 1121 04f5 18       		.byte	0x18
 1122 04f6 15       		.uleb128 0x15
 1123 04f7 3F010000 		.4byte	.LASF38
 1124 04fb 3F010000 		.4byte	.LASF38
 1125 04ff 06       		.byte	0x6
 1126 0500 4D       		.byte	0x4d
 1127 0501 15       		.uleb128 0x15
 1128 0502 3D020000 		.4byte	.LASF39
 1129 0506 3D020000 		.4byte	.LASF39
 1130 050a 05       		.byte	0x5
 1131 050b 8A       		.byte	0x8a
 1132 050c 15       		.uleb128 0x15
 1133 050d 1B010000 		.4byte	.LASF40
 1134 0511 1B010000 		.4byte	.LASF40
 1135 0515 07       		.byte	0x7
 1136 0516 C7       		.byte	0xc7
 1137 0517 15       		.uleb128 0x15
 1138 0518 2D010000 		.4byte	.LASF41
ARM GAS  C:\Users\Klukk-TP\AppData\Local\Temp\ccltcFnf.s 			page 23


 1139 051c 2D010000 		.4byte	.LASF41
 1140 0520 07       		.byte	0x7
 1141 0521 CA       		.byte	0xca
 1142 0522 15       		.uleb128 0x15
 1143 0523 7B020000 		.4byte	.LASF42
 1144 0527 7B020000 		.4byte	.LASF42
 1145 052b 0E       		.byte	0xe
 1146 052c 26       		.byte	0x26
 1147 052d 15       		.uleb128 0x15
 1148 052e 4D000000 		.4byte	.LASF43
 1149 0532 4D000000 		.4byte	.LASF43
 1150 0536 0F       		.byte	0xf
 1151 0537 26       		.byte	0x26
 1152 0538 15       		.uleb128 0x15
 1153 0539 EE000000 		.4byte	.LASF44
 1154 053d EE000000 		.4byte	.LASF44
 1155 0541 10       		.byte	0x10
 1156 0542 26       		.byte	0x26
 1157 0543 15       		.uleb128 0x15
 1158 0544 94000000 		.4byte	.LASF45
 1159 0548 94000000 		.4byte	.LASF45
 1160 054c 11       		.byte	0x11
 1161 054d 26       		.byte	0x26
 1162 054e 00       		.byte	0
 1163              		.section	.debug_abbrev,"",%progbits
 1164              	.Ldebug_abbrev0:
 1165 0000 01       		.uleb128 0x1
 1166 0001 11       		.uleb128 0x11
 1167 0002 01       		.byte	0x1
 1168 0003 25       		.uleb128 0x25
 1169 0004 0E       		.uleb128 0xe
 1170 0005 13       		.uleb128 0x13
 1171 0006 0B       		.uleb128 0xb
 1172 0007 03       		.uleb128 0x3
 1173 0008 0E       		.uleb128 0xe
 1174 0009 1B       		.uleb128 0x1b
 1175 000a 0E       		.uleb128 0xe
 1176 000b 55       		.uleb128 0x55
 1177 000c 17       		.uleb128 0x17
 1178 000d 11       		.uleb128 0x11
 1179 000e 01       		.uleb128 0x1
 1180 000f 10       		.uleb128 0x10
 1181 0010 17       		.uleb128 0x17
 1182 0011 00       		.byte	0
 1183 0012 00       		.byte	0
 1184 0013 02       		.uleb128 0x2
 1185 0014 24       		.uleb128 0x24
 1186 0015 00       		.byte	0
 1187 0016 0B       		.uleb128 0xb
 1188 0017 0B       		.uleb128 0xb
 1189 0018 3E       		.uleb128 0x3e
 1190 0019 0B       		.uleb128 0xb
 1191 001a 03       		.uleb128 0x3
 1192 001b 0E       		.uleb128 0xe
 1193 001c 00       		.byte	0
 1194 001d 00       		.byte	0
 1195 001e 03       		.uleb128 0x3
ARM GAS  C:\Users\Klukk-TP\AppData\Local\Temp\ccltcFnf.s 			page 24


 1196 001f 16       		.uleb128 0x16
 1197 0020 00       		.byte	0
 1198 0021 03       		.uleb128 0x3
 1199 0022 0E       		.uleb128 0xe
 1200 0023 3A       		.uleb128 0x3a
 1201 0024 0B       		.uleb128 0xb
 1202 0025 3B       		.uleb128 0x3b
 1203 0026 0B       		.uleb128 0xb
 1204 0027 49       		.uleb128 0x49
 1205 0028 13       		.uleb128 0x13
 1206 0029 00       		.byte	0
 1207 002a 00       		.byte	0
 1208 002b 04       		.uleb128 0x4
 1209 002c 24       		.uleb128 0x24
 1210 002d 00       		.byte	0
 1211 002e 0B       		.uleb128 0xb
 1212 002f 0B       		.uleb128 0xb
 1213 0030 3E       		.uleb128 0x3e
 1214 0031 0B       		.uleb128 0xb
 1215 0032 03       		.uleb128 0x3
 1216 0033 08       		.uleb128 0x8
 1217 0034 00       		.byte	0
 1218 0035 00       		.byte	0
 1219 0036 05       		.uleb128 0x5
 1220 0037 2E       		.uleb128 0x2e
 1221 0038 00       		.byte	0
 1222 0039 3F       		.uleb128 0x3f
 1223 003a 19       		.uleb128 0x19
 1224 003b 03       		.uleb128 0x3
 1225 003c 0E       		.uleb128 0xe
 1226 003d 3A       		.uleb128 0x3a
 1227 003e 0B       		.uleb128 0xb
 1228 003f 3B       		.uleb128 0x3b
 1229 0040 0B       		.uleb128 0xb
 1230 0041 27       		.uleb128 0x27
 1231 0042 19       		.uleb128 0x19
 1232 0043 11       		.uleb128 0x11
 1233 0044 01       		.uleb128 0x1
 1234 0045 12       		.uleb128 0x12
 1235 0046 06       		.uleb128 0x6
 1236 0047 40       		.uleb128 0x40
 1237 0048 18       		.uleb128 0x18
 1238 0049 9742     		.uleb128 0x2117
 1239 004b 19       		.uleb128 0x19
 1240 004c 00       		.byte	0
 1241 004d 00       		.byte	0
 1242 004e 06       		.uleb128 0x6
 1243 004f 2E       		.uleb128 0x2e
 1244 0050 01       		.byte	0x1
 1245 0051 3F       		.uleb128 0x3f
 1246 0052 19       		.uleb128 0x19
 1247 0053 03       		.uleb128 0x3
 1248 0054 0E       		.uleb128 0xe
 1249 0055 3A       		.uleb128 0x3a
 1250 0056 0B       		.uleb128 0xb
 1251 0057 3B       		.uleb128 0x3b
 1252 0058 0B       		.uleb128 0xb
ARM GAS  C:\Users\Klukk-TP\AppData\Local\Temp\ccltcFnf.s 			page 25


 1253 0059 27       		.uleb128 0x27
 1254 005a 19       		.uleb128 0x19
 1255 005b 11       		.uleb128 0x11
 1256 005c 01       		.uleb128 0x1
 1257 005d 12       		.uleb128 0x12
 1258 005e 06       		.uleb128 0x6
 1259 005f 40       		.uleb128 0x40
 1260 0060 18       		.uleb128 0x18
 1261 0061 9742     		.uleb128 0x2117
 1262 0063 19       		.uleb128 0x19
 1263 0064 01       		.uleb128 0x1
 1264 0065 13       		.uleb128 0x13
 1265 0066 00       		.byte	0
 1266 0067 00       		.byte	0
 1267 0068 07       		.uleb128 0x7
 1268 0069 898201   		.uleb128 0x4109
 1269 006c 00       		.byte	0
 1270 006d 11       		.uleb128 0x11
 1271 006e 01       		.uleb128 0x1
 1272 006f 31       		.uleb128 0x31
 1273 0070 13       		.uleb128 0x13
 1274 0071 00       		.byte	0
 1275 0072 00       		.byte	0
 1276 0073 08       		.uleb128 0x8
 1277 0074 2E       		.uleb128 0x2e
 1278 0075 01       		.byte	0x1
 1279 0076 3F       		.uleb128 0x3f
 1280 0077 19       		.uleb128 0x19
 1281 0078 03       		.uleb128 0x3
 1282 0079 0E       		.uleb128 0xe
 1283 007a 3A       		.uleb128 0x3a
 1284 007b 0B       		.uleb128 0xb
 1285 007c 3B       		.uleb128 0x3b
 1286 007d 0B       		.uleb128 0xb
 1287 007e 11       		.uleb128 0x11
 1288 007f 01       		.uleb128 0x1
 1289 0080 12       		.uleb128 0x12
 1290 0081 06       		.uleb128 0x6
 1291 0082 40       		.uleb128 0x40
 1292 0083 18       		.uleb128 0x18
 1293 0084 9742     		.uleb128 0x2117
 1294 0086 19       		.uleb128 0x19
 1295 0087 01       		.uleb128 0x1
 1296 0088 13       		.uleb128 0x13
 1297 0089 00       		.byte	0
 1298 008a 00       		.byte	0
 1299 008b 09       		.uleb128 0x9
 1300 008c 05       		.uleb128 0x5
 1301 008d 00       		.byte	0
 1302 008e 03       		.uleb128 0x3
 1303 008f 08       		.uleb128 0x8
 1304 0090 3A       		.uleb128 0x3a
 1305 0091 0B       		.uleb128 0xb
 1306 0092 3B       		.uleb128 0x3b
 1307 0093 0B       		.uleb128 0xb
 1308 0094 49       		.uleb128 0x49
 1309 0095 13       		.uleb128 0x13
ARM GAS  C:\Users\Klukk-TP\AppData\Local\Temp\ccltcFnf.s 			page 26


 1310 0096 02       		.uleb128 0x2
 1311 0097 17       		.uleb128 0x17
 1312 0098 00       		.byte	0
 1313 0099 00       		.byte	0
 1314 009a 0A       		.uleb128 0xa
 1315 009b 34       		.uleb128 0x34
 1316 009c 00       		.byte	0
 1317 009d 03       		.uleb128 0x3
 1318 009e 0E       		.uleb128 0xe
 1319 009f 3A       		.uleb128 0x3a
 1320 00a0 0B       		.uleb128 0xb
 1321 00a1 3B       		.uleb128 0x3b
 1322 00a2 0B       		.uleb128 0xb
 1323 00a3 49       		.uleb128 0x49
 1324 00a4 13       		.uleb128 0x13
 1325 00a5 02       		.uleb128 0x2
 1326 00a6 18       		.uleb128 0x18
 1327 00a7 00       		.byte	0
 1328 00a8 00       		.byte	0
 1329 00a9 0B       		.uleb128 0xb
 1330 00aa 898201   		.uleb128 0x4109
 1331 00ad 01       		.byte	0x1
 1332 00ae 11       		.uleb128 0x11
 1333 00af 01       		.uleb128 0x1
 1334 00b0 31       		.uleb128 0x31
 1335 00b1 13       		.uleb128 0x13
 1336 00b2 01       		.uleb128 0x1
 1337 00b3 13       		.uleb128 0x13
 1338 00b4 00       		.byte	0
 1339 00b5 00       		.byte	0
 1340 00b6 0C       		.uleb128 0xc
 1341 00b7 8A8201   		.uleb128 0x410a
 1342 00ba 00       		.byte	0
 1343 00bb 02       		.uleb128 0x2
 1344 00bc 18       		.uleb128 0x18
 1345 00bd 9142     		.uleb128 0x2111
 1346 00bf 18       		.uleb128 0x18
 1347 00c0 00       		.byte	0
 1348 00c1 00       		.byte	0
 1349 00c2 0D       		.uleb128 0xd
 1350 00c3 898201   		.uleb128 0x4109
 1351 00c6 01       		.byte	0x1
 1352 00c7 11       		.uleb128 0x11
 1353 00c8 01       		.uleb128 0x1
 1354 00c9 31       		.uleb128 0x31
 1355 00ca 13       		.uleb128 0x13
 1356 00cb 00       		.byte	0
 1357 00cc 00       		.byte	0
 1358 00cd 0E       		.uleb128 0xe
 1359 00ce 01       		.uleb128 0x1
 1360 00cf 01       		.byte	0x1
 1361 00d0 49       		.uleb128 0x49
 1362 00d1 13       		.uleb128 0x13
 1363 00d2 01       		.uleb128 0x1
 1364 00d3 13       		.uleb128 0x13
 1365 00d4 00       		.byte	0
 1366 00d5 00       		.byte	0
ARM GAS  C:\Users\Klukk-TP\AppData\Local\Temp\ccltcFnf.s 			page 27


 1367 00d6 0F       		.uleb128 0xf
 1368 00d7 21       		.uleb128 0x21
 1369 00d8 00       		.byte	0
 1370 00d9 49       		.uleb128 0x49
 1371 00da 13       		.uleb128 0x13
 1372 00db 2F       		.uleb128 0x2f
 1373 00dc 0B       		.uleb128 0xb
 1374 00dd 00       		.byte	0
 1375 00de 00       		.byte	0
 1376 00df 10       		.uleb128 0x10
 1377 00e0 2E       		.uleb128 0x2e
 1378 00e1 01       		.byte	0x1
 1379 00e2 3F       		.uleb128 0x3f
 1380 00e3 19       		.uleb128 0x19
 1381 00e4 03       		.uleb128 0x3
 1382 00e5 0E       		.uleb128 0xe
 1383 00e6 3A       		.uleb128 0x3a
 1384 00e7 0B       		.uleb128 0xb
 1385 00e8 3B       		.uleb128 0x3b
 1386 00e9 0B       		.uleb128 0xb
 1387 00ea 27       		.uleb128 0x27
 1388 00eb 19       		.uleb128 0x19
 1389 00ec 49       		.uleb128 0x49
 1390 00ed 13       		.uleb128 0x13
 1391 00ee 8701     		.uleb128 0x87
 1392 00f0 19       		.uleb128 0x19
 1393 00f1 11       		.uleb128 0x11
 1394 00f2 01       		.uleb128 0x1
 1395 00f3 12       		.uleb128 0x12
 1396 00f4 06       		.uleb128 0x6
 1397 00f5 40       		.uleb128 0x40
 1398 00f6 18       		.uleb128 0x18
 1399 00f7 9742     		.uleb128 0x2117
 1400 00f9 19       		.uleb128 0x19
 1401 00fa 01       		.uleb128 0x1
 1402 00fb 13       		.uleb128 0x13
 1403 00fc 00       		.byte	0
 1404 00fd 00       		.byte	0
 1405 00fe 11       		.uleb128 0x11
 1406 00ff 34       		.uleb128 0x34
 1407 0100 00       		.byte	0
 1408 0101 03       		.uleb128 0x3
 1409 0102 0E       		.uleb128 0xe
 1410 0103 3A       		.uleb128 0x3a
 1411 0104 0B       		.uleb128 0xb
 1412 0105 3B       		.uleb128 0x3b
 1413 0106 05       		.uleb128 0x5
 1414 0107 49       		.uleb128 0x49
 1415 0108 13       		.uleb128 0x13
 1416 0109 3F       		.uleb128 0x3f
 1417 010a 19       		.uleb128 0x19
 1418 010b 3C       		.uleb128 0x3c
 1419 010c 19       		.uleb128 0x19
 1420 010d 00       		.byte	0
 1421 010e 00       		.byte	0
 1422 010f 12       		.uleb128 0x12
 1423 0110 35       		.uleb128 0x35
ARM GAS  C:\Users\Klukk-TP\AppData\Local\Temp\ccltcFnf.s 			page 28


 1424 0111 00       		.byte	0
 1425 0112 49       		.uleb128 0x49
 1426 0113 13       		.uleb128 0x13
 1427 0114 00       		.byte	0
 1428 0115 00       		.byte	0
 1429 0116 13       		.uleb128 0x13
 1430 0117 34       		.uleb128 0x34
 1431 0118 00       		.byte	0
 1432 0119 03       		.uleb128 0x3
 1433 011a 0E       		.uleb128 0xe
 1434 011b 3A       		.uleb128 0x3a
 1435 011c 0B       		.uleb128 0xb
 1436 011d 3B       		.uleb128 0x3b
 1437 011e 0B       		.uleb128 0xb
 1438 011f 49       		.uleb128 0x49
 1439 0120 13       		.uleb128 0x13
 1440 0121 3F       		.uleb128 0x3f
 1441 0122 19       		.uleb128 0x19
 1442 0123 02       		.uleb128 0x2
 1443 0124 18       		.uleb128 0x18
 1444 0125 00       		.byte	0
 1445 0126 00       		.byte	0
 1446 0127 14       		.uleb128 0x14
 1447 0128 34       		.uleb128 0x34
 1448 0129 00       		.byte	0
 1449 012a 03       		.uleb128 0x3
 1450 012b 08       		.uleb128 0x8
 1451 012c 3A       		.uleb128 0x3a
 1452 012d 0B       		.uleb128 0xb
 1453 012e 3B       		.uleb128 0x3b
 1454 012f 0B       		.uleb128 0xb
 1455 0130 49       		.uleb128 0x49
 1456 0131 13       		.uleb128 0x13
 1457 0132 3F       		.uleb128 0x3f
 1458 0133 19       		.uleb128 0x19
 1459 0134 02       		.uleb128 0x2
 1460 0135 18       		.uleb128 0x18
 1461 0136 00       		.byte	0
 1462 0137 00       		.byte	0
 1463 0138 15       		.uleb128 0x15
 1464 0139 2E       		.uleb128 0x2e
 1465 013a 00       		.byte	0
 1466 013b 3F       		.uleb128 0x3f
 1467 013c 19       		.uleb128 0x19
 1468 013d 3C       		.uleb128 0x3c
 1469 013e 19       		.uleb128 0x19
 1470 013f 6E       		.uleb128 0x6e
 1471 0140 0E       		.uleb128 0xe
 1472 0141 03       		.uleb128 0x3
 1473 0142 0E       		.uleb128 0xe
 1474 0143 3A       		.uleb128 0x3a
 1475 0144 0B       		.uleb128 0xb
 1476 0145 3B       		.uleb128 0x3b
 1477 0146 0B       		.uleb128 0xb
 1478 0147 00       		.byte	0
 1479 0148 00       		.byte	0
 1480 0149 00       		.byte	0
ARM GAS  C:\Users\Klukk-TP\AppData\Local\Temp\ccltcFnf.s 			page 29


 1481              		.section	.debug_loc,"",%progbits
 1482              	.Ldebug_loc0:
 1483              	.LLST0:
 1484 0000 00000000 		.4byte	.LVL1
 1485 0004 0B000000 		.4byte	.LVL2-1
 1486 0008 0100     		.2byte	0x1
 1487 000a 50       		.byte	0x50
 1488 000b 0B000000 		.4byte	.LVL2-1
 1489 000f 18000000 		.4byte	.LFE68
 1490 0013 0400     		.2byte	0x4
 1491 0015 F3       		.byte	0xf3
 1492 0016 01       		.uleb128 0x1
 1493 0017 50       		.byte	0x50
 1494 0018 9F       		.byte	0x9f
 1495 0019 00000000 		.4byte	0
 1496 001d 00000000 		.4byte	0
 1497              		.section	.debug_aranges,"",%progbits
 1498 0000 4C000000 		.4byte	0x4c
 1499 0004 0200     		.2byte	0x2
 1500 0006 00000000 		.4byte	.Ldebug_info0
 1501 000a 04       		.byte	0x4
 1502 000b 00       		.byte	0
 1503 000c 0000     		.2byte	0
 1504 000e 0000     		.2byte	0
 1505 0010 00000000 		.4byte	.LFB64
 1506 0014 10000000 		.4byte	.LFE64-.LFB64
 1507 0018 00000000 		.4byte	.LFB65
 1508 001c 10000000 		.4byte	.LFE65-.LFB65
 1509 0020 00000000 		.4byte	.LFB66
 1510 0024 10000000 		.4byte	.LFE66-.LFB66
 1511 0028 00000000 		.4byte	.LFB67
 1512 002c 10000000 		.4byte	.LFE67-.LFB67
 1513 0030 00000000 		.4byte	.LFB63
 1514 0034 28000000 		.4byte	.LFE63-.LFB63
 1515 0038 00000000 		.4byte	.LFB68
 1516 003c 18000000 		.4byte	.LFE68-.LFB68
 1517 0040 00000000 		.4byte	.LFB69
 1518 0044 40010000 		.4byte	.LFE69-.LFB69
 1519 0048 00000000 		.4byte	0
 1520 004c 00000000 		.4byte	0
 1521              		.section	.debug_ranges,"",%progbits
 1522              	.Ldebug_ranges0:
 1523 0000 00000000 		.4byte	.LFB64
 1524 0004 10000000 		.4byte	.LFE64
 1525 0008 00000000 		.4byte	.LFB65
 1526 000c 10000000 		.4byte	.LFE65
 1527 0010 00000000 		.4byte	.LFB66
 1528 0014 10000000 		.4byte	.LFE66
 1529 0018 00000000 		.4byte	.LFB67
 1530 001c 10000000 		.4byte	.LFE67
 1531 0020 00000000 		.4byte	.LFB63
 1532 0024 28000000 		.4byte	.LFE63
 1533 0028 00000000 		.4byte	.LFB68
 1534 002c 18000000 		.4byte	.LFE68
 1535 0030 00000000 		.4byte	.LFB69
 1536 0034 40010000 		.4byte	.LFE69
 1537 0038 00000000 		.4byte	0
ARM GAS  C:\Users\Klukk-TP\AppData\Local\Temp\ccltcFnf.s 			page 30


 1538 003c 00000000 		.4byte	0
 1539              		.section	.debug_line,"",%progbits
 1540              	.Ldebug_line0:
 1541 0000 F4020000 		.section	.debug_str,"MS",%progbits,1
 1541      02002A02 
 1541      00000201 
 1541      FB0E0D00 
 1541      01010101 
 1542              	.LASF9:
 1543 0000 5F5F696E 		.ascii	"__int32_t\000"
 1543      7433325F 
 1543      7400
 1544              	.LASF37:
 1545 000a 69737259 		.ascii	"isrYL_StartEx\000"
 1545      4C5F5374 
 1545      61727445 
 1545      7800
 1546              	.LASF33:
 1547 0018 69737252 		.ascii	"isrRx_StartEx\000"
 1547      785F5374 
 1547      61727445 
 1547      7800
 1548              	.LASF11:
 1549 0026 666C6F61 		.ascii	"float\000"
 1549      7400
 1550              	.LASF35:
 1551 002c 69737258 		.ascii	"isrXL_StartEx\000"
 1551      4C5F5374 
 1551      61727445 
 1551      7800
 1552              	.LASF28:
 1553 003a 69746F61 		.ascii	"itoa\000"
 1553      00
 1554              	.LASF1:
 1555 003f 756E7369 		.ascii	"unsigned char\000"
 1555      676E6564 
 1555      20636861 
 1555      7200
 1556              	.LASF43:
 1557 004d 42315F57 		.ascii	"B1_Write\000"
 1557      72697465 
 1557      00
 1558              	.LASF32:
 1559 0056 436C6F63 		.ascii	"Clock_1_Start\000"
 1559      6B5F315F 
 1559      53746172 
 1559      7400
 1560              	.LASF5:
 1561 0064 6C6F6E67 		.ascii	"long unsigned int\000"
 1561      20756E73 
 1561      69676E65 
 1561      6420696E 
 1561      7400
 1562              	.LASF3:
 1563 0076 73686F72 		.ascii	"short unsigned int\000"
 1563      7420756E 
 1563      7369676E 
ARM GAS  C:\Users\Klukk-TP\AppData\Local\Temp\ccltcFnf.s 			page 31


 1563      65642069 
 1563      6E7400
 1564              	.LASF30:
 1565 0089 55415254 		.ascii	"UART_Start\000"
 1565      5F537461 
 1565      727400
 1566              	.LASF45:
 1567 0094 42325F57 		.ascii	"B2_Write\000"
 1567      72697465 
 1567      00
 1568              	.LASF51:
 1569 009d 62756666 		.ascii	"buff\000"
 1569      00
 1570              	.LASF22:
 1571 00a2 636F756E 		.ascii	"counta\000"
 1571      746100
 1572              	.LASF23:
 1573 00a9 636F756E 		.ascii	"countb\000"
 1573      746200
 1574              	.LASF17:
 1575 00b0 496E7465 		.ascii	"InterruptXL\000"
 1575      72727570 
 1575      74584C00 
 1576              	.LASF18:
 1577 00bc 496E7465 		.ascii	"InterruptYP\000"
 1577      72727570 
 1577      74595000 
 1578              	.LASF20:
 1579 00c8 49544D5F 		.ascii	"ITM_RxBuffer\000"
 1579      52784275 
 1579      66666572 
 1579      00
 1580              	.LASF19:
 1581 00d5 496E7465 		.ascii	"InterruptYL\000"
 1581      72727570 
 1581      74594C00 
 1582              	.LASF8:
 1583 00e1 756E7369 		.ascii	"unsigned int\000"
 1583      676E6564 
 1583      20696E74 
 1583      00
 1584              	.LASF44:
 1585 00ee 41325F57 		.ascii	"A2_Write\000"
 1585      72697465 
 1585      00
 1586              	.LASF21:
 1587 00f7 6461746F 		.ascii	"datorecibido\000"
 1587      72656369 
 1587      6269646F 
 1587      00
 1588              	.LASF7:
 1589 0104 6C6F6E67 		.ascii	"long long unsigned int\000"
 1589      206C6F6E 
 1589      6720756E 
 1589      7369676E 
 1589      65642069 
 1590              	.LASF40:
ARM GAS  C:\Users\Klukk-TP\AppData\Local\Temp\ccltcFnf.s 			page 32


 1591 011b 50574D5F 		.ascii	"PWM_WriteCompare1\000"
 1591      57726974 
 1591      65436F6D 
 1591      70617265 
 1591      3100
 1592              	.LASF41:
 1593 012d 50574D5F 		.ascii	"PWM_WriteCompare2\000"
 1593      57726974 
 1593      65436F6D 
 1593      70617265 
 1593      3200
 1594              	.LASF38:
 1595 013f 61746F69 		.ascii	"atoi\000"
 1595      00
 1596              	.LASF0:
 1597 0144 7369676E 		.ascii	"signed char\000"
 1597      65642063 
 1597      68617200 
 1598              	.LASF48:
 1599 0150 433A5C55 		.ascii	"C:\\Users\\Klukk-TP\\Documents\\tesis\\Workspace02\\"
 1599      73657273 
 1599      5C4B6C75 
 1599      6B6B2D54 
 1599      505C446F 
 1600 017e 576F726B 		.ascii	"Workspace02\\Design01.cydsn\000"
 1600      73706163 
 1600      6530325C 
 1600      44657369 
 1600      676E3031 
 1601              	.LASF36:
 1602 0199 69737259 		.ascii	"isrYP_StartEx\000"
 1602      505F5374 
 1602      61727445 
 1602      7800
 1603              	.LASF46:
 1604 01a7 474E5520 		.ascii	"GNU C11 5.4.1 20160609 (release) [ARM/embedded-5-br"
 1604      43313120 
 1604      352E342E 
 1604      31203230 
 1604      31363036 
 1605 01da 616E6368 		.ascii	"anch revision 237715] -mcpu=cortex-m3 -mthumb -g -O"
 1605      20726576 
 1605      6973696F 
 1605      6E203233 
 1605      37373135 
 1606 020d 67202D66 		.ascii	"g -ffunction-sections -ffat-lto-objects\000"
 1606      66756E63 
 1606      74696F6E 
 1606      2D736563 
 1606      74696F6E 
 1607              	.LASF10:
 1608 0235 696E7433 		.ascii	"int32_t\000"
 1608      325F7400 
 1609              	.LASF39:
 1610 023d 55415254 		.ascii	"UART_PutChar\000"
 1610      5F507574 
 1610      43686172 
ARM GAS  C:\Users\Klukk-TP\AppData\Local\Temp\ccltcFnf.s 			page 33


 1610      00
 1611              	.LASF50:
 1612 024a 55415254 		.ascii	"UART_writeint\000"
 1612      5F777269 
 1612      7465696E 
 1612      7400
 1613              	.LASF6:
 1614 0258 6C6F6E67 		.ascii	"long long int\000"
 1614      206C6F6E 
 1614      6720696E 
 1614      7400
 1615              	.LASF15:
 1616 0266 73697A65 		.ascii	"sizetype\000"
 1616      74797065 
 1616      00
 1617              	.LASF47:
 1618 026f 6D61696E 		.ascii	"main.c\000"
 1618      2E6300
 1619              	.LASF13:
 1620 0276 63686172 		.ascii	"char\000"
 1620      00
 1621              	.LASF42:
 1622 027b 41315F57 		.ascii	"A1_Write\000"
 1622      72697465 
 1622      00
 1623              	.LASF27:
 1624 0284 55415254 		.ascii	"UART_GetChar\000"
 1624      5F476574 
 1624      43686172 
 1624      00
 1625              	.LASF2:
 1626 0291 73686F72 		.ascii	"short int\000"
 1626      7420696E 
 1626      7400
 1627              	.LASF34:
 1628 029b 69737258 		.ascii	"isrXP_StartEx\000"
 1628      505F5374 
 1628      61727445 
 1628      7800
 1629              	.LASF31:
 1630 02a9 50574D5F 		.ascii	"PWM_Start\000"
 1630      53746172 
 1630      7400
 1631              	.LASF49:
 1632 02b3 496E7465 		.ascii	"InterruptRX\000"
 1632      72727570 
 1632      74525800 
 1633              	.LASF4:
 1634 02bf 6C6F6E67 		.ascii	"long int\000"
 1634      20696E74 
 1634      00
 1635              	.LASF14:
 1636 02c8 6C6F6E67 		.ascii	"long double\000"
 1636      20646F75 
 1636      626C6500 
 1637              	.LASF26:
 1638 02d4 6461746F 		.ascii	"datoenviado\000"
ARM GAS  C:\Users\Klukk-TP\AppData\Local\Temp\ccltcFnf.s 			page 34


 1638      656E7669 
 1638      61646F00 
 1639              	.LASF12:
 1640 02e0 646F7562 		.ascii	"double\000"
 1640      6C6500
 1641              	.LASF29:
 1642 02e7 55415254 		.ascii	"UART_PutString\000"
 1642      5F507574 
 1642      53747269 
 1642      6E6700
 1643              	.LASF24:
 1644 02f6 70776D78 		.ascii	"pwmx\000"
 1644      00
 1645              	.LASF25:
 1646 02fb 70776D79 		.ascii	"pwmy\000"
 1646      00
 1647              	.LASF16:
 1648 0300 496E7465 		.ascii	"InterruptXP\000"
 1648      72727570 
 1648      74585000 
 1649              	.LASF52:
 1650 030c 6D61696E 		.ascii	"main\000"
 1650      00
 1651              		.ident	"GCC: (GNU Tools for ARM Embedded Processors) 5.4.1 20160609 (release) [ARM/embedded-5-bran
